<html>
<head>
<title>TestNG:  Test22</title>
<link href="../testng.css" rel="stylesheet" type="text/css" />
<link href="../my-testng.css" rel="stylesheet" type="text/css" />

<style type="text/css">
.log { display: none;} 
.stack-trace { display: none;} 
</style>
<script type="text/javascript">
<!--
function flip(e) {
  current = e.style.display;
  if (current == 'block') {
    e.style.display = 'none';
    return 0;
  }
  else {
    e.style.display = 'block';
    return 1;
  }
}

function toggleBox(szDivId, elem, msg1, msg2)
{
  var res = -1;  if (document.getElementById) {
    res = flip(document.getElementById(szDivId));
  }
  else if (document.all) {
    // this is the way old msie versions work
    res = flip(document.all[szDivId]);
  }
  if(elem) {
    if(res == 0) elem.innerHTML = msg1; else elem.innerHTML = msg2;
  }

}

function toggleAllBoxes() {
  if (document.getElementsByTagName) {
    d = document.getElementsByTagName('div');
    for (i = 0; i < d.length; i++) {
      if (d[i].className == 'log') {
        flip(d[i]);
      }
    }
  }
}

// -->
</script>

</head>
<body>
<h2 align='center'>Test22</h2><table border='1' align="center">
<tr>
<td>Tests passed/Failed/Skipped:</td><td>3/1/0</td>
</tr><tr>
<td>Started on:</td><td>Mon Jul 12 19:21:30 IST 2021</td>
</tr>
<tr><td>Total time:</td><td>43 seconds (43050 ms)</td>
</tr><tr>
<td>Included groups:</td><td></td>
</tr><tr>
<td>Excluded groups:</td><td></td>
</tr>
</table><p/>
<small><i>(Hover the method name to see the test class name)</i></small><p/>
<table width='100%' border='1' class='invocation-failed'>
<tr><td colspan='4' align='center'><b>FAILED TESTS</b></td></tr>
<tr><td><b>Test method</b></td>
<td width="30%"><b>Exception</b></td>
<td width="10%"><b>Time (seconds)</b></td>
<td><b>Instance</b></td>
</tr>
<tr>
<td title='Runner_Files.Headerpage_positive_scenarios_runner.runScenario()'><b>runScenario</b><br>Test class: Runner_Files.Headerpage_positive_scenarios_runner<br>Test method: Runs Cucumber Scenarios<br>Parameters: "Validate the navigation to the  profile page on clicking  Your profile tab", "Optional[Test header in home page positive functionality]"</td>
<td><div><pre>org.openqa.selenium.ElementClickInterceptedException: element click intercepted: Element &lt;img id=&quot;icon&quot; src=&quot;data:image/svg+xml;base64,PHN2ZyB4bWxucz0iaHR0cDovL3d3dy53My5vcmcvMjAwMC9zdmciIHdpZHRoPSIyMSIgaGVpZ2h0PSIyMSIgdmlld0JveD0iMCAwIDIxIDIxIj4KICAgIDxnIGZpbGw9Im5vbmUiIGZpbGwtcnVsZT0iZXZlbm9kZCI+CiAgICAgICAgPHBhdGggZD0iTTAgMGgyMXYyMUgweiIvPgogICAgICAgIDxwYXRoIGZpbGw9IiMwMDAiIGQ9Ik05LjY4MyAxNi4xNTZMMi40NyA4Ljk0NGEuODkuODkgMCAwIDEgMC0xLjI2bC44NC0uODRhLjg5Ljg5IDAgMCAxIDEuMjU5LS4wMDJsNS43NDMgNS43MTYgNS43NDItNS43MTZhLjg5Ljg5IDAgMCAxIDEuMjU4LjAwMmwuODQxLjg0YS44OS44OSAwIDAgMSAwIDEuMjZsLTcuMjEyIDcuMjEyYS44OS44OSAwIDAgMS0xLjI2IDB6IiBvcGFjaXR5PSIuNjk5Ii8+CiAgICA8L2c+Cjwvc3ZnPgo=&quot; class=&quot;jss38 jss37 jss43&quot;&gt; is not clickable at point (1321, 39). Other element would receive the click: &lt;div aria-hidden=&quot;true&quot; style=&quot;z-index: -1; position: fixed; inset: 0px; background-color: transparent; -webkit-tap-highlight-color: transparent;&quot;&gt;&lt;/div&gt;
  (Session info: chrome=91.0.4472.124)
Build info: version: &apos;3.12.0&apos;, revision: &apos;7c6e0b3&apos;, time: &apos;2018-05-08T14:04:26.12Z&apos;
System info: host: &apos;DESKTOP-496DOAJ&apos;, ip: &apos;192.168.28.229&apos;, os.name: &apos;Windows 10&apos;, os.arch: &apos;amd64&apos;, os.version: &apos;10.0&apos;, java.version: &apos;15.0.2&apos;
Driver info: org.openqa.selenium.chrome.ChromeDriver
Capabilities {acceptInsecureCerts: false, browserName: chrome, browserVersion: 91.0.4472.124, chrome: {chromedriverVersion: 91.0.4472.19 (1bf021f248676..., userDataDir: C:\Users\Admin\AppData\Loca...}, goog:chromeOptions: {debuggerAddress: localhost:58307}, javascriptEnabled: true, networkConnectionEnabled: false, pageLoadStrategy: normal, platform: WINDOWS, platformName: WINDOWS, proxy: Proxy(), setWindowRect: true, strictFileInteractability: false, timeouts: {implicit: 0, pageLoad: 300000, script: 30000}, unhandledPromptBehavior: dismiss and notify, webauthn:extension:largeBlob: true, webauthn:virtualAuthenticators: true}
Session ID: ab08ebc23121c309133b2d66f3d74fbe
	at org.openqa.selenium.remote.http.W3CHttpResponseCodec.createException(W3CHttpResponseCodec.java:187)
	at org.openqa.selenium.remote.http.W3CHttpResponseCodec.decode(W3CHttpResponseCodec.java:122)
	at org.openqa.selenium.remote.http.W3CHttpResponseCodec.decode(W3CHttpResponseCodec.java:49)
	at org.openqa.selenium.remote.HttpCommandExecutor.execute(HttpCommandExecutor.java:158)
	at org.openqa.selenium.remote.service.DriverCommandExecutor.execute(DriverCommandExecutor.java:83)
	at org.openqa.selenium.remote.RemoteWebDriver.execute(RemoteWebDriver.java:543)
	at org.openqa.selenium.remote.RemoteWebElement.execute(RemoteWebElement.java:276)
	at org.openqa.selenium.remote.RemoteWebElement.click(RemoteWebElement.java:83)
	at Reusable_Functions.Generic_function.click(Generic_function.java:290)
	at Headerpage_positive_scenarios.Headerpage_positive_scenarios.click_dropDown(Headerpage_positive_scenarios.java:109)
	at ?.Click on Drop down tab(file:///C:/Users/Admin/Downloads/mph-web-qa-automation/src/main/java/Headerpage_positive_scenarios/Headerpage_positive_scenarios.feature:22)
... Removed 5 stack frames</pre></div><a href='#' onClick='toggleBox("stack-trace1465572706", this, "Click to show all stack frames", "Click to hide stack frames")'>Click to show all stack frames</a>
<div class='stack-trace' id='stack-trace1465572706'><pre>org.openqa.selenium.ElementClickInterceptedException: element click intercepted: Element &lt;img id=&quot;icon&quot; src=&quot;data:image/svg+xml;base64,PHN2ZyB4bWxucz0iaHR0cDovL3d3dy53My5vcmcvMjAwMC9zdmciIHdpZHRoPSIyMSIgaGVpZ2h0PSIyMSIgdmlld0JveD0iMCAwIDIxIDIxIj4KICAgIDxnIGZpbGw9Im5vbmUiIGZpbGwtcnVsZT0iZXZlbm9kZCI+CiAgICAgICAgPHBhdGggZD0iTTAgMGgyMXYyMUgweiIvPgogICAgICAgIDxwYXRoIGZpbGw9IiMwMDAiIGQ9Ik05LjY4MyAxNi4xNTZMMi40NyA4Ljk0NGEuODkuODkgMCAwIDEgMC0xLjI2bC44NC0uODRhLjg5Ljg5IDAgMCAxIDEuMjU5LS4wMDJsNS43NDMgNS43MTYgNS43NDItNS43MTZhLjg5Ljg5IDAgMCAxIDEuMjU4LjAwMmwuODQxLjg0YS44OS44OSAwIDAgMSAwIDEuMjZsLTcuMjEyIDcuMjEyYS44OS44OSAwIDAgMS0xLjI2IDB6IiBvcGFjaXR5PSIuNjk5Ii8+CiAgICA8L2c+Cjwvc3ZnPgo=&quot; class=&quot;jss38 jss37 jss43&quot;&gt; is not clickable at point (1321, 39). Other element would receive the click: &lt;div aria-hidden=&quot;true&quot; style=&quot;z-index: -1; position: fixed; inset: 0px; background-color: transparent; -webkit-tap-highlight-color: transparent;&quot;&gt;&lt;/div&gt;
  (Session info: chrome=91.0.4472.124)
Build info: version: &apos;3.12.0&apos;, revision: &apos;7c6e0b3&apos;, time: &apos;2018-05-08T14:04:26.12Z&apos;
System info: host: &apos;DESKTOP-496DOAJ&apos;, ip: &apos;192.168.28.229&apos;, os.name: &apos;Windows 10&apos;, os.arch: &apos;amd64&apos;, os.version: &apos;10.0&apos;, java.version: &apos;15.0.2&apos;
Driver info: org.openqa.selenium.chrome.ChromeDriver
Capabilities {acceptInsecureCerts: false, browserName: chrome, browserVersion: 91.0.4472.124, chrome: {chromedriverVersion: 91.0.4472.19 (1bf021f248676..., userDataDir: C:\Users\Admin\AppData\Loca...}, goog:chromeOptions: {debuggerAddress: localhost:58307}, javascriptEnabled: true, networkConnectionEnabled: false, pageLoadStrategy: normal, platform: WINDOWS, platformName: WINDOWS, proxy: Proxy(), setWindowRect: true, strictFileInteractability: false, timeouts: {implicit: 0, pageLoad: 300000, script: 30000}, unhandledPromptBehavior: dismiss and notify, webauthn:extension:largeBlob: true, webauthn:virtualAuthenticators: true}
Session ID: ab08ebc23121c309133b2d66f3d74fbe
	at java.base/jdk.internal.reflect.NativeConstructorAccessorImpl.newInstance0(Native Method)
	at java.base/jdk.internal.reflect.NativeConstructorAccessorImpl.newInstance(NativeConstructorAccessorImpl.java:64)
	at java.base/jdk.internal.reflect.DelegatingConstructorAccessorImpl.newInstance(DelegatingConstructorAccessorImpl.java:45)
	at java.base/java.lang.reflect.Constructor.newInstanceWithCaller(Constructor.java:500)
	at java.base/java.lang.reflect.Constructor.newInstance(Constructor.java:481)
	at org.openqa.selenium.remote.http.W3CHttpResponseCodec.createException(W3CHttpResponseCodec.java:187)
	at org.openqa.selenium.remote.http.W3CHttpResponseCodec.decode(W3CHttpResponseCodec.java:122)
	at org.openqa.selenium.remote.http.W3CHttpResponseCodec.decode(W3CHttpResponseCodec.java:49)
	at org.openqa.selenium.remote.HttpCommandExecutor.execute(HttpCommandExecutor.java:158)
	at org.openqa.selenium.remote.service.DriverCommandExecutor.execute(DriverCommandExecutor.java:83)
	at org.openqa.selenium.remote.RemoteWebDriver.execute(RemoteWebDriver.java:543)
	at org.openqa.selenium.remote.RemoteWebElement.execute(RemoteWebElement.java:276)
	at org.openqa.selenium.remote.RemoteWebElement.click(RemoteWebElement.java:83)
	at Reusable_Functions.Generic_function.click(Generic_function.java:290)
	at Headerpage_positive_scenarios.Headerpage_positive_scenarios.click_dropDown(Headerpage_positive_scenarios.java:109)
	at ?.Click on Drop down tab(file:///C:/Users/Admin/Downloads/mph-web-qa-automation/src/main/java/Headerpage_positive_scenarios/Headerpage_positive_scenarios.feature:22)
</pre></div></td>
<td>1</td>
<td>Runner_Files.Headerpage_positive_scenarios_runner@568ff82</td></tr>
<tr>
<td title='Runner_Files.Headerpage_positive_scenarios_runner.runScenario()'><b>runScenario</b><br>Test class: Runner_Files.Headerpage_positive_scenarios_runner<br>Test method: Runs Cucumber Scenarios<br>Parameters: "Validate  the  navigation to the ratings dashboard page on clicking Your ratings tab", "Optional[Test header in home page positive functionality]"</td>
<td><div><pre>org.openqa.selenium.ElementClickInterceptedException: element click intercepted: Element &lt;img id=&quot;icon&quot; src=&quot;data:image/svg+xml;base64,PHN2ZyB4bWxucz0iaHR0cDovL3d3dy53My5vcmcvMjAwMC9zdmciIHdpZHRoPSIyMSIgaGVpZ2h0PSIyMSIgdmlld0JveD0iMCAwIDIxIDIxIj4KICAgIDxnIGZpbGw9Im5vbmUiIGZpbGwtcnVsZT0iZXZlbm9kZCI+CiAgICAgICAgPHBhdGggZD0iTTAgMGgyMXYyMUgweiIvPgogICAgICAgIDxwYXRoIGZpbGw9IiMwMDAiIGQ9Ik05LjY4MyAxNi4xNTZMMi40NyA4Ljk0NGEuODkuODkgMCAwIDEgMC0xLjI2bC44NC0uODRhLjg5Ljg5IDAgMCAxIDEuMjU5LS4wMDJsNS43NDMgNS43MTYgNS43NDItNS43MTZhLjg5Ljg5IDAgMCAxIDEuMjU4LjAwMmwuODQxLjg0YS44OS44OSAwIDAgMSAwIDEuMjZsLTcuMjEyIDcuMjEyYS44OS44OSAwIDAgMS0xLjI2IDB6IiBvcGFjaXR5PSIuNjk5Ii8+CiAgICA8L2c+Cjwvc3ZnPgo=&quot; class=&quot;jss38 jss37 jss43&quot;&gt; is not clickable at point (1321, 39). Other element would receive the click: &lt;div aria-hidden=&quot;true&quot; style=&quot;z-index: -1; position: fixed; inset: 0px; background-color: transparent; -webkit-tap-highlight-color: transparent;&quot;&gt;&lt;/div&gt;
  (Session info: chrome=91.0.4472.124)
Build info: version: &apos;3.12.0&apos;, revision: &apos;7c6e0b3&apos;, time: &apos;2018-05-08T14:04:26.12Z&apos;
System info: host: &apos;DESKTOP-496DOAJ&apos;, ip: &apos;192.168.28.229&apos;, os.name: &apos;Windows 10&apos;, os.arch: &apos;amd64&apos;, os.version: &apos;10.0&apos;, java.version: &apos;15.0.2&apos;
Driver info: org.openqa.selenium.chrome.ChromeDriver
Capabilities {acceptInsecureCerts: false, browserName: chrome, browserVersion: 91.0.4472.124, chrome: {chromedriverVersion: 91.0.4472.19 (1bf021f248676..., userDataDir: C:\Users\Admin\AppData\Loca...}, goog:chromeOptions: {debuggerAddress: localhost:58307}, javascriptEnabled: true, networkConnectionEnabled: false, pageLoadStrategy: normal, platform: WINDOWS, platformName: WINDOWS, proxy: Proxy(), setWindowRect: true, strictFileInteractability: false, timeouts: {implicit: 0, pageLoad: 300000, script: 30000}, unhandledPromptBehavior: dismiss and notify, webauthn:extension:largeBlob: true, webauthn:virtualAuthenticators: true}
Session ID: ab08ebc23121c309133b2d66f3d74fbe
	at org.openqa.selenium.remote.http.W3CHttpResponseCodec.createException(W3CHttpResponseCodec.java:187)
	at org.openqa.selenium.remote.http.W3CHttpResponseCodec.decode(W3CHttpResponseCodec.java:122)
	at org.openqa.selenium.remote.http.W3CHttpResponseCodec.decode(W3CHttpResponseCodec.java:49)
	at org.openqa.selenium.remote.HttpCommandExecutor.execute(HttpCommandExecutor.java:158)
	at org.openqa.selenium.remote.service.DriverCommandExecutor.execute(DriverCommandExecutor.java:83)
	at org.openqa.selenium.remote.RemoteWebDriver.execute(RemoteWebDriver.java:543)
	at org.openqa.selenium.remote.RemoteWebElement.execute(RemoteWebElement.java:276)
	at org.openqa.selenium.remote.RemoteWebElement.click(RemoteWebElement.java:83)
	at Reusable_Functions.Generic_function.click(Generic_function.java:290)
	at Headerpage_positive_scenarios.Headerpage_positive_scenarios.click_dropDown(Headerpage_positive_scenarios.java:109)
	at ?.Click on Drop down tab(file:///C:/Users/Admin/Downloads/mph-web-qa-automation/src/main/java/Headerpage_positive_scenarios/Headerpage_positive_scenarios.feature:27)
... Removed 5 stack frames</pre></div><a href='#' onClick='toggleBox("stack-trace845473524", this, "Click to show all stack frames", "Click to hide stack frames")'>Click to show all stack frames</a>
<div class='stack-trace' id='stack-trace845473524'><pre>org.openqa.selenium.ElementClickInterceptedException: element click intercepted: Element &lt;img id=&quot;icon&quot; src=&quot;data:image/svg+xml;base64,PHN2ZyB4bWxucz0iaHR0cDovL3d3dy53My5vcmcvMjAwMC9zdmciIHdpZHRoPSIyMSIgaGVpZ2h0PSIyMSIgdmlld0JveD0iMCAwIDIxIDIxIj4KICAgIDxnIGZpbGw9Im5vbmUiIGZpbGwtcnVsZT0iZXZlbm9kZCI+CiAgICAgICAgPHBhdGggZD0iTTAgMGgyMXYyMUgweiIvPgogICAgICAgIDxwYXRoIGZpbGw9IiMwMDAiIGQ9Ik05LjY4MyAxNi4xNTZMMi40NyA4Ljk0NGEuODkuODkgMCAwIDEgMC0xLjI2bC44NC0uODRhLjg5Ljg5IDAgMCAxIDEuMjU5LS4wMDJsNS43NDMgNS43MTYgNS43NDItNS43MTZhLjg5Ljg5IDAgMCAxIDEuMjU4LjAwMmwuODQxLjg0YS44OS44OSAwIDAgMSAwIDEuMjZsLTcuMjEyIDcuMjEyYS44OS44OSAwIDAgMS0xLjI2IDB6IiBvcGFjaXR5PSIuNjk5Ii8+CiAgICA8L2c+Cjwvc3ZnPgo=&quot; class=&quot;jss38 jss37 jss43&quot;&gt; is not clickable at point (1321, 39). Other element would receive the click: &lt;div aria-hidden=&quot;true&quot; style=&quot;z-index: -1; position: fixed; inset: 0px; background-color: transparent; -webkit-tap-highlight-color: transparent;&quot;&gt;&lt;/div&gt;
  (Session info: chrome=91.0.4472.124)
Build info: version: &apos;3.12.0&apos;, revision: &apos;7c6e0b3&apos;, time: &apos;2018-05-08T14:04:26.12Z&apos;
System info: host: &apos;DESKTOP-496DOAJ&apos;, ip: &apos;192.168.28.229&apos;, os.name: &apos;Windows 10&apos;, os.arch: &apos;amd64&apos;, os.version: &apos;10.0&apos;, java.version: &apos;15.0.2&apos;
Driver info: org.openqa.selenium.chrome.ChromeDriver
Capabilities {acceptInsecureCerts: false, browserName: chrome, browserVersion: 91.0.4472.124, chrome: {chromedriverVersion: 91.0.4472.19 (1bf021f248676..., userDataDir: C:\Users\Admin\AppData\Loca...}, goog:chromeOptions: {debuggerAddress: localhost:58307}, javascriptEnabled: true, networkConnectionEnabled: false, pageLoadStrategy: normal, platform: WINDOWS, platformName: WINDOWS, proxy: Proxy(), setWindowRect: true, strictFileInteractability: false, timeouts: {implicit: 0, pageLoad: 300000, script: 30000}, unhandledPromptBehavior: dismiss and notify, webauthn:extension:largeBlob: true, webauthn:virtualAuthenticators: true}
Session ID: ab08ebc23121c309133b2d66f3d74fbe
	at java.base/jdk.internal.reflect.NativeConstructorAccessorImpl.newInstance0(Native Method)
	at java.base/jdk.internal.reflect.NativeConstructorAccessorImpl.newInstance(NativeConstructorAccessorImpl.java:64)
	at java.base/jdk.internal.reflect.DelegatingConstructorAccessorImpl.newInstance(DelegatingConstructorAccessorImpl.java:45)
	at java.base/java.lang.reflect.Constructor.newInstanceWithCaller(Constructor.java:500)
	at java.base/java.lang.reflect.Constructor.newInstance(Constructor.java:481)
	at org.openqa.selenium.remote.http.W3CHttpResponseCodec.createException(W3CHttpResponseCodec.java:187)
	at org.openqa.selenium.remote.http.W3CHttpResponseCodec.decode(W3CHttpResponseCodec.java:122)
	at org.openqa.selenium.remote.http.W3CHttpResponseCodec.decode(W3CHttpResponseCodec.java:49)
	at org.openqa.selenium.remote.HttpCommandExecutor.execute(HttpCommandExecutor.java:158)
	at org.openqa.selenium.remote.service.DriverCommandExecutor.execute(DriverCommandExecutor.java:83)
	at org.openqa.selenium.remote.RemoteWebDriver.execute(RemoteWebDriver.java:543)
	at org.openqa.selenium.remote.RemoteWebElement.execute(RemoteWebElement.java:276)
	at org.openqa.selenium.remote.RemoteWebElement.click(RemoteWebElement.java:83)
	at Reusable_Functions.Generic_function.click(Generic_function.java:290)
	at Headerpage_positive_scenarios.Headerpage_positive_scenarios.click_dropDown(Headerpage_positive_scenarios.java:109)
	at ?.Click on Drop down tab(file:///C:/Users/Admin/Downloads/mph-web-qa-automation/src/main/java/Headerpage_positive_scenarios/Headerpage_positive_scenarios.feature:27)
</pre></div></td>
<td>1</td>
<td>Runner_Files.Headerpage_positive_scenarios_runner@568ff82</td></tr>
<tr>
<td title='Runner_Files.Headerpage_positive_scenarios_runner.runScenario()'><b>runScenario</b><br>Test class: Runner_Files.Headerpage_positive_scenarios_runner<br>Test method: Runs Cucumber Scenarios<br>Parameters: "Validate the user navigation to the Feedback Port   page  on clicking Feedback", "Optional[Test header in home page positive functionality]"</td>
<td><div><pre>org.openqa.selenium.ElementClickInterceptedException: element click intercepted: Element &lt;img id=&quot;icon&quot; src=&quot;data:image/svg+xml;base64,PHN2ZyB4bWxucz0iaHR0cDovL3d3dy53My5vcmcvMjAwMC9zdmciIHdpZHRoPSIyMSIgaGVpZ2h0PSIyMSIgdmlld0JveD0iMCAwIDIxIDIxIj4KICAgIDxnIGZpbGw9Im5vbmUiIGZpbGwtcnVsZT0iZXZlbm9kZCI+CiAgICAgICAgPHBhdGggZD0iTTAgMGgyMXYyMUgweiIvPgogICAgICAgIDxwYXRoIGZpbGw9IiMwMDAiIGQ9Ik05LjY4MyAxNi4xNTZMMi40NyA4Ljk0NGEuODkuODkgMCAwIDEgMC0xLjI2bC44NC0uODRhLjg5Ljg5IDAgMCAxIDEuMjU5LS4wMDJsNS43NDMgNS43MTYgNS43NDItNS43MTZhLjg5Ljg5IDAgMCAxIDEuMjU4LjAwMmwuODQxLjg0YS44OS44OSAwIDAgMSAwIDEuMjZsLTcuMjEyIDcuMjEyYS44OS44OSAwIDAgMS0xLjI2IDB6IiBvcGFjaXR5PSIuNjk5Ii8+CiAgICA8L2c+Cjwvc3ZnPgo=&quot; class=&quot;jss38 jss37 jss43&quot;&gt; is not clickable at point (1321, 39). Other element would receive the click: &lt;div aria-hidden=&quot;true&quot; style=&quot;z-index: -1; position: fixed; inset: 0px; background-color: transparent; -webkit-tap-highlight-color: transparent;&quot;&gt;&lt;/div&gt;
  (Session info: chrome=91.0.4472.124)
Build info: version: &apos;3.12.0&apos;, revision: &apos;7c6e0b3&apos;, time: &apos;2018-05-08T14:04:26.12Z&apos;
System info: host: &apos;DESKTOP-496DOAJ&apos;, ip: &apos;192.168.28.229&apos;, os.name: &apos;Windows 10&apos;, os.arch: &apos;amd64&apos;, os.version: &apos;10.0&apos;, java.version: &apos;15.0.2&apos;
Driver info: org.openqa.selenium.chrome.ChromeDriver
Capabilities {acceptInsecureCerts: false, browserName: chrome, browserVersion: 91.0.4472.124, chrome: {chromedriverVersion: 91.0.4472.19 (1bf021f248676..., userDataDir: C:\Users\Admin\AppData\Loca...}, goog:chromeOptions: {debuggerAddress: localhost:58307}, javascriptEnabled: true, networkConnectionEnabled: false, pageLoadStrategy: normal, platform: WINDOWS, platformName: WINDOWS, proxy: Proxy(), setWindowRect: true, strictFileInteractability: false, timeouts: {implicit: 0, pageLoad: 300000, script: 30000}, unhandledPromptBehavior: dismiss and notify, webauthn:extension:largeBlob: true, webauthn:virtualAuthenticators: true}
Session ID: ab08ebc23121c309133b2d66f3d74fbe
	at org.openqa.selenium.remote.http.W3CHttpResponseCodec.createException(W3CHttpResponseCodec.java:187)
	at org.openqa.selenium.remote.http.W3CHttpResponseCodec.decode(W3CHttpResponseCodec.java:122)
	at org.openqa.selenium.remote.http.W3CHttpResponseCodec.decode(W3CHttpResponseCodec.java:49)
	at org.openqa.selenium.remote.HttpCommandExecutor.execute(HttpCommandExecutor.java:158)
	at org.openqa.selenium.remote.service.DriverCommandExecutor.execute(DriverCommandExecutor.java:83)
	at org.openqa.selenium.remote.RemoteWebDriver.execute(RemoteWebDriver.java:543)
	at org.openqa.selenium.remote.RemoteWebElement.execute(RemoteWebElement.java:276)
	at org.openqa.selenium.remote.RemoteWebElement.click(RemoteWebElement.java:83)
	at Reusable_Functions.Generic_function.click(Generic_function.java:290)
	at Headerpage_positive_scenarios.Headerpage_positive_scenarios.click_dropDown(Headerpage_positive_scenarios.java:109)
	at ?.Click on Drop down tab(file:///C:/Users/Admin/Downloads/mph-web-qa-automation/src/main/java/Headerpage_positive_scenarios/Headerpage_positive_scenarios.feature:32)
... Removed 5 stack frames</pre></div><a href='#' onClick='toggleBox("stack-trace665336401", this, "Click to show all stack frames", "Click to hide stack frames")'>Click to show all stack frames</a>
<div class='stack-trace' id='stack-trace665336401'><pre>org.openqa.selenium.ElementClickInterceptedException: element click intercepted: Element &lt;img id=&quot;icon&quot; src=&quot;data:image/svg+xml;base64,PHN2ZyB4bWxucz0iaHR0cDovL3d3dy53My5vcmcvMjAwMC9zdmciIHdpZHRoPSIyMSIgaGVpZ2h0PSIyMSIgdmlld0JveD0iMCAwIDIxIDIxIj4KICAgIDxnIGZpbGw9Im5vbmUiIGZpbGwtcnVsZT0iZXZlbm9kZCI+CiAgICAgICAgPHBhdGggZD0iTTAgMGgyMXYyMUgweiIvPgogICAgICAgIDxwYXRoIGZpbGw9IiMwMDAiIGQ9Ik05LjY4MyAxNi4xNTZMMi40NyA4Ljk0NGEuODkuODkgMCAwIDEgMC0xLjI2bC44NC0uODRhLjg5Ljg5IDAgMCAxIDEuMjU5LS4wMDJsNS43NDMgNS43MTYgNS43NDItNS43MTZhLjg5Ljg5IDAgMCAxIDEuMjU4LjAwMmwuODQxLjg0YS44OS44OSAwIDAgMSAwIDEuMjZsLTcuMjEyIDcuMjEyYS44OS44OSAwIDAgMS0xLjI2IDB6IiBvcGFjaXR5PSIuNjk5Ii8+CiAgICA8L2c+Cjwvc3ZnPgo=&quot; class=&quot;jss38 jss37 jss43&quot;&gt; is not clickable at point (1321, 39). Other element would receive the click: &lt;div aria-hidden=&quot;true&quot; style=&quot;z-index: -1; position: fixed; inset: 0px; background-color: transparent; -webkit-tap-highlight-color: transparent;&quot;&gt;&lt;/div&gt;
  (Session info: chrome=91.0.4472.124)
Build info: version: &apos;3.12.0&apos;, revision: &apos;7c6e0b3&apos;, time: &apos;2018-05-08T14:04:26.12Z&apos;
System info: host: &apos;DESKTOP-496DOAJ&apos;, ip: &apos;192.168.28.229&apos;, os.name: &apos;Windows 10&apos;, os.arch: &apos;amd64&apos;, os.version: &apos;10.0&apos;, java.version: &apos;15.0.2&apos;
Driver info: org.openqa.selenium.chrome.ChromeDriver
Capabilities {acceptInsecureCerts: false, browserName: chrome, browserVersion: 91.0.4472.124, chrome: {chromedriverVersion: 91.0.4472.19 (1bf021f248676..., userDataDir: C:\Users\Admin\AppData\Loca...}, goog:chromeOptions: {debuggerAddress: localhost:58307}, javascriptEnabled: true, networkConnectionEnabled: false, pageLoadStrategy: normal, platform: WINDOWS, platformName: WINDOWS, proxy: Proxy(), setWindowRect: true, strictFileInteractability: false, timeouts: {implicit: 0, pageLoad: 300000, script: 30000}, unhandledPromptBehavior: dismiss and notify, webauthn:extension:largeBlob: true, webauthn:virtualAuthenticators: true}
Session ID: ab08ebc23121c309133b2d66f3d74fbe
	at java.base/jdk.internal.reflect.NativeConstructorAccessorImpl.newInstance0(Native Method)
	at java.base/jdk.internal.reflect.NativeConstructorAccessorImpl.newInstance(NativeConstructorAccessorImpl.java:64)
	at java.base/jdk.internal.reflect.DelegatingConstructorAccessorImpl.newInstance(DelegatingConstructorAccessorImpl.java:45)
	at java.base/java.lang.reflect.Constructor.newInstanceWithCaller(Constructor.java:500)
	at java.base/java.lang.reflect.Constructor.newInstance(Constructor.java:481)
	at org.openqa.selenium.remote.http.W3CHttpResponseCodec.createException(W3CHttpResponseCodec.java:187)
	at org.openqa.selenium.remote.http.W3CHttpResponseCodec.decode(W3CHttpResponseCodec.java:122)
	at org.openqa.selenium.remote.http.W3CHttpResponseCodec.decode(W3CHttpResponseCodec.java:49)
	at org.openqa.selenium.remote.HttpCommandExecutor.execute(HttpCommandExecutor.java:158)
	at org.openqa.selenium.remote.service.DriverCommandExecutor.execute(DriverCommandExecutor.java:83)
	at org.openqa.selenium.remote.RemoteWebDriver.execute(RemoteWebDriver.java:543)
	at org.openqa.selenium.remote.RemoteWebElement.execute(RemoteWebElement.java:276)
	at org.openqa.selenium.remote.RemoteWebElement.click(RemoteWebElement.java:83)
	at Reusable_Functions.Generic_function.click(Generic_function.java:290)
	at Headerpage_positive_scenarios.Headerpage_positive_scenarios.click_dropDown(Headerpage_positive_scenarios.java:109)
	at ?.Click on Drop down tab(file:///C:/Users/Admin/Downloads/mph-web-qa-automation/src/main/java/Headerpage_positive_scenarios/Headerpage_positive_scenarios.feature:32)
</pre></div></td>
<td>1</td>
<td>Runner_Files.Headerpage_positive_scenarios_runner@568ff82</td></tr>
<tr>
<td title='Runner_Files.Headerpage_positive_scenarios_runner.runScenario()'><b>runScenario</b><br>Test class: Runner_Files.Headerpage_positive_scenarios_runner<br>Test method: Runs Cucumber Scenarios<br>Parameters: "Validate  the navigation to the Contact Us page  on clicking  Contact us", "Optional[Test header in home page positive functionality]"</td>
<td><div><pre>org.openqa.selenium.ElementClickInterceptedException: element click intercepted: Element &lt;img id=&quot;icon&quot; src=&quot;data:image/svg+xml;base64,PHN2ZyB4bWxucz0iaHR0cDovL3d3dy53My5vcmcvMjAwMC9zdmciIHdpZHRoPSIyMSIgaGVpZ2h0PSIyMSIgdmlld0JveD0iMCAwIDIxIDIxIj4KICAgIDxnIGZpbGw9Im5vbmUiIGZpbGwtcnVsZT0iZXZlbm9kZCI+CiAgICAgICAgPHBhdGggZD0iTTAgMGgyMXYyMUgweiIvPgogICAgICAgIDxwYXRoIGZpbGw9IiMwMDAiIGQ9Ik05LjY4MyAxNi4xNTZMMi40NyA4Ljk0NGEuODkuODkgMCAwIDEgMC0xLjI2bC44NC0uODRhLjg5Ljg5IDAgMCAxIDEuMjU5LS4wMDJsNS43NDMgNS43MTYgNS43NDItNS43MTZhLjg5Ljg5IDAgMCAxIDEuMjU4LjAwMmwuODQxLjg0YS44OS44OSAwIDAgMSAwIDEuMjZsLTcuMjEyIDcuMjEyYS44OS44OSAwIDAgMS0xLjI2IDB6IiBvcGFjaXR5PSIuNjk5Ii8+CiAgICA8L2c+Cjwvc3ZnPgo=&quot; class=&quot;jss38 jss37 jss43&quot;&gt; is not clickable at point (1321, 39). Other element would receive the click: &lt;div aria-hidden=&quot;true&quot; style=&quot;z-index: -1; position: fixed; inset: 0px; background-color: transparent; -webkit-tap-highlight-color: transparent;&quot;&gt;&lt;/div&gt;
  (Session info: chrome=91.0.4472.124)
Build info: version: &apos;3.12.0&apos;, revision: &apos;7c6e0b3&apos;, time: &apos;2018-05-08T14:04:26.12Z&apos;
System info: host: &apos;DESKTOP-496DOAJ&apos;, ip: &apos;192.168.28.229&apos;, os.name: &apos;Windows 10&apos;, os.arch: &apos;amd64&apos;, os.version: &apos;10.0&apos;, java.version: &apos;15.0.2&apos;
Driver info: org.openqa.selenium.chrome.ChromeDriver
Capabilities {acceptInsecureCerts: false, browserName: chrome, browserVersion: 91.0.4472.124, chrome: {chromedriverVersion: 91.0.4472.19 (1bf021f248676..., userDataDir: C:\Users\Admin\AppData\Loca...}, goog:chromeOptions: {debuggerAddress: localhost:58307}, javascriptEnabled: true, networkConnectionEnabled: false, pageLoadStrategy: normal, platform: WINDOWS, platformName: WINDOWS, proxy: Proxy(), setWindowRect: true, strictFileInteractability: false, timeouts: {implicit: 0, pageLoad: 300000, script: 30000}, unhandledPromptBehavior: dismiss and notify, webauthn:extension:largeBlob: true, webauthn:virtualAuthenticators: true}
Session ID: ab08ebc23121c309133b2d66f3d74fbe
	at org.openqa.selenium.remote.http.W3CHttpResponseCodec.createException(W3CHttpResponseCodec.java:187)
	at org.openqa.selenium.remote.http.W3CHttpResponseCodec.decode(W3CHttpResponseCodec.java:122)
	at org.openqa.selenium.remote.http.W3CHttpResponseCodec.decode(W3CHttpResponseCodec.java:49)
	at org.openqa.selenium.remote.HttpCommandExecutor.execute(HttpCommandExecutor.java:158)
	at org.openqa.selenium.remote.service.DriverCommandExecutor.execute(DriverCommandExecutor.java:83)
	at org.openqa.selenium.remote.RemoteWebDriver.execute(RemoteWebDriver.java:543)
	at org.openqa.selenium.remote.RemoteWebElement.execute(RemoteWebElement.java:276)
	at org.openqa.selenium.remote.RemoteWebElement.click(RemoteWebElement.java:83)
	at Reusable_Functions.Generic_function.click(Generic_function.java:290)
	at Headerpage_positive_scenarios.Headerpage_positive_scenarios.click_dropDown(Headerpage_positive_scenarios.java:109)
	at ?.Click on Drop down tab(file:///C:/Users/Admin/Downloads/mph-web-qa-automation/src/main/java/Headerpage_positive_scenarios/Headerpage_positive_scenarios.feature:37)
... Removed 5 stack frames</pre></div><a href='#' onClick='toggleBox("stack-trace457846299", this, "Click to show all stack frames", "Click to hide stack frames")'>Click to show all stack frames</a>
<div class='stack-trace' id='stack-trace457846299'><pre>org.openqa.selenium.ElementClickInterceptedException: element click intercepted: Element &lt;img id=&quot;icon&quot; src=&quot;data:image/svg+xml;base64,PHN2ZyB4bWxucz0iaHR0cDovL3d3dy53My5vcmcvMjAwMC9zdmciIHdpZHRoPSIyMSIgaGVpZ2h0PSIyMSIgdmlld0JveD0iMCAwIDIxIDIxIj4KICAgIDxnIGZpbGw9Im5vbmUiIGZpbGwtcnVsZT0iZXZlbm9kZCI+CiAgICAgICAgPHBhdGggZD0iTTAgMGgyMXYyMUgweiIvPgogICAgICAgIDxwYXRoIGZpbGw9IiMwMDAiIGQ9Ik05LjY4MyAxNi4xNTZMMi40NyA4Ljk0NGEuODkuODkgMCAwIDEgMC0xLjI2bC44NC0uODRhLjg5Ljg5IDAgMCAxIDEuMjU5LS4wMDJsNS43NDMgNS43MTYgNS43NDItNS43MTZhLjg5Ljg5IDAgMCAxIDEuMjU4LjAwMmwuODQxLjg0YS44OS44OSAwIDAgMSAwIDEuMjZsLTcuMjEyIDcuMjEyYS44OS44OSAwIDAgMS0xLjI2IDB6IiBvcGFjaXR5PSIuNjk5Ii8+CiAgICA8L2c+Cjwvc3ZnPgo=&quot; class=&quot;jss38 jss37 jss43&quot;&gt; is not clickable at point (1321, 39). Other element would receive the click: &lt;div aria-hidden=&quot;true&quot; style=&quot;z-index: -1; position: fixed; inset: 0px; background-color: transparent; -webkit-tap-highlight-color: transparent;&quot;&gt;&lt;/div&gt;
  (Session info: chrome=91.0.4472.124)
Build info: version: &apos;3.12.0&apos;, revision: &apos;7c6e0b3&apos;, time: &apos;2018-05-08T14:04:26.12Z&apos;
System info: host: &apos;DESKTOP-496DOAJ&apos;, ip: &apos;192.168.28.229&apos;, os.name: &apos;Windows 10&apos;, os.arch: &apos;amd64&apos;, os.version: &apos;10.0&apos;, java.version: &apos;15.0.2&apos;
Driver info: org.openqa.selenium.chrome.ChromeDriver
Capabilities {acceptInsecureCerts: false, browserName: chrome, browserVersion: 91.0.4472.124, chrome: {chromedriverVersion: 91.0.4472.19 (1bf021f248676..., userDataDir: C:\Users\Admin\AppData\Loca...}, goog:chromeOptions: {debuggerAddress: localhost:58307}, javascriptEnabled: true, networkConnectionEnabled: false, pageLoadStrategy: normal, platform: WINDOWS, platformName: WINDOWS, proxy: Proxy(), setWindowRect: true, strictFileInteractability: false, timeouts: {implicit: 0, pageLoad: 300000, script: 30000}, unhandledPromptBehavior: dismiss and notify, webauthn:extension:largeBlob: true, webauthn:virtualAuthenticators: true}
Session ID: ab08ebc23121c309133b2d66f3d74fbe
	at java.base/jdk.internal.reflect.NativeConstructorAccessorImpl.newInstance0(Native Method)
	at java.base/jdk.internal.reflect.NativeConstructorAccessorImpl.newInstance(NativeConstructorAccessorImpl.java:64)
	at java.base/jdk.internal.reflect.DelegatingConstructorAccessorImpl.newInstance(DelegatingConstructorAccessorImpl.java:45)
	at java.base/java.lang.reflect.Constructor.newInstanceWithCaller(Constructor.java:500)
	at java.base/java.lang.reflect.Constructor.newInstance(Constructor.java:481)
	at org.openqa.selenium.remote.http.W3CHttpResponseCodec.createException(W3CHttpResponseCodec.java:187)
	at org.openqa.selenium.remote.http.W3CHttpResponseCodec.decode(W3CHttpResponseCodec.java:122)
	at org.openqa.selenium.remote.http.W3CHttpResponseCodec.decode(W3CHttpResponseCodec.java:49)
	at org.openqa.selenium.remote.HttpCommandExecutor.execute(HttpCommandExecutor.java:158)
	at org.openqa.selenium.remote.service.DriverCommandExecutor.execute(DriverCommandExecutor.java:83)
	at org.openqa.selenium.remote.RemoteWebDriver.execute(RemoteWebDriver.java:543)
	at org.openqa.selenium.remote.RemoteWebElement.execute(RemoteWebElement.java:276)
	at org.openqa.selenium.remote.RemoteWebElement.click(RemoteWebElement.java:83)
	at Reusable_Functions.Generic_function.click(Generic_function.java:290)
	at Headerpage_positive_scenarios.Headerpage_positive_scenarios.click_dropDown(Headerpage_positive_scenarios.java:109)
	at ?.Click on Drop down tab(file:///C:/Users/Admin/Downloads/mph-web-qa-automation/src/main/java/Headerpage_positive_scenarios/Headerpage_positive_scenarios.feature:37)
</pre></div></td>
<td>1</td>
<td>Runner_Files.Headerpage_positive_scenarios_runner@568ff82</td></tr>
<tr>
<td title='Runner_Files.Headerpage_positive_scenarios_runner.runScenario()'><b>runScenario</b><br>Test class: Runner_Files.Headerpage_positive_scenarios_runner<br>Test method: Runs Cucumber Scenarios<br>Parameters: "Validate the  Privacy Policy dialogue box on clicking on the Privacy Policy", "Optional[Test header in home page positive functionality]"</td>
<td><div><pre>org.openqa.selenium.ElementClickInterceptedException: element click intercepted: Element &lt;img id=&quot;icon&quot; src=&quot;data:image/svg+xml;base64,PHN2ZyB4bWxucz0iaHR0cDovL3d3dy53My5vcmcvMjAwMC9zdmciIHdpZHRoPSIyMSIgaGVpZ2h0PSIyMSIgdmlld0JveD0iMCAwIDIxIDIxIj4KICAgIDxnIGZpbGw9Im5vbmUiIGZpbGwtcnVsZT0iZXZlbm9kZCI+CiAgICAgICAgPHBhdGggZD0iTTAgMGgyMXYyMUgweiIvPgogICAgICAgIDxwYXRoIGZpbGw9IiMwMDAiIGQ9Ik05LjY4MyAxNi4xNTZMMi40NyA4Ljk0NGEuODkuODkgMCAwIDEgMC0xLjI2bC44NC0uODRhLjg5Ljg5IDAgMCAxIDEuMjU5LS4wMDJsNS43NDMgNS43MTYgNS43NDItNS43MTZhLjg5Ljg5IDAgMCAxIDEuMjU4LjAwMmwuODQxLjg0YS44OS44OSAwIDAgMSAwIDEuMjZsLTcuMjEyIDcuMjEyYS44OS44OSAwIDAgMS0xLjI2IDB6IiBvcGFjaXR5PSIuNjk5Ii8+CiAgICA8L2c+Cjwvc3ZnPgo=&quot; class=&quot;jss38 jss37 jss43&quot;&gt; is not clickable at point (1321, 39). Other element would receive the click: &lt;div aria-hidden=&quot;true&quot; style=&quot;z-index: -1; position: fixed; inset: 0px; background-color: transparent; -webkit-tap-highlight-color: transparent;&quot;&gt;&lt;/div&gt;
  (Session info: chrome=91.0.4472.124)
Build info: version: &apos;3.12.0&apos;, revision: &apos;7c6e0b3&apos;, time: &apos;2018-05-08T14:04:26.12Z&apos;
System info: host: &apos;DESKTOP-496DOAJ&apos;, ip: &apos;192.168.28.229&apos;, os.name: &apos;Windows 10&apos;, os.arch: &apos;amd64&apos;, os.version: &apos;10.0&apos;, java.version: &apos;15.0.2&apos;
Driver info: org.openqa.selenium.chrome.ChromeDriver
Capabilities {acceptInsecureCerts: false, browserName: chrome, browserVersion: 91.0.4472.124, chrome: {chromedriverVersion: 91.0.4472.19 (1bf021f248676..., userDataDir: C:\Users\Admin\AppData\Loca...}, goog:chromeOptions: {debuggerAddress: localhost:58307}, javascriptEnabled: true, networkConnectionEnabled: false, pageLoadStrategy: normal, platform: WINDOWS, platformName: WINDOWS, proxy: Proxy(), setWindowRect: true, strictFileInteractability: false, timeouts: {implicit: 0, pageLoad: 300000, script: 30000}, unhandledPromptBehavior: dismiss and notify, webauthn:extension:largeBlob: true, webauthn:virtualAuthenticators: true}
Session ID: ab08ebc23121c309133b2d66f3d74fbe
	at org.openqa.selenium.remote.http.W3CHttpResponseCodec.createException(W3CHttpResponseCodec.java:187)
	at org.openqa.selenium.remote.http.W3CHttpResponseCodec.decode(W3CHttpResponseCodec.java:122)
	at org.openqa.selenium.remote.http.W3CHttpResponseCodec.decode(W3CHttpResponseCodec.java:49)
	at org.openqa.selenium.remote.HttpCommandExecutor.execute(HttpCommandExecutor.java:158)
	at org.openqa.selenium.remote.service.DriverCommandExecutor.execute(DriverCommandExecutor.java:83)
	at org.openqa.selenium.remote.RemoteWebDriver.execute(RemoteWebDriver.java:543)
	at org.openqa.selenium.remote.RemoteWebElement.execute(RemoteWebElement.java:276)
	at org.openqa.selenium.remote.RemoteWebElement.click(RemoteWebElement.java:83)
	at Reusable_Functions.Generic_function.click(Generic_function.java:290)
	at Headerpage_positive_scenarios.Headerpage_positive_scenarios.click_dropDown(Headerpage_positive_scenarios.java:109)
	at ?.Click on Drop down tab(file:///C:/Users/Admin/Downloads/mph-web-qa-automation/src/main/java/Headerpage_positive_scenarios/Headerpage_positive_scenarios.feature:42)
... Removed 5 stack frames</pre></div><a href='#' onClick='toggleBox("stack-trace1810132352", this, "Click to show all stack frames", "Click to hide stack frames")'>Click to show all stack frames</a>
<div class='stack-trace' id='stack-trace1810132352'><pre>org.openqa.selenium.ElementClickInterceptedException: element click intercepted: Element &lt;img id=&quot;icon&quot; src=&quot;data:image/svg+xml;base64,PHN2ZyB4bWxucz0iaHR0cDovL3d3dy53My5vcmcvMjAwMC9zdmciIHdpZHRoPSIyMSIgaGVpZ2h0PSIyMSIgdmlld0JveD0iMCAwIDIxIDIxIj4KICAgIDxnIGZpbGw9Im5vbmUiIGZpbGwtcnVsZT0iZXZlbm9kZCI+CiAgICAgICAgPHBhdGggZD0iTTAgMGgyMXYyMUgweiIvPgogICAgICAgIDxwYXRoIGZpbGw9IiMwMDAiIGQ9Ik05LjY4MyAxNi4xNTZMMi40NyA4Ljk0NGEuODkuODkgMCAwIDEgMC0xLjI2bC44NC0uODRhLjg5Ljg5IDAgMCAxIDEuMjU5LS4wMDJsNS43NDMgNS43MTYgNS43NDItNS43MTZhLjg5Ljg5IDAgMCAxIDEuMjU4LjAwMmwuODQxLjg0YS44OS44OSAwIDAgMSAwIDEuMjZsLTcuMjEyIDcuMjEyYS44OS44OSAwIDAgMS0xLjI2IDB6IiBvcGFjaXR5PSIuNjk5Ii8+CiAgICA8L2c+Cjwvc3ZnPgo=&quot; class=&quot;jss38 jss37 jss43&quot;&gt; is not clickable at point (1321, 39). Other element would receive the click: &lt;div aria-hidden=&quot;true&quot; style=&quot;z-index: -1; position: fixed; inset: 0px; background-color: transparent; -webkit-tap-highlight-color: transparent;&quot;&gt;&lt;/div&gt;
  (Session info: chrome=91.0.4472.124)
Build info: version: &apos;3.12.0&apos;, revision: &apos;7c6e0b3&apos;, time: &apos;2018-05-08T14:04:26.12Z&apos;
System info: host: &apos;DESKTOP-496DOAJ&apos;, ip: &apos;192.168.28.229&apos;, os.name: &apos;Windows 10&apos;, os.arch: &apos;amd64&apos;, os.version: &apos;10.0&apos;, java.version: &apos;15.0.2&apos;
Driver info: org.openqa.selenium.chrome.ChromeDriver
Capabilities {acceptInsecureCerts: false, browserName: chrome, browserVersion: 91.0.4472.124, chrome: {chromedriverVersion: 91.0.4472.19 (1bf021f248676..., userDataDir: C:\Users\Admin\AppData\Loca...}, goog:chromeOptions: {debuggerAddress: localhost:58307}, javascriptEnabled: true, networkConnectionEnabled: false, pageLoadStrategy: normal, platform: WINDOWS, platformName: WINDOWS, proxy: Proxy(), setWindowRect: true, strictFileInteractability: false, timeouts: {implicit: 0, pageLoad: 300000, script: 30000}, unhandledPromptBehavior: dismiss and notify, webauthn:extension:largeBlob: true, webauthn:virtualAuthenticators: true}
Session ID: ab08ebc23121c309133b2d66f3d74fbe
	at java.base/jdk.internal.reflect.NativeConstructorAccessorImpl.newInstance0(Native Method)
	at java.base/jdk.internal.reflect.NativeConstructorAccessorImpl.newInstance(NativeConstructorAccessorImpl.java:64)
	at java.base/jdk.internal.reflect.DelegatingConstructorAccessorImpl.newInstance(DelegatingConstructorAccessorImpl.java:45)
	at java.base/java.lang.reflect.Constructor.newInstanceWithCaller(Constructor.java:500)
	at java.base/java.lang.reflect.Constructor.newInstance(Constructor.java:481)
	at org.openqa.selenium.remote.http.W3CHttpResponseCodec.createException(W3CHttpResponseCodec.java:187)
	at org.openqa.selenium.remote.http.W3CHttpResponseCodec.decode(W3CHttpResponseCodec.java:122)
	at org.openqa.selenium.remote.http.W3CHttpResponseCodec.decode(W3CHttpResponseCodec.java:49)
	at org.openqa.selenium.remote.HttpCommandExecutor.execute(HttpCommandExecutor.java:158)
	at org.openqa.selenium.remote.service.DriverCommandExecutor.execute(DriverCommandExecutor.java:83)
	at org.openqa.selenium.remote.RemoteWebDriver.execute(RemoteWebDriver.java:543)
	at org.openqa.selenium.remote.RemoteWebElement.execute(RemoteWebElement.java:276)
	at org.openqa.selenium.remote.RemoteWebElement.click(RemoteWebElement.java:83)
	at Reusable_Functions.Generic_function.click(Generic_function.java:290)
	at Headerpage_positive_scenarios.Headerpage_positive_scenarios.click_dropDown(Headerpage_positive_scenarios.java:109)
	at ?.Click on Drop down tab(file:///C:/Users/Admin/Downloads/mph-web-qa-automation/src/main/java/Headerpage_positive_scenarios/Headerpage_positive_scenarios.feature:42)
</pre></div></td>
<td>1</td>
<td>Runner_Files.Headerpage_positive_scenarios_runner@568ff82</td></tr>
<tr>
<td title='Runner_Files.Headerpage_positive_scenarios_runner.runScenario()'><b>runScenario</b><br>Test class: Runner_Files.Headerpage_positive_scenarios_runner<br>Test method: Runs Cucumber Scenarios<br>Parameters: "Validate  the  Terms & Conditions dialogue box on clicking on the Terms & Conditions", "Optional[Test header in home page positive functionality]"</td>
<td><div><pre>org.openqa.selenium.ElementClickInterceptedException: element click intercepted: Element &lt;img id=&quot;icon&quot; src=&quot;data:image/svg+xml;base64,PHN2ZyB4bWxucz0iaHR0cDovL3d3dy53My5vcmcvMjAwMC9zdmciIHdpZHRoPSIyMSIgaGVpZ2h0PSIyMSIgdmlld0JveD0iMCAwIDIxIDIxIj4KICAgIDxnIGZpbGw9Im5vbmUiIGZpbGwtcnVsZT0iZXZlbm9kZCI+CiAgICAgICAgPHBhdGggZD0iTTAgMGgyMXYyMUgweiIvPgogICAgICAgIDxwYXRoIGZpbGw9IiMwMDAiIGQ9Ik05LjY4MyAxNi4xNTZMMi40NyA4Ljk0NGEuODkuODkgMCAwIDEgMC0xLjI2bC44NC0uODRhLjg5Ljg5IDAgMCAxIDEuMjU5LS4wMDJsNS43NDMgNS43MTYgNS43NDItNS43MTZhLjg5Ljg5IDAgMCAxIDEuMjU4LjAwMmwuODQxLjg0YS44OS44OSAwIDAgMSAwIDEuMjZsLTcuMjEyIDcuMjEyYS44OS44OSAwIDAgMS0xLjI2IDB6IiBvcGFjaXR5PSIuNjk5Ii8+CiAgICA8L2c+Cjwvc3ZnPgo=&quot; class=&quot;jss38 jss37 jss43&quot;&gt; is not clickable at point (1321, 39). Other element would receive the click: &lt;div aria-hidden=&quot;true&quot; style=&quot;z-index: -1; position: fixed; inset: 0px; background-color: transparent; -webkit-tap-highlight-color: transparent;&quot;&gt;&lt;/div&gt;
  (Session info: chrome=91.0.4472.124)
Build info: version: &apos;3.12.0&apos;, revision: &apos;7c6e0b3&apos;, time: &apos;2018-05-08T14:04:26.12Z&apos;
System info: host: &apos;DESKTOP-496DOAJ&apos;, ip: &apos;192.168.28.229&apos;, os.name: &apos;Windows 10&apos;, os.arch: &apos;amd64&apos;, os.version: &apos;10.0&apos;, java.version: &apos;15.0.2&apos;
Driver info: org.openqa.selenium.chrome.ChromeDriver
Capabilities {acceptInsecureCerts: false, browserName: chrome, browserVersion: 91.0.4472.124, chrome: {chromedriverVersion: 91.0.4472.19 (1bf021f248676..., userDataDir: C:\Users\Admin\AppData\Loca...}, goog:chromeOptions: {debuggerAddress: localhost:58307}, javascriptEnabled: true, networkConnectionEnabled: false, pageLoadStrategy: normal, platform: WINDOWS, platformName: WINDOWS, proxy: Proxy(), setWindowRect: true, strictFileInteractability: false, timeouts: {implicit: 0, pageLoad: 300000, script: 30000}, unhandledPromptBehavior: dismiss and notify, webauthn:extension:largeBlob: true, webauthn:virtualAuthenticators: true}
Session ID: ab08ebc23121c309133b2d66f3d74fbe
	at org.openqa.selenium.remote.http.W3CHttpResponseCodec.createException(W3CHttpResponseCodec.java:187)
	at org.openqa.selenium.remote.http.W3CHttpResponseCodec.decode(W3CHttpResponseCodec.java:122)
	at org.openqa.selenium.remote.http.W3CHttpResponseCodec.decode(W3CHttpResponseCodec.java:49)
	at org.openqa.selenium.remote.HttpCommandExecutor.execute(HttpCommandExecutor.java:158)
	at org.openqa.selenium.remote.service.DriverCommandExecutor.execute(DriverCommandExecutor.java:83)
	at org.openqa.selenium.remote.RemoteWebDriver.execute(RemoteWebDriver.java:543)
	at org.openqa.selenium.remote.RemoteWebElement.execute(RemoteWebElement.java:276)
	at org.openqa.selenium.remote.RemoteWebElement.click(RemoteWebElement.java:83)
	at Reusable_Functions.Generic_function.click(Generic_function.java:290)
	at Headerpage_positive_scenarios.Headerpage_positive_scenarios.click_dropDown(Headerpage_positive_scenarios.java:109)
	at ?.Click on Drop down tab(file:///C:/Users/Admin/Downloads/mph-web-qa-automation/src/main/java/Headerpage_positive_scenarios/Headerpage_positive_scenarios.feature:47)
... Removed 5 stack frames</pre></div><a href='#' onClick='toggleBox("stack-trace686407772", this, "Click to show all stack frames", "Click to hide stack frames")'>Click to show all stack frames</a>
<div class='stack-trace' id='stack-trace686407772'><pre>org.openqa.selenium.ElementClickInterceptedException: element click intercepted: Element &lt;img id=&quot;icon&quot; src=&quot;data:image/svg+xml;base64,PHN2ZyB4bWxucz0iaHR0cDovL3d3dy53My5vcmcvMjAwMC9zdmciIHdpZHRoPSIyMSIgaGVpZ2h0PSIyMSIgdmlld0JveD0iMCAwIDIxIDIxIj4KICAgIDxnIGZpbGw9Im5vbmUiIGZpbGwtcnVsZT0iZXZlbm9kZCI+CiAgICAgICAgPHBhdGggZD0iTTAgMGgyMXYyMUgweiIvPgogICAgICAgIDxwYXRoIGZpbGw9IiMwMDAiIGQ9Ik05LjY4MyAxNi4xNTZMMi40NyA4Ljk0NGEuODkuODkgMCAwIDEgMC0xLjI2bC44NC0uODRhLjg5Ljg5IDAgMCAxIDEuMjU5LS4wMDJsNS43NDMgNS43MTYgNS43NDItNS43MTZhLjg5Ljg5IDAgMCAxIDEuMjU4LjAwMmwuODQxLjg0YS44OS44OSAwIDAgMSAwIDEuMjZsLTcuMjEyIDcuMjEyYS44OS44OSAwIDAgMS0xLjI2IDB6IiBvcGFjaXR5PSIuNjk5Ii8+CiAgICA8L2c+Cjwvc3ZnPgo=&quot; class=&quot;jss38 jss37 jss43&quot;&gt; is not clickable at point (1321, 39). Other element would receive the click: &lt;div aria-hidden=&quot;true&quot; style=&quot;z-index: -1; position: fixed; inset: 0px; background-color: transparent; -webkit-tap-highlight-color: transparent;&quot;&gt;&lt;/div&gt;
  (Session info: chrome=91.0.4472.124)
Build info: version: &apos;3.12.0&apos;, revision: &apos;7c6e0b3&apos;, time: &apos;2018-05-08T14:04:26.12Z&apos;
System info: host: &apos;DESKTOP-496DOAJ&apos;, ip: &apos;192.168.28.229&apos;, os.name: &apos;Windows 10&apos;, os.arch: &apos;amd64&apos;, os.version: &apos;10.0&apos;, java.version: &apos;15.0.2&apos;
Driver info: org.openqa.selenium.chrome.ChromeDriver
Capabilities {acceptInsecureCerts: false, browserName: chrome, browserVersion: 91.0.4472.124, chrome: {chromedriverVersion: 91.0.4472.19 (1bf021f248676..., userDataDir: C:\Users\Admin\AppData\Loca...}, goog:chromeOptions: {debuggerAddress: localhost:58307}, javascriptEnabled: true, networkConnectionEnabled: false, pageLoadStrategy: normal, platform: WINDOWS, platformName: WINDOWS, proxy: Proxy(), setWindowRect: true, strictFileInteractability: false, timeouts: {implicit: 0, pageLoad: 300000, script: 30000}, unhandledPromptBehavior: dismiss and notify, webauthn:extension:largeBlob: true, webauthn:virtualAuthenticators: true}
Session ID: ab08ebc23121c309133b2d66f3d74fbe
	at java.base/jdk.internal.reflect.NativeConstructorAccessorImpl.newInstance0(Native Method)
	at java.base/jdk.internal.reflect.NativeConstructorAccessorImpl.newInstance(NativeConstructorAccessorImpl.java:64)
	at java.base/jdk.internal.reflect.DelegatingConstructorAccessorImpl.newInstance(DelegatingConstructorAccessorImpl.java:45)
	at java.base/java.lang.reflect.Constructor.newInstanceWithCaller(Constructor.java:500)
	at java.base/java.lang.reflect.Constructor.newInstance(Constructor.java:481)
	at org.openqa.selenium.remote.http.W3CHttpResponseCodec.createException(W3CHttpResponseCodec.java:187)
	at org.openqa.selenium.remote.http.W3CHttpResponseCodec.decode(W3CHttpResponseCodec.java:122)
	at org.openqa.selenium.remote.http.W3CHttpResponseCodec.decode(W3CHttpResponseCodec.java:49)
	at org.openqa.selenium.remote.HttpCommandExecutor.execute(HttpCommandExecutor.java:158)
	at org.openqa.selenium.remote.service.DriverCommandExecutor.execute(DriverCommandExecutor.java:83)
	at org.openqa.selenium.remote.RemoteWebDriver.execute(RemoteWebDriver.java:543)
	at org.openqa.selenium.remote.RemoteWebElement.execute(RemoteWebElement.java:276)
	at org.openqa.selenium.remote.RemoteWebElement.click(RemoteWebElement.java:83)
	at Reusable_Functions.Generic_function.click(Generic_function.java:290)
	at Headerpage_positive_scenarios.Headerpage_positive_scenarios.click_dropDown(Headerpage_positive_scenarios.java:109)
	at ?.Click on Drop down tab(file:///C:/Users/Admin/Downloads/mph-web-qa-automation/src/main/java/Headerpage_positive_scenarios/Headerpage_positive_scenarios.feature:47)
</pre></div></td>
<td>1</td>
<td>Runner_Files.Headerpage_positive_scenarios_runner@568ff82</td></tr>
<tr>
<td title='Runner_Files.Headerpage_positive_scenarios_runner.runScenario()'><b>runScenario</b><br>Test class: Runner_Files.Headerpage_positive_scenarios_runner<br>Test method: Runs Cucumber Scenarios<br>Parameters: "Validate the navigation to the Landing page on clicking Log out icon", "Optional[Test header in home page positive functionality]"</td>
<td><div><pre>org.openqa.selenium.ElementClickInterceptedException: element click intercepted: Element &lt;img id=&quot;icon&quot; src=&quot;data:image/svg+xml;base64,PHN2ZyB4bWxucz0iaHR0cDovL3d3dy53My5vcmcvMjAwMC9zdmciIHdpZHRoPSI0OCIgaGVpZ2h0PSI0OCIgdmlld0JveD0iMCAwIDQ4IDQ4Ij4KICAgIDxnIGZpbGw9Im5vbmUiIGZpbGwtcnVsZT0iZXZlbm9kZCI+CiAgICAgICAgPHBhdGggZD0iTTE0IDEwaDIxdjIxSDE0eiIvPgogICAgICAgIDxwYXRoIGZpbGw9IiM0ODRBNTQiIGQ9Ik0zMy43NzcgMjMuNTNsLTUuMzYyIDUuMjVjLS40NzguNDY5LTEuMzA4LjE0LTEuMzA4LS41MzF2LTNoLTQuMzQxQS43NTYuNzU2IDAgMCAxIDIyIDI0LjV2LTNjMC0uNDE1LjM0Mi0uNzQ5Ljc2Ni0uNzQ5aDQuMzR2LTNjMC0uNjY4LjgyNy0xIDEuMzEtLjUzbDUuMzYxIDUuMjQ5YS43NDUuNzQ1IDAgMCAxIDAgMS4wNjJ6bS05LjYzNCA3LjU2di0xLjkwNGEuNTczLjU3MyAwIDAgMC0uNTcxLS41NzJoLTRhMS41MjIgMS41MjIgMCAwIDEtMS41MjQtMS41MjR2LTkuMTQzYzAtLjg0My42OC0xLjUyNCAxLjUyNC0xLjUyNGg0YS41NzMuNTczIDAgMCAwIC41NzEtLjU3MXYtMS45MDVhLjU3My41NzMgMCAwIDAtLjU3MS0uNTcyaC00QTQuNTczIDQuNTczIDAgMCAwIDE1IDE3Ljk0N3Y5LjE0M2E0LjU3MyA0LjU3MyAwIDAgMCA0LjU3MiA0LjU3Mmg0YS41NzMuNTczIDAgMCAwIC41NzEtLjU3MnoiLz4KICAgIDwvZz4KPC9zdmc+Cg==&quot; class=&quot;jss39 jss37 jss43&quot;&gt; is not clickable at point (1193, 39). Other element would receive the click: &lt;div aria-hidden=&quot;true&quot; style=&quot;z-index: -1; position: fixed; inset: 0px; background-color: transparent; -webkit-tap-highlight-color: transparent;&quot;&gt;&lt;/div&gt;
  (Session info: chrome=91.0.4472.124)
Build info: version: &apos;3.12.0&apos;, revision: &apos;7c6e0b3&apos;, time: &apos;2018-05-08T14:04:26.12Z&apos;
System info: host: &apos;DESKTOP-496DOAJ&apos;, ip: &apos;192.168.28.229&apos;, os.name: &apos;Windows 10&apos;, os.arch: &apos;amd64&apos;, os.version: &apos;10.0&apos;, java.version: &apos;15.0.2&apos;
Driver info: org.openqa.selenium.chrome.ChromeDriver
Capabilities {acceptInsecureCerts: false, browserName: chrome, browserVersion: 91.0.4472.124, chrome: {chromedriverVersion: 91.0.4472.19 (1bf021f248676..., userDataDir: C:\Users\Admin\AppData\Loca...}, goog:chromeOptions: {debuggerAddress: localhost:58307}, javascriptEnabled: true, networkConnectionEnabled: false, pageLoadStrategy: normal, platform: WINDOWS, platformName: WINDOWS, proxy: Proxy(), setWindowRect: true, strictFileInteractability: false, timeouts: {implicit: 0, pageLoad: 300000, script: 30000}, unhandledPromptBehavior: dismiss and notify, webauthn:extension:largeBlob: true, webauthn:virtualAuthenticators: true}
Session ID: ab08ebc23121c309133b2d66f3d74fbe
	at org.openqa.selenium.remote.http.W3CHttpResponseCodec.createException(W3CHttpResponseCodec.java:187)
	at org.openqa.selenium.remote.http.W3CHttpResponseCodec.decode(W3CHttpResponseCodec.java:122)
	at org.openqa.selenium.remote.http.W3CHttpResponseCodec.decode(W3CHttpResponseCodec.java:49)
	at org.openqa.selenium.remote.HttpCommandExecutor.execute(HttpCommandExecutor.java:158)
	at org.openqa.selenium.remote.service.DriverCommandExecutor.execute(DriverCommandExecutor.java:83)
	at org.openqa.selenium.remote.RemoteWebDriver.execute(RemoteWebDriver.java:543)
	at org.openqa.selenium.remote.RemoteWebElement.execute(RemoteWebElement.java:276)
	at org.openqa.selenium.remote.RemoteWebElement.click(RemoteWebElement.java:83)
	at Reusable_Functions.Generic_function.click(Generic_function.java:290)
	at Headerpage_positive_scenarios.Headerpage_positive_scenarios.click_logout_icon(Headerpage_positive_scenarios.java:71)
	at ?.Click on Log out icon(file:///C:/Users/Admin/Downloads/mph-web-qa-automation/src/main/java/Headerpage_positive_scenarios/Headerpage_positive_scenarios.feature:52)
... Removed 5 stack frames</pre></div><a href='#' onClick='toggleBox("stack-trace711194703", this, "Click to show all stack frames", "Click to hide stack frames")'>Click to show all stack frames</a>
<div class='stack-trace' id='stack-trace711194703'><pre>org.openqa.selenium.ElementClickInterceptedException: element click intercepted: Element &lt;img id=&quot;icon&quot; src=&quot;data:image/svg+xml;base64,PHN2ZyB4bWxucz0iaHR0cDovL3d3dy53My5vcmcvMjAwMC9zdmciIHdpZHRoPSI0OCIgaGVpZ2h0PSI0OCIgdmlld0JveD0iMCAwIDQ4IDQ4Ij4KICAgIDxnIGZpbGw9Im5vbmUiIGZpbGwtcnVsZT0iZXZlbm9kZCI+CiAgICAgICAgPHBhdGggZD0iTTE0IDEwaDIxdjIxSDE0eiIvPgogICAgICAgIDxwYXRoIGZpbGw9IiM0ODRBNTQiIGQ9Ik0zMy43NzcgMjMuNTNsLTUuMzYyIDUuMjVjLS40NzguNDY5LTEuMzA4LjE0LTEuMzA4LS41MzF2LTNoLTQuMzQxQS43NTYuNzU2IDAgMCAxIDIyIDI0LjV2LTNjMC0uNDE1LjM0Mi0uNzQ5Ljc2Ni0uNzQ5aDQuMzR2LTNjMC0uNjY4LjgyNy0xIDEuMzEtLjUzbDUuMzYxIDUuMjQ5YS43NDUuNzQ1IDAgMCAxIDAgMS4wNjJ6bS05LjYzNCA3LjU2di0xLjkwNGEuNTczLjU3MyAwIDAgMC0uNTcxLS41NzJoLTRhMS41MjIgMS41MjIgMCAwIDEtMS41MjQtMS41MjR2LTkuMTQzYzAtLjg0My42OC0xLjUyNCAxLjUyNC0xLjUyNGg0YS41NzMuNTczIDAgMCAwIC41NzEtLjU3MXYtMS45MDVhLjU3My41NzMgMCAwIDAtLjU3MS0uNTcyaC00QTQuNTczIDQuNTczIDAgMCAwIDE1IDE3Ljk0N3Y5LjE0M2E0LjU3MyA0LjU3MyAwIDAgMCA0LjU3MiA0LjU3Mmg0YS41NzMuNTczIDAgMCAwIC41NzEtLjU3MnoiLz4KICAgIDwvZz4KPC9zdmc+Cg==&quot; class=&quot;jss39 jss37 jss43&quot;&gt; is not clickable at point (1193, 39). Other element would receive the click: &lt;div aria-hidden=&quot;true&quot; style=&quot;z-index: -1; position: fixed; inset: 0px; background-color: transparent; -webkit-tap-highlight-color: transparent;&quot;&gt;&lt;/div&gt;
  (Session info: chrome=91.0.4472.124)
Build info: version: &apos;3.12.0&apos;, revision: &apos;7c6e0b3&apos;, time: &apos;2018-05-08T14:04:26.12Z&apos;
System info: host: &apos;DESKTOP-496DOAJ&apos;, ip: &apos;192.168.28.229&apos;, os.name: &apos;Windows 10&apos;, os.arch: &apos;amd64&apos;, os.version: &apos;10.0&apos;, java.version: &apos;15.0.2&apos;
Driver info: org.openqa.selenium.chrome.ChromeDriver
Capabilities {acceptInsecureCerts: false, browserName: chrome, browserVersion: 91.0.4472.124, chrome: {chromedriverVersion: 91.0.4472.19 (1bf021f248676..., userDataDir: C:\Users\Admin\AppData\Loca...}, goog:chromeOptions: {debuggerAddress: localhost:58307}, javascriptEnabled: true, networkConnectionEnabled: false, pageLoadStrategy: normal, platform: WINDOWS, platformName: WINDOWS, proxy: Proxy(), setWindowRect: true, strictFileInteractability: false, timeouts: {implicit: 0, pageLoad: 300000, script: 30000}, unhandledPromptBehavior: dismiss and notify, webauthn:extension:largeBlob: true, webauthn:virtualAuthenticators: true}
Session ID: ab08ebc23121c309133b2d66f3d74fbe
	at java.base/jdk.internal.reflect.NativeConstructorAccessorImpl.newInstance0(Native Method)
	at java.base/jdk.internal.reflect.NativeConstructorAccessorImpl.newInstance(NativeConstructorAccessorImpl.java:64)
	at java.base/jdk.internal.reflect.DelegatingConstructorAccessorImpl.newInstance(DelegatingConstructorAccessorImpl.java:45)
	at java.base/java.lang.reflect.Constructor.newInstanceWithCaller(Constructor.java:500)
	at java.base/java.lang.reflect.Constructor.newInstance(Constructor.java:481)
	at org.openqa.selenium.remote.http.W3CHttpResponseCodec.createException(W3CHttpResponseCodec.java:187)
	at org.openqa.selenium.remote.http.W3CHttpResponseCodec.decode(W3CHttpResponseCodec.java:122)
	at org.openqa.selenium.remote.http.W3CHttpResponseCodec.decode(W3CHttpResponseCodec.java:49)
	at org.openqa.selenium.remote.HttpCommandExecutor.execute(HttpCommandExecutor.java:158)
	at org.openqa.selenium.remote.service.DriverCommandExecutor.execute(DriverCommandExecutor.java:83)
	at org.openqa.selenium.remote.RemoteWebDriver.execute(RemoteWebDriver.java:543)
	at org.openqa.selenium.remote.RemoteWebElement.execute(RemoteWebElement.java:276)
	at org.openqa.selenium.remote.RemoteWebElement.click(RemoteWebElement.java:83)
	at Reusable_Functions.Generic_function.click(Generic_function.java:290)
	at Headerpage_positive_scenarios.Headerpage_positive_scenarios.click_logout_icon(Headerpage_positive_scenarios.java:71)
	at ?.Click on Log out icon(file:///C:/Users/Admin/Downloads/mph-web-qa-automation/src/main/java/Headerpage_positive_scenarios/Headerpage_positive_scenarios.feature:52)
</pre></div></td>
<td>1</td>
<td>Runner_Files.Headerpage_positive_scenarios_runner@568ff82</td></tr>
<tr>
<td title='Runner_Files.Help_positive_scenarios_runner.runScenario()'><b>runScenario</b><br>Test class: Runner_Files.Help_positive_scenarios_runner<br>Test method: Runs Cucumber Scenarios<br>Parameters: "Validate that the Second Opinions title  should be present  and able to see description", "Optional[Validation on Help Page]"</td>
<td><div><pre>java.lang.AssertionError: expected [false] but found [true]
	at Help_positive_scenarios.Help_positive_scenarios.secondopinions_displayed(Help_positive_scenarios.java:81)
	at ?.verify the Second Opinions description is displayed(file:///C:/Users/Admin/Downloads/mph-web-qa-automation/src/main/java/Help_positive_scenarios/Help_positive_scenarios.feature:9)
... Removed 5 stack frames</pre></div><a href='#' onClick='toggleBox("stack-trace1869041647", this, "Click to show all stack frames", "Click to hide stack frames")'>Click to show all stack frames</a>
<div class='stack-trace' id='stack-trace1869041647'><pre>java.lang.AssertionError: expected [false] but found [true]
	at org.testng.Assert.fail(Assert.java:97)
	at org.testng.Assert.assertEqualsImpl(Assert.java:136)
	at org.testng.Assert.assertEquals(Assert.java:118)
	at org.testng.Assert.assertEquals(Assert.java:751)
	at org.testng.Assert.assertEquals(Assert.java:761)
	at Help_positive_scenarios.Help_positive_scenarios.secondopinions_displayed(Help_positive_scenarios.java:81)
	at ?.verify the Second Opinions description is displayed(file:///C:/Users/Admin/Downloads/mph-web-qa-automation/src/main/java/Help_positive_scenarios/Help_positive_scenarios.feature:9)
</pre></div></td>
<td>0</td>
<td>Runner_Files.Help_positive_scenarios_runner@11c9af63</td></tr>
<tr>
<td title='Runner_Files.Help_positive_scenarios_runner.runScenario()'><b>runScenario</b><br>Test class: Runner_Files.Help_positive_scenarios_runner<br>Test method: Runs Cucumber Scenarios<br>Parameters: "Validate that the Profile title  should be present  and able to see description", "Optional[Validation on Help Page]"</td>
<td><div><pre>java.lang.AssertionError: expected [false] but found [true]
	at Help_positive_scenarios.Help_positive_scenarios.profile_displayed(Help_positive_scenarios.java:163)
	at ?.verify the Profile description is displayed(file:///C:/Users/Admin/Downloads/mph-web-qa-automation/src/main/java/Help_positive_scenarios/Help_positive_scenarios.feature:21)
... Removed 5 stack frames</pre></div><a href='#' onClick='toggleBox("stack-trace1770197863", this, "Click to show all stack frames", "Click to hide stack frames")'>Click to show all stack frames</a>
<div class='stack-trace' id='stack-trace1770197863'><pre>java.lang.AssertionError: expected [false] but found [true]
	at org.testng.Assert.fail(Assert.java:97)
	at org.testng.Assert.assertEqualsImpl(Assert.java:136)
	at org.testng.Assert.assertEquals(Assert.java:118)
	at org.testng.Assert.assertEquals(Assert.java:751)
	at org.testng.Assert.assertEquals(Assert.java:761)
	at Help_positive_scenarios.Help_positive_scenarios.profile_displayed(Help_positive_scenarios.java:163)
	at ?.verify the Profile description is displayed(file:///C:/Users/Admin/Downloads/mph-web-qa-automation/src/main/java/Help_positive_scenarios/Help_positive_scenarios.feature:21)
</pre></div></td>
<td>0</td>
<td>Runner_Files.Help_positive_scenarios_runner@11c9af63</td></tr>
<tr>
<td title='Runner_Files.Request_second_opinion_negative_scenarios_runner.runScenario()'><b>runScenario</b><br>Test class: Runner_Files.Request_second_opinion_negative_scenarios_runner<br>Test method: Runs Cucumber Scenarios<br>Parameters: "Validate that the "Proceed" button is disabled when unchecked  the check box 'I am the legal guardian or have the necessary consents to order this second opinion'", "Optional[Test  Request a Second Opinion negative functionality]"</td>
<td><div><pre>org.openqa.selenium.NoSuchSessionException: invalid session id
Build info: version: &apos;3.12.0&apos;, revision: &apos;7c6e0b3&apos;, time: &apos;2018-05-08T14:04:26.12Z&apos;
System info: host: &apos;DESKTOP-496DOAJ&apos;, ip: &apos;192.168.28.229&apos;, os.name: &apos;Windows 10&apos;, os.arch: &apos;amd64&apos;, os.version: &apos;10.0&apos;, java.version: &apos;15.0.2&apos;
Driver info: org.openqa.selenium.chrome.ChromeDriver
Capabilities {acceptInsecureCerts: false, browserName: chrome, browserVersion: 91.0.4472.124, chrome: {chromedriverVersion: 91.0.4472.19 (1bf021f248676..., userDataDir: C:\Users\Admin\AppData\Loca...}, goog:chromeOptions: {debuggerAddress: localhost:61421}, javascriptEnabled: true, networkConnectionEnabled: false, pageLoadStrategy: normal, platform: WINDOWS, platformName: WINDOWS, proxy: Proxy(), setWindowRect: true, strictFileInteractability: false, timeouts: {implicit: 0, pageLoad: 300000, script: 30000}, unhandledPromptBehavior: dismiss and notify, webauthn:extension:largeBlob: true, webauthn:virtualAuthenticators: true}
Session ID: 352a318dbe253e73b037198ecadac2b8
	at org.openqa.selenium.remote.http.W3CHttpResponseCodec.createException(W3CHttpResponseCodec.java:187)
	at org.openqa.selenium.remote.http.W3CHttpResponseCodec.decode(W3CHttpResponseCodec.java:122)
	at org.openqa.selenium.remote.http.W3CHttpResponseCodec.decode(W3CHttpResponseCodec.java:49)
	at org.openqa.selenium.remote.HttpCommandExecutor.execute(HttpCommandExecutor.java:158)
	at org.openqa.selenium.remote.service.DriverCommandExecutor.execute(DriverCommandExecutor.java:83)
	at org.openqa.selenium.remote.RemoteWebDriver.execute(RemoteWebDriver.java:543)
	at org.openqa.selenium.remote.RemoteWebDriver.execute(RemoteWebDriver.java:600)
	at org.openqa.selenium.remote.RemoteWebDriver.getScreenshotAs(RemoteWebDriver.java:289)
	at Reusable_Functions.Generic_function.takeScreenShot(Generic_function.java:284)
	at Request_second_opinion_negative_scenarios.Request_second_opinion_negative_scenarios.uncheckproceed(Request_second_opinion_negative_scenarios.java:439)
	at ?.unable to clicks on &apos;Proceed&apos; button(file:///C:/Users/Admin/Downloads/mph-web-qa-automation/src/main/java/Request_second_opinion_negative_scenarios/Request_second_opinion_negative_scenarios.feature:66)
... Removed 5 stack frames</pre></div><a href='#' onClick='toggleBox("stack-trace344083984", this, "Click to show all stack frames", "Click to hide stack frames")'>Click to show all stack frames</a>
<div class='stack-trace' id='stack-trace344083984'><pre>org.openqa.selenium.NoSuchSessionException: invalid session id
Build info: version: &apos;3.12.0&apos;, revision: &apos;7c6e0b3&apos;, time: &apos;2018-05-08T14:04:26.12Z&apos;
System info: host: &apos;DESKTOP-496DOAJ&apos;, ip: &apos;192.168.28.229&apos;, os.name: &apos;Windows 10&apos;, os.arch: &apos;amd64&apos;, os.version: &apos;10.0&apos;, java.version: &apos;15.0.2&apos;
Driver info: org.openqa.selenium.chrome.ChromeDriver
Capabilities {acceptInsecureCerts: false, browserName: chrome, browserVersion: 91.0.4472.124, chrome: {chromedriverVersion: 91.0.4472.19 (1bf021f248676..., userDataDir: C:\Users\Admin\AppData\Loca...}, goog:chromeOptions: {debuggerAddress: localhost:61421}, javascriptEnabled: true, networkConnectionEnabled: false, pageLoadStrategy: normal, platform: WINDOWS, platformName: WINDOWS, proxy: Proxy(), setWindowRect: true, strictFileInteractability: false, timeouts: {implicit: 0, pageLoad: 300000, script: 30000}, unhandledPromptBehavior: dismiss and notify, webauthn:extension:largeBlob: true, webauthn:virtualAuthenticators: true}
Session ID: 352a318dbe253e73b037198ecadac2b8
	at java.base/jdk.internal.reflect.NativeConstructorAccessorImpl.newInstance0(Native Method)
	at java.base/jdk.internal.reflect.NativeConstructorAccessorImpl.newInstance(NativeConstructorAccessorImpl.java:64)
	at java.base/jdk.internal.reflect.DelegatingConstructorAccessorImpl.newInstance(DelegatingConstructorAccessorImpl.java:45)
	at java.base/java.lang.reflect.Constructor.newInstanceWithCaller(Constructor.java:500)
	at java.base/java.lang.reflect.Constructor.newInstance(Constructor.java:481)
	at org.openqa.selenium.remote.http.W3CHttpResponseCodec.createException(W3CHttpResponseCodec.java:187)
	at org.openqa.selenium.remote.http.W3CHttpResponseCodec.decode(W3CHttpResponseCodec.java:122)
	at org.openqa.selenium.remote.http.W3CHttpResponseCodec.decode(W3CHttpResponseCodec.java:49)
	at org.openqa.selenium.remote.HttpCommandExecutor.execute(HttpCommandExecutor.java:158)
	at org.openqa.selenium.remote.service.DriverCommandExecutor.execute(DriverCommandExecutor.java:83)
	at org.openqa.selenium.remote.RemoteWebDriver.execute(RemoteWebDriver.java:543)
	at org.openqa.selenium.remote.RemoteWebDriver.execute(RemoteWebDriver.java:600)
	at org.openqa.selenium.remote.RemoteWebDriver.getScreenshotAs(RemoteWebDriver.java:289)
	at Reusable_Functions.Generic_function.takeScreenShot(Generic_function.java:284)
	at Request_second_opinion_negative_scenarios.Request_second_opinion_negative_scenarios.uncheckproceed(Request_second_opinion_negative_scenarios.java:439)
	at ?.unable to clicks on &apos;Proceed&apos; button(file:///C:/Users/Admin/Downloads/mph-web-qa-automation/src/main/java/Request_second_opinion_negative_scenarios/Request_second_opinion_negative_scenarios.feature:66)
</pre></div></td>
<td>4</td>
<td>Runner_Files.Request_second_opinion_negative_scenarios_runner@44a7bfbc</td></tr>
<tr>
<td title='Runner_Files.Award_points_positive_scenarios_runner.runScenario()'><b>runScenario</b><br>Test class: Runner_Files.Award_points_positive_scenarios_runner<br>Test method: Runs Cucumber Scenarios<br>Parameters: "Validate the Redeem points  in the Award points dashboard.", "Optional[User must click on the Award Point and navigated to the Reddemed award points page]"</td>
<td><div><pre>org.openqa.selenium.NoSuchElementException: no such element: Unable to locate element: {&quot;method&quot;:&quot;xpath&quot;,&quot;selector&quot;:&quot;//h3[contains(text(),&apos;Redeem award points&apos;)]&quot;}
  (Session info: chrome=91.0.4472.124)
For documentation on this error, please visit: http://seleniumhq.org/exceptions/no_such_element.html
Build info: version: &apos;3.12.0&apos;, revision: &apos;7c6e0b3&apos;, time: &apos;2018-05-08T14:04:26.12Z&apos;
System info: host: &apos;DESKTOP-496DOAJ&apos;, ip: &apos;192.168.28.229&apos;, os.name: &apos;Windows 10&apos;, os.arch: &apos;amd64&apos;, os.version: &apos;10.0&apos;, java.version: &apos;15.0.2&apos;
Driver info: org.openqa.selenium.chrome.ChromeDriver
Capabilities {acceptInsecureCerts: false, browserName: chrome, browserVersion: 91.0.4472.124, chrome: {chromedriverVersion: 91.0.4472.19 (1bf021f248676..., userDataDir: C:\Users\Admin\AppData\Loca...}, goog:chromeOptions: {debuggerAddress: localhost:64013}, javascriptEnabled: true, networkConnectionEnabled: false, pageLoadStrategy: normal, platform: WINDOWS, platformName: WINDOWS, proxy: Proxy(), setWindowRect: true, strictFileInteractability: false, timeouts: {implicit: 0, pageLoad: 300000, script: 30000}, unhandledPromptBehavior: dismiss and notify, webauthn:extension:largeBlob: true, webauthn:virtualAuthenticators: true}
Session ID: 33dd40a8ef97877684352fbc1ba64042
*** Element info: {Using=xpath, value=//h3[contains(text(),&apos;Redeem award points&apos;)]}
	at org.openqa.selenium.remote.http.W3CHttpResponseCodec.createException(W3CHttpResponseCodec.java:187)
	at org.openqa.selenium.remote.http.W3CHttpResponseCodec.decode(W3CHttpResponseCodec.java:122)
	at org.openqa.selenium.remote.http.W3CHttpResponseCodec.decode(W3CHttpResponseCodec.java:49)
	at org.openqa.selenium.remote.HttpCommandExecutor.execute(HttpCommandExecutor.java:158)
	at org.openqa.selenium.remote.service.DriverCommandExecutor.execute(DriverCommandExecutor.java:83)
	at org.openqa.selenium.remote.RemoteWebDriver.execute(RemoteWebDriver.java:543)
	at org.openqa.selenium.remote.RemoteWebDriver.findElement(RemoteWebDriver.java:317)
	at org.openqa.selenium.remote.RemoteWebDriver.findElementByXPath(RemoteWebDriver.java:419)
	at org.openqa.selenium.By$ByXPath.findElement(By.java:353)
	at org.openqa.selenium.remote.RemoteWebDriver.findElement(RemoteWebDriver.java:309)
	at Award_points_positive_scenarios.Award_points_positive_scenarios.click_redeempoints_button(Award_points_positive_scenarios.java:91)
	at ?.Click on the Redeem Points button(file:///C:/Users/Admin/Downloads/mph-web-qa-automation/src/main/java/Award_points_positive_scenarios/Award_points_positive_scenarios.feature:13)
... Removed 5 stack frames</pre></div><a href='#' onClick='toggleBox("stack-trace1140400161", this, "Click to show all stack frames", "Click to hide stack frames")'>Click to show all stack frames</a>
<div class='stack-trace' id='stack-trace1140400161'><pre>org.openqa.selenium.NoSuchElementException: no such element: Unable to locate element: {&quot;method&quot;:&quot;xpath&quot;,&quot;selector&quot;:&quot;//h3[contains(text(),&apos;Redeem award points&apos;)]&quot;}
  (Session info: chrome=91.0.4472.124)
For documentation on this error, please visit: http://seleniumhq.org/exceptions/no_such_element.html
Build info: version: &apos;3.12.0&apos;, revision: &apos;7c6e0b3&apos;, time: &apos;2018-05-08T14:04:26.12Z&apos;
System info: host: &apos;DESKTOP-496DOAJ&apos;, ip: &apos;192.168.28.229&apos;, os.name: &apos;Windows 10&apos;, os.arch: &apos;amd64&apos;, os.version: &apos;10.0&apos;, java.version: &apos;15.0.2&apos;
Driver info: org.openqa.selenium.chrome.ChromeDriver
Capabilities {acceptInsecureCerts: false, browserName: chrome, browserVersion: 91.0.4472.124, chrome: {chromedriverVersion: 91.0.4472.19 (1bf021f248676..., userDataDir: C:\Users\Admin\AppData\Loca...}, goog:chromeOptions: {debuggerAddress: localhost:64013}, javascriptEnabled: true, networkConnectionEnabled: false, pageLoadStrategy: normal, platform: WINDOWS, platformName: WINDOWS, proxy: Proxy(), setWindowRect: true, strictFileInteractability: false, timeouts: {implicit: 0, pageLoad: 300000, script: 30000}, unhandledPromptBehavior: dismiss and notify, webauthn:extension:largeBlob: true, webauthn:virtualAuthenticators: true}
Session ID: 33dd40a8ef97877684352fbc1ba64042
*** Element info: {Using=xpath, value=//h3[contains(text(),&apos;Redeem award points&apos;)]}
	at java.base/jdk.internal.reflect.NativeConstructorAccessorImpl.newInstance0(Native Method)
	at java.base/jdk.internal.reflect.NativeConstructorAccessorImpl.newInstance(NativeConstructorAccessorImpl.java:64)
	at java.base/jdk.internal.reflect.DelegatingConstructorAccessorImpl.newInstance(DelegatingConstructorAccessorImpl.java:45)
	at java.base/java.lang.reflect.Constructor.newInstanceWithCaller(Constructor.java:500)
	at java.base/java.lang.reflect.Constructor.newInstance(Constructor.java:481)
	at org.openqa.selenium.remote.http.W3CHttpResponseCodec.createException(W3CHttpResponseCodec.java:187)
	at org.openqa.selenium.remote.http.W3CHttpResponseCodec.decode(W3CHttpResponseCodec.java:122)
	at org.openqa.selenium.remote.http.W3CHttpResponseCodec.decode(W3CHttpResponseCodec.java:49)
	at org.openqa.selenium.remote.HttpCommandExecutor.execute(HttpCommandExecutor.java:158)
	at org.openqa.selenium.remote.service.DriverCommandExecutor.execute(DriverCommandExecutor.java:83)
	at org.openqa.selenium.remote.RemoteWebDriver.execute(RemoteWebDriver.java:543)
	at org.openqa.selenium.remote.RemoteWebDriver.findElement(RemoteWebDriver.java:317)
	at org.openqa.selenium.remote.RemoteWebDriver.findElementByXPath(RemoteWebDriver.java:419)
	at org.openqa.selenium.By$ByXPath.findElement(By.java:353)
	at org.openqa.selenium.remote.RemoteWebDriver.findElement(RemoteWebDriver.java:309)
	at Award_points_positive_scenarios.Award_points_positive_scenarios.click_redeempoints_button(Award_points_positive_scenarios.java:91)
	at ?.Click on the Redeem Points button(file:///C:/Users/Admin/Downloads/mph-web-qa-automation/src/main/java/Award_points_positive_scenarios/Award_points_positive_scenarios.feature:13)
</pre></div></td>
<td>20</td>
<td>Runner_Files.Award_points_positive_scenarios_runner@2f8dad04</td></tr>
</table><p>
<table width='100%' border='1' class='invocation-passed'>
<tr><td colspan='4' align='center'><b>PASSED TESTS</b></td></tr>
<tr><td><b>Test method</b></td>
<td width="30%"><b>Exception</b></td>
<td width="10%"><b>Time (seconds)</b></td>
<td><b>Instance</b></td>
</tr>
<tr>
<td title='Runner_Files.Landing_welcome_positive_scenarios_runner.runScenario()'><b>runScenario</b><br>Test class: Runner_Files.Landing_welcome_positive_scenarios_runner<br>Test method: Runs Cucumber Scenarios<br>Parameters: "Validate that the user is navigated to Welcome page", "Optional[Validation on Landing page]"</td>
<td></td>
<td>13</td>
<td>Runner_Files.Landing_welcome_positive_scenarios_runner@38102d01</td></tr>
<tr>
<td title='Runner_Files.Landing_welcome_positive_scenarios_runner.runScenario()'><b>runScenario</b><br>Test class: Runner_Files.Landing_welcome_positive_scenarios_runner<br>Test method: Runs Cucumber Scenarios<br>Parameters: "Validate user is able to click on 'Login' button and navigate to Login page", "Optional[Validation on Landing page]"</td>
<td></td>
<td>3</td>
<td>Runner_Files.Landing_welcome_positive_scenarios_runner@38102d01</td></tr>
<tr>
<td title='Runner_Files.Landing_welcome_positive_scenarios_runner.runScenario()'><b>runScenario</b><br>Test class: Runner_Files.Landing_welcome_positive_scenarios_runner<br>Test method: Runs Cucumber Scenarios<br>Parameters: "Validate user is able to click on 'Sign Up' button and navigate to Sign Up page", "Optional[Validation on Landing page]"</td>
<td></td>
<td>5</td>
<td>Runner_Files.Landing_welcome_positive_scenarios_runner@38102d01</td></tr>
<tr>
<td title='Runner_Files.Signup_negative_scenarios_runner.runScenario()'><b>runScenario</b><br>Test class: Runner_Files.Signup_negative_scenarios_runner<br>Test method: Runs Cucumber Scenarios<br>Parameters: "Verify the scenario when entered invalid firstname and lastname", "Optional[Validation on Sign Up Page negative test case]"</td>
<td></td>
<td>16</td>
<td>Runner_Files.Signup_negative_scenarios_runner@2118cddf</td></tr>
<tr>
<td title='Runner_Files.Signup_negative_scenarios_runner.runScenario()'><b>runScenario</b><br>Test class: Runner_Files.Signup_negative_scenarios_runner<br>Test method: Runs Cucumber Scenarios<br>Parameters: "Verify the scenario when entered invalid 'Email ID'", "Optional[Validation on Sign Up Page negative test case]"</td>
<td></td>
<td>1</td>
<td>Runner_Files.Signup_negative_scenarios_runner@2118cddf</td></tr>
<tr>
<td title='Runner_Files.Signup_negative_scenarios_runner.runScenario()'><b>runScenario</b><br>Test class: Runner_Files.Signup_negative_scenarios_runner<br>Test method: Runs Cucumber Scenarios<br>Parameters: "Verify the scenario when blank 'Email ID' field", "Optional[Validation on Sign Up Page negative test case]"</td>
<td></td>
<td>1</td>
<td>Runner_Files.Signup_negative_scenarios_runner@2118cddf</td></tr>
<tr>
<td title='Runner_Files.Signup_negative_scenarios_runner.runScenario()'><b>runScenario</b><br>Test class: Runner_Files.Signup_negative_scenarios_runner<br>Test method: Runs Cucumber Scenarios<br>Parameters: "Verify the scenario when entering less than 10 digits in the 'Phone number' field", "Optional[Validation on Sign Up Page negative test case]"</td>
<td></td>
<td>0</td>
<td>Runner_Files.Signup_negative_scenarios_runner@2118cddf</td></tr>
<tr>
<td title='Runner_Files.Signup_negative_scenarios_runner.runScenario()'><b>runScenario</b><br>Test class: Runner_Files.Signup_negative_scenarios_runner<br>Test method: Runs Cucumber Scenarios<br>Parameters: "Verify the scenario when entering more than 10 digits in 'Phone number' field", "Optional[Validation on Sign Up Page negative test case]"</td>
<td></td>
<td>2</td>
<td>Runner_Files.Signup_negative_scenarios_runner@2118cddf</td></tr>
<tr>
<td title='Runner_Files.Signup_negative_scenarios_runner.runScenario()'><b>runScenario</b><br>Test class: Runner_Files.Signup_negative_scenarios_runner<br>Test method: Runs Cucumber Scenarios<br>Parameters: "Verify the scenario when entering already registered phone number", "Optional[Validation on Sign Up Page negative test case]"</td>
<td></td>
<td>3</td>
<td>Runner_Files.Signup_negative_scenarios_runner@2118cddf</td></tr>
<tr>
<td title='Runner_Files.Signup_negative_scenarios_runner.runScenario()'><b>runScenario</b><br>Test class: Runner_Files.Signup_negative_scenarios_runner<br>Test method: Runs Cucumber Scenarios<br>Parameters: "Verify the scenario when blank 'Password' field", "Optional[Validation on Sign Up Page negative test case]"</td>
<td></td>
<td>1</td>
<td>Runner_Files.Signup_negative_scenarios_runner@2118cddf</td></tr>
<tr>
<td title='Runner_Files.Signup_negative_scenarios_runner.runScenario()'><b>runScenario</b><br>Test class: Runner_Files.Signup_negative_scenarios_runner<br>Test method: Runs Cucumber Scenarios<br>Parameters: "Verify the scenario when password strength message and progress bar is displayed while entering password in 'Password' field", "Optional[Validation on Sign Up Page negative test case]"</td>
<td></td>
<td>1</td>
<td>Runner_Files.Signup_negative_scenarios_runner@2118cddf</td></tr>
<tr>
<td title='Runner_Files.Signup_negative_scenarios_runner.runScenario()'><b>runScenario</b><br>Test class: Runner_Files.Signup_negative_scenarios_runner<br>Test method: Runs Cucumber Scenarios<br>Parameters: "Verify the scenario when entering different data in 'Password' and 'Confirm Password'", "Optional[Validation on Sign Up Page negative test case]"</td>
<td></td>
<td>1</td>
<td>Runner_Files.Signup_negative_scenarios_runner@2118cddf</td></tr>
<tr>
<td title='Runner_Files.Signup_negative_scenarios_runner.runScenario()'><b>runScenario</b><br>Test class: Runner_Files.Signup_negative_scenarios_runner<br>Test method: Runs Cucumber Scenarios<br>Parameters: "Verify the scenario when 'Sign Up' button is disabled  when 'Terms & Conditions' is unchecked", "Optional[Validation on Sign Up Page negative test case]"</td>
<td></td>
<td>0</td>
<td>Runner_Files.Signup_negative_scenarios_runner@2118cddf</td></tr>
<tr>
<td title='Runner_Files.Signup_positive_scenarios_runner.runScenario()'><b>runScenario</b><br>Test class: Runner_Files.Signup_positive_scenarios_runner<br>Test method: Runs Cucumber Scenarios<br>Parameters: "Verify that the browser is lauched.Clicks on the Signup button and navigates to Signup page", "Optional[Validation on Sign Up Positive test cases]"</td>
<td></td>
<td>16</td>
<td>Runner_Files.Signup_positive_scenarios_runner@7c1e2a9e</td></tr>
<tr>
<td title='Runner_Files.Signup_positive_scenarios_runner.runScenario()'><b>runScenario</b><br>Test class: Runner_Files.Signup_positive_scenarios_runner<br>Test method: Runs Cucumber Scenarios<br>Parameters: "Verify clicking on login link will navigate to login page", "Optional[Validation on Sign Up Positive test cases]"</td>
<td></td>
<td>3</td>
<td>Runner_Files.Signup_positive_scenarios_runner@7c1e2a9e</td></tr>
<tr>
<td title='Runner_Files.Signup_positive_scenarios_runner.runScenario()'><b>runScenario</b><br>Test class: Runner_Files.Signup_positive_scenarios_runner<br>Test method: Runs Cucumber Scenarios<br>Parameters: "Verify that the data entered in both Password and Confirm password fields are masked", "Optional[Validation on Sign Up Positive test cases]"</td>
<td></td>
<td>2</td>
<td>Runner_Files.Signup_positive_scenarios_runner@7c1e2a9e</td></tr>
<tr>
<td title='Runner_Files.Signup_positive_scenarios_runner.runScenario()'><b>runScenario</b><br>Test class: Runner_Files.Signup_positive_scenarios_runner<br>Test method: Runs Cucumber Scenarios<br>Parameters: "Verify that the password should be displayed on an eye click for Password fields", "Optional[Validation on Sign Up Positive test cases]"</td>
<td></td>
<td>1</td>
<td>Runner_Files.Signup_positive_scenarios_runner@7c1e2a9e</td></tr>
<tr>
<td title='Runner_Files.Signup_positive_scenarios_runner.runScenario()'><b>runScenario</b><br>Test class: Runner_Files.Signup_positive_scenarios_runner<br>Test method: Runs Cucumber Scenarios<br>Parameters: "Verify that the Confirm password field by comparing data entered in the Password field", "Optional[Validation on Sign Up Positive test cases]"</td>
<td></td>
<td>1</td>
<td>Runner_Files.Signup_positive_scenarios_runner@7c1e2a9e</td></tr>
<tr>
<td title='Runner_Files.Signup_positive_scenarios_runner.runScenario()'><b>runScenario</b><br>Test class: Runner_Files.Signup_positive_scenarios_runner<br>Test method: Runs Cucumber Scenarios<br>Parameters: "Verify click on Sign Up with valid credentials", "Optional[Validation on Sign Up Positive test cases]"</td>
<td></td>
<td>2</td>
<td>Runner_Files.Signup_positive_scenarios_runner@7c1e2a9e</td></tr>
<tr>
<td title='Runner_Files.Signup_positive_scenarios_runner.runScenario()'><b>runScenario</b><br>Test class: Runner_Files.Signup_positive_scenarios_runner<br>Test method: Runs Cucumber Scenarios<br>Parameters: "Verify user should be navigated to the otp Login page", "Optional[Validation on Sign Up Positive test cases]"</td>
<td></td>
<td>0</td>
<td>Runner_Files.Signup_positive_scenarios_runner@7c1e2a9e</td></tr>
<tr>
<td title='Runner_Files.Login_negative_scenarios_runner.runScenario()'><b>runScenario</b><br>Test class: Runner_Files.Login_negative_scenarios_runner<br>Test method: Runs Cucumber Scenarios<br>Parameters: "User is not allowed to login when Phone number and Password fields are blank", "Optional[Validate login negative functionality]"</td>
<td></td>
<td>17</td>
<td>Runner_Files.Login_negative_scenarios_runner@3571b748</td></tr>
<tr>
<td title='Runner_Files.Login_negative_scenarios_runner.runScenario()'><b>runScenario</b><br>Test class: Runner_Files.Login_negative_scenarios_runner<br>Test method: Runs Cucumber Scenarios<br>Parameters: "User enter invalid credentials in the Login Page", "Optional[Validate login negative functionality]"</td>
<td></td>
<td>2</td>
<td>Runner_Files.Login_negative_scenarios_runner@3571b748</td></tr>
<tr>
<td title='Runner_Files.Login_negative_scenarios_runner.runScenario()'><b>runScenario</b><br>Test class: Runner_Files.Login_negative_scenarios_runner<br>Test method: Runs Cucumber Scenarios<br>Parameters: "User enter more than 10 digits in the 'Phone number' field", "Optional[Validate login negative functionality]"</td>
<td></td>
<td>3</td>
<td>Runner_Files.Login_negative_scenarios_runner@3571b748</td></tr>
<tr>
<td title='Runner_Files.Login_negative_scenarios_runner.runScenario()'><b>runScenario</b><br>Test class: Runner_Files.Login_negative_scenarios_runner<br>Test method: Runs Cucumber Scenarios<br>Parameters: "User enter invalid 'Phone number' and valid 'Password'", "Optional[Validate login negative functionality]"</td>
<td></td>
<td>2</td>
<td>Runner_Files.Login_negative_scenarios_runner@3571b748</td></tr>
<tr>
<td title='Runner_Files.Login_negative_scenarios_runner.runScenario()'><b>runScenario</b><br>Test class: Runner_Files.Login_negative_scenarios_runner<br>Test method: Runs Cucumber Scenarios<br>Parameters: "User enter invalid 'Password' and valid 'Phone number'", "Optional[Validate login negative functionality]"</td>
<td></td>
<td>2</td>
<td>Runner_Files.Login_negative_scenarios_runner@3571b748</td></tr>
<tr>
<td title='Runner_Files.Login_negative_scenarios_runner.runScenario()'><b>runScenario</b><br>Test class: Runner_Files.Login_negative_scenarios_runner<br>Test method: Runs Cucumber Scenarios<br>Parameters: "User is not able to login on leaving 'Phone number' field blank and only giving valid 'Password'", "Optional[Validate login negative functionality]"</td>
<td></td>
<td>1</td>
<td>Runner_Files.Login_negative_scenarios_runner@3571b748</td></tr>
<tr>
<td title='Runner_Files.Login_negative_scenarios_runner.runScenario()'><b>runScenario</b><br>Test class: Runner_Files.Login_negative_scenarios_runner<br>Test method: Runs Cucumber Scenarios<br>Parameters: "User is not able to login on leaving 'Password' field blank and only giving valid 'Phone number'", "Optional[Validate login negative functionality]"</td>
<td></td>
<td>0</td>
<td>Runner_Files.Login_negative_scenarios_runner@3571b748</td></tr>
<tr>
<td title='Runner_Files.Login_positive_scenarios_runner.runScenario()'><b>runScenario</b><br>Test class: Runner_Files.Login_positive_scenarios_runner<br>Test method: Runs Cucumber Scenarios<br>Parameters: "Validate that the 'Phone number' field is prefixed with +1 country code", "Optional[Validate login positive functionality]"</td>
<td></td>
<td>22</td>
<td>Runner_Files.Login_positive_scenarios_runner@37f1104d</td></tr>
<tr>
<td title='Runner_Files.Login_positive_scenarios_runner.runScenario()'><b>runScenario</b><br>Test class: Runner_Files.Login_positive_scenarios_runner<br>Test method: Runs Cucumber Scenarios<br>Parameters: "Validate that the user is able to click on the 'Forgot password?' link", "Optional[Validate login positive functionality]"</td>
<td></td>
<td>0</td>
<td>Runner_Files.Login_positive_scenarios_runner@37f1104d</td></tr>
<tr>
<td title='Runner_Files.Login_positive_scenarios_runner.runScenario()'><b>runScenario</b><br>Test class: Runner_Files.Login_positive_scenarios_runner<br>Test method: Runs Cucumber Scenarios<br>Parameters: "Validate that the user is able click on the 'Sign up' link", "Optional[Validate login positive functionality]"</td>
<td></td>
<td>0</td>
<td>Runner_Files.Login_positive_scenarios_runner@37f1104d</td></tr>
<tr>
<td title='Runner_Files.Login_positive_scenarios_runner.runScenario()'><b>runScenario</b><br>Test class: Runner_Files.Login_positive_scenarios_runner<br>Test method: Runs Cucumber Scenarios<br>Parameters: "Validate that the user is able to enter  the password in the 'Password' field", "Optional[Validate login positive functionality]"</td>
<td></td>
<td>0</td>
<td>Runner_Files.Login_positive_scenarios_runner@37f1104d</td></tr>
<tr>
<td title='Runner_Files.Login_positive_scenarios_runner.runScenario()'><b>runScenario</b><br>Test class: Runner_Files.Login_positive_scenarios_runner<br>Test method: Runs Cucumber Scenarios<br>Parameters: "Validate that the user is able to Login", "Optional[Validate login positive functionality]"</td>
<td></td>
<td>3</td>
<td>Runner_Files.Login_positive_scenarios_runner@37f1104d</td></tr>
<tr>
<td title='Runner_Files.Login_positive_scenarios_runner.runScenario()'><b>runScenario</b><br>Test class: Runner_Files.Login_positive_scenarios_runner<br>Test method: Runs Cucumber Scenarios<br>Parameters: "Validate that the user is navigated to Landing page on clicking the Log out option", "Optional[Validate login positive functionality]"</td>
<td></td>
<td>1</td>
<td>Runner_Files.Login_positive_scenarios_runner@37f1104d</td></tr>
<tr>
<td title='Runner_Files.Headerpage_positive_scenarios_runner.runScenario()'><b>runScenario</b><br>Test class: Runner_Files.Headerpage_positive_scenarios_runner<br>Test method: Runs Cucumber Scenarios<br>Parameters: "Validate that the mpowered health logo in the header", "Optional[Test header in home page positive functionality]"</td>
<td></td>
<td>20</td>
<td>Runner_Files.Headerpage_positive_scenarios_runner@568ff82</td></tr>
<tr>
<td title='Runner_Files.Headerpage_positive_scenarios_runner.runScenario()'><b>runScenario</b><br>Test class: Runner_Files.Headerpage_positive_scenarios_runner<br>Test method: Runs Cucumber Scenarios<br>Parameters: "Validate the navigation to the help page on clicking Help icon", "Optional[Test header in home page positive functionality]"</td>
<td></td>
<td>0</td>
<td>Runner_Files.Headerpage_positive_scenarios_runner@568ff82</td></tr>
<tr>
<td title='Runner_Files.Headerpage_positive_scenarios_runner.runScenario()'><b>runScenario</b><br>Test class: Runner_Files.Headerpage_positive_scenarios_runner<br>Test method: Runs Cucumber Scenarios<br>Parameters: "Validate the navigation to the alerts page on clicking Your alerts icon", "Optional[Test header in home page positive functionality]"</td>
<td></td>
<td>0</td>
<td>Runner_Files.Headerpage_positive_scenarios_runner@568ff82</td></tr>
<tr>
<td title='Runner_Files.Headerpage_positive_scenarios_runner.runScenario()'><b>runScenario</b><br>Test class: Runner_Files.Headerpage_positive_scenarios_runner<br>Test method: Runs Cucumber Scenarios<br>Parameters: "Validate that user is able to click on the Drop down tab", "Optional[Test header in home page positive functionality]"</td>
<td></td>
<td>0</td>
<td>Runner_Files.Headerpage_positive_scenarios_runner@568ff82</td></tr>
<tr>
<td title='Runner_Files.Help_positive_scenarios_runner.runScenario()'><b>runScenario</b><br>Test class: Runner_Files.Help_positive_scenarios_runner<br>Test method: Runs Cucumber Scenarios<br>Parameters: "Validate that the Frequently asked questions title  should be present in  Help page", "Optional[Validation on Help Page]"</td>
<td></td>
<td>22</td>
<td>Runner_Files.Help_positive_scenarios_runner@11c9af63</td></tr>
<tr>
<td title='Runner_Files.Help_positive_scenarios_runner.runScenario()'><b>runScenario</b><br>Test class: Runner_Files.Help_positive_scenarios_runner<br>Test method: Runs Cucumber Scenarios<br>Parameters: "Validate that the Award Points title  should be present  and able to see description", "Optional[Validation on Help Page]"</td>
<td></td>
<td>0</td>
<td>Runner_Files.Help_positive_scenarios_runner@11c9af63</td></tr>
<tr>
<td title='Runner_Files.Help_positive_scenarios_runner.runScenario()'><b>runScenario</b><br>Test class: Runner_Files.Help_positive_scenarios_runner<br>Test method: Runs Cucumber Scenarios<br>Parameters: "Validate that the Referral title  should be present  and able to see description", "Optional[Validation on Help Page]"</td>
<td></td>
<td>0</td>
<td>Runner_Files.Help_positive_scenarios_runner@11c9af63</td></tr>
<tr>
<td title='Runner_Files.Help_positive_scenarios_runner.runScenario()'><b>runScenario</b><br>Test class: Runner_Files.Help_positive_scenarios_runner<br>Test method: Runs Cucumber Scenarios<br>Parameters: "Validate that the Payments  title  should be present  and able to see description", "Optional[Validation on Help Page]"</td>
<td></td>
<td>0</td>
<td>Runner_Files.Help_positive_scenarios_runner@11c9af63</td></tr>
<tr>
<td title='Runner_Files.Help_positive_scenarios_runner.runScenario()'><b>runScenario</b><br>Test class: Runner_Files.Help_positive_scenarios_runner<br>Test method: Runs Cucumber Scenarios<br>Parameters: "Validate that the  Add coverage  title  should be present  and able to see description", "Optional[Validation on Help Page]"</td>
<td></td>
<td>1</td>
<td>Runner_Files.Help_positive_scenarios_runner@11c9af63</td></tr>
<tr>
<td title='Runner_Files.Your_profile_negative_scenarios_runner.runScenario()'><b>runScenario</b><br>Test class: Runner_Files.Your_profile_negative_scenarios_runner<br>Test method: Runs Cucumber Scenarios<br>Parameters: "Verify clicking on profile will navigates to Your profile screen", "Optional[Validation on Your profile page negative test cases]"</td>
<td></td>
<td>20</td>
<td>Runner_Files.Your_profile_negative_scenarios_runner@41c2284a</td></tr>
<tr>
<td title='Runner_Files.Your_profile_negative_scenarios_runner.runScenario()'><b>runScenario</b><br>Test class: Runner_Files.Your_profile_negative_scenarios_runner<br>Test method: Runs Cucumber Scenarios<br>Parameters: "Validate that Send Code button is disabled when they do not check the phone number", "Optional[Validation on Your profile page negative test cases]"</td>
<td></td>
<td>1</td>
<td>Runner_Files.Your_profile_negative_scenarios_runner@41c2284a</td></tr>
<tr>
<td title='Runner_Files.Your_profile_negative_scenarios_runner.runScenario()'><b>runScenario</b><br>Test class: Runner_Files.Your_profile_negative_scenarios_runner<br>Test method: Runs Cucumber Scenarios<br>Parameters: "Verify the scenario when blank 'security code and Re-enter password' fields", "Optional[Validation on Your profile page negative test cases]"</td>
<td></td>
<td>0</td>
<td>Runner_Files.Your_profile_negative_scenarios_runner@41c2284a</td></tr>
<tr>
<td title='Runner_Files.Your_profile_negative_scenarios_runner.runScenario()'><b>runScenario</b><br>Test class: Runner_Files.Your_profile_negative_scenarios_runner<br>Test method: Runs Cucumber Scenarios<br>Parameters: "Verify the scenario when entering invalid Security code  and Re-enter password", "Optional[Validation on Your profile page negative test cases]"</td>
<td></td>
<td>2</td>
<td>Runner_Files.Your_profile_negative_scenarios_runner@41c2284a</td></tr>
<tr>
<td title='Runner_Files.Your_profile_negative_scenarios_runner.runScenario()'><b>runScenario</b><br>Test class: Runner_Files.Your_profile_negative_scenarios_runner<br>Test method: Runs Cucumber Scenarios<br>Parameters: "Verify the scenario when blank 'security code or Re-enter password' fields", "Optional[Validation on Your profile page negative test cases]"</td>
<td></td>
<td>4</td>
<td>Runner_Files.Your_profile_negative_scenarios_runner@41c2284a</td></tr>
<tr>
<td title='Runner_Files.Your_profile_negative_scenarios_runner.runScenario()'><b>runScenario</b><br>Test class: Runner_Files.Your_profile_negative_scenarios_runner<br>Test method: Runs Cucumber Scenarios<br>Parameters: "Verify the scenario when unable to  Edit the primary and deactivate email", "Optional[Validation on Your profile page negative test cases]"</td>
<td></td>
<td>3</td>
<td>Runner_Files.Your_profile_negative_scenarios_runner@41c2284a</td></tr>
<tr>
<td title='Runner_Files.Your_profile_negative_scenarios_runner.runScenario()'><b>runScenario</b><br>Test class: Runner_Files.Your_profile_negative_scenarios_runner<br>Test method: Runs Cucumber Scenarios<br>Parameters: "Verify the scenario when blank Your profile Page fields", "Optional[Validation on Your profile page negative test cases]"</td>
<td></td>
<td>3</td>
<td>Runner_Files.Your_profile_negative_scenarios_runner@41c2284a</td></tr>
<tr>
<td title='Runner_Files.Your_profile_negative_scenarios_runner.runScenario()'><b>runScenario</b><br>Test class: Runner_Files.Your_profile_negative_scenarios_runner<br>Test method: Runs Cucumber Scenarios<br>Parameters: "Verify the scenario when entering invalid First name, Last name  or  Preferred name", "Optional[Validation on Your profile page negative test cases]"</td>
<td></td>
<td>1</td>
<td>Runner_Files.Your_profile_negative_scenarios_runner@41c2284a</td></tr>
<tr>
<td title='Runner_Files.Your_profile_negative_scenarios_runner.runScenario()'><b>runScenario</b><br>Test class: Runner_Files.Your_profile_negative_scenarios_runner<br>Test method: Runs Cucumber Scenarios<br>Parameters: "Verify the scenario unable to  Edit the User ID", "Optional[Validation on Your profile page negative test cases]"</td>
<td></td>
<td>0</td>
<td>Runner_Files.Your_profile_negative_scenarios_runner@41c2284a</td></tr>
<tr>
<td title='Runner_Files.Your_profile_negative_scenarios_runner.runScenario()'><b>runScenario</b><br>Test class: Runner_Files.Your_profile_negative_scenarios_runner<br>Test method: Runs Cucumber Scenarios<br>Parameters: "Validate that the user is not allowed to add email id when Email ID fields are blank", "Optional[Validation on Your profile page negative test cases]"</td>
<td></td>
<td>1</td>
<td>Runner_Files.Your_profile_negative_scenarios_runner@41c2284a</td></tr>
<tr>
<td title='Runner_Files.Your_profile_negative_scenarios_runner.runScenario()'><b>runScenario</b><br>Test class: Runner_Files.Your_profile_negative_scenarios_runner<br>Test method: Runs Cucumber Scenarios<br>Parameters: "Verify the scenario when entering invalid Email ID  or  already exist Email ID", "Optional[Validation on Your profile page negative test cases]"</td>
<td></td>
<td>1</td>
<td>Runner_Files.Your_profile_negative_scenarios_runner@41c2284a</td></tr>
<tr>
<td title='Runner_Files.Your_profile_negative_scenarios_runner.runScenario()'><b>runScenario</b><br>Test class: Runner_Files.Your_profile_negative_scenarios_runner<br>Test method: Runs Cucumber Scenarios<br>Parameters: "Verify the scenario when unable to  Edit the primary and deactivate phone number", "Optional[Validation on Your profile page negative test cases]"</td>
<td></td>
<td>1</td>
<td>Runner_Files.Your_profile_negative_scenarios_runner@41c2284a</td></tr>
<tr>
<td title='Runner_Files.Your_profile_negative_scenarios_runner.runScenario()'><b>runScenario</b><br>Test class: Runner_Files.Your_profile_negative_scenarios_runner<br>Test method: Runs Cucumber Scenarios<br>Parameters: "Verify the scenario when entering invalid Phone number  or  Phone number fields are blank", "Optional[Validation on Your profile page negative test cases]"</td>
<td></td>
<td>0</td>
<td>Runner_Files.Your_profile_negative_scenarios_runner@41c2284a</td></tr>
<tr>
<td title='Runner_Files.Your_profile_negative_scenarios_runner.runScenario()'><b>runScenario</b><br>Test class: Runner_Files.Your_profile_negative_scenarios_runner<br>Test method: Runs Cucumber Scenarios<br>Parameters: "Verify the scenario when unable to  Edit the primary and deactivate address", "Optional[Validation on Your profile page negative test cases]"</td>
<td></td>
<td>0</td>
<td>Runner_Files.Your_profile_negative_scenarios_runner@41c2284a</td></tr>
<tr>
<td title='Runner_Files.Your_profile_negative_scenarios_runner.runScenario()'><b>runScenario</b><br>Test class: Runner_Files.Your_profile_negative_scenarios_runner<br>Test method: Runs Cucumber Scenarios<br>Parameters: "Verify the scenario when leaving the fields blank in the Add new address Page", "Optional[Validation on Your profile page negative test cases]"</td>
<td></td>
<td>1</td>
<td>Runner_Files.Your_profile_negative_scenarios_runner@41c2284a</td></tr>
<tr>
<td title='Runner_Files.Your_profile_negative_scenarios_runner.runScenario()'><b>runScenario</b><br>Test class: Runner_Files.Your_profile_negative_scenarios_runner<br>Test method: Runs Cucumber Scenarios<br>Parameters: "Verify the scenario when entering invalid Zip code in Add new address page", "Optional[Validation on Your profile page negative test cases]"</td>
<td></td>
<td>0</td>
<td>Runner_Files.Your_profile_negative_scenarios_runner@41c2284a</td></tr>
<tr>
<td title='Runner_Files.Your_profile_negative_scenarios_runner.runScenario()'><b>runScenario</b><br>Test class: Runner_Files.Your_profile_negative_scenarios_runner<br>Test method: Runs Cucumber Scenarios<br>Parameters: "Verify the scenario when leaving the fields blank in the Add plan Page", "Optional[Validation on Your profile page negative test cases]"</td>
<td></td>
<td>3</td>
<td>Runner_Files.Your_profile_negative_scenarios_runner@41c2284a</td></tr>
<tr>
<td title='Runner_Files.Your_profile_negative_scenarios_runner.runScenario()'><b>runScenario</b><br>Test class: Runner_Files.Your_profile_negative_scenarios_runner<br>Test method: Runs Cucumber Scenarios<br>Parameters: "Verify the scenario when entering invalid First name of policy holder or Last name of policy holder  in Add plan page", "Optional[Validation on Your profile page negative test cases]"</td>
<td></td>
<td>1</td>
<td>Runner_Files.Your_profile_negative_scenarios_runner@41c2284a</td></tr>
<tr>
<td title='Runner_Files.Your_profile_negative_scenarios_runner.runScenario()'><b>runScenario</b><br>Test class: Runner_Files.Your_profile_negative_scenarios_runner<br>Test method: Runs Cucumber Scenarios<br>Parameters: "Verify the scenario when leaving the fields blank in the Change password page", "Optional[Validation on Your profile page negative test cases]"</td>
<td></td>
<td>1</td>
<td>Runner_Files.Your_profile_negative_scenarios_runner@41c2284a</td></tr>
<tr>
<td title='Runner_Files.Your_profile_negative_scenarios_runner.runScenario()'><b>runScenario</b><br>Test class: Runner_Files.Your_profile_negative_scenarios_runner<br>Test method: Runs Cucumber Scenarios<br>Parameters: "Verify the scenario when entering wrong Old password in Change password page", "Optional[Validation on Your profile page negative test cases]"</td>
<td></td>
<td>2</td>
<td>Runner_Files.Your_profile_negative_scenarios_runner@41c2284a</td></tr>
<tr>
<td title='Runner_Files.Your_profile_negative_scenarios_runner.runScenario()'><b>runScenario</b><br>Test class: Runner_Files.Your_profile_negative_scenarios_runner<br>Test method: Runs Cucumber Scenarios<br>Parameters: "Verify the scenario when invalid New password in Change password page", "Optional[Validation on Your profile page negative test cases]"</td>
<td></td>
<td>1</td>
<td>Runner_Files.Your_profile_negative_scenarios_runner@41c2284a</td></tr>
<tr>
<td title='Runner_Files.Your_profile_negative_scenarios_runner.runScenario()'><b>runScenario</b><br>Test class: Runner_Files.Your_profile_negative_scenarios_runner<br>Test method: Runs Cucumber Scenarios<br>Parameters: "Verify the scenario when entering same data in Old password and New password fields in Change password page", "Optional[Validation on Your profile page negative test cases]"</td>
<td></td>
<td>1</td>
<td>Runner_Files.Your_profile_negative_scenarios_runner@41c2284a</td></tr>
<tr>
<td title='Runner_Files.Your_profile_negative_scenarios_runner.runScenario()'><b>runScenario</b><br>Test class: Runner_Files.Your_profile_negative_scenarios_runner<br>Test method: Runs Cucumber Scenarios<br>Parameters: "Verify the scenario when entering different data in New password and Confirm new password fields", "Optional[Validation on Your profile page negative test cases]"</td>
<td></td>
<td>1</td>
<td>Runner_Files.Your_profile_negative_scenarios_runner@41c2284a</td></tr>
<tr>
<td title='Runner_Files.Your_profile_negative_scenarios_runner.runScenario()'><b>runScenario</b><br>Test class: Runner_Files.Your_profile_negative_scenarios_runner<br>Test method: Runs Cucumber Scenarios<br>Parameters: "Verify the scenario when a dialogue box appears dur to the failure of profile picture", "Optional[Validation on Your profile page negative test cases]"</td>
<td></td>
<td>69</td>
<td>Runner_Files.Your_profile_negative_scenarios_runner@41c2284a</td></tr>
<tr>
<td title='Runner_Files.Your_profile_positive_scenarios_runner.runScenario()'><b>runScenario</b><br>Test class: Runner_Files.Your_profile_positive_scenarios_runner<br>Test method: Runs Cucumber Scenarios<br>Parameters: "Validate that the  Your Profile  title  should be present in  Your Profile screen", "Optional[Validation on Your profile page positive test cases]"</td>
<td></td>
<td>19</td>
<td>Runner_Files.Your_profile_positive_scenarios_runner@78ffe6dc</td></tr>
<tr>
<td title='Runner_Files.Your_profile_positive_scenarios_runner.runScenario()'><b>runScenario</b><br>Test class: Runner_Files.Your_profile_positive_scenarios_runner<br>Test method: Runs Cucumber Scenarios<br>Parameters: "Verify the scenario when dialogue box will appear, when click on edit icon", "Optional[Validation on Your profile page positive test cases]"</td>
<td></td>
<td>2</td>
<td>Runner_Files.Your_profile_positive_scenarios_runner@78ffe6dc</td></tr>
<tr>
<td title='Runner_Files.Your_profile_positive_scenarios_runner.runScenario()'><b>runScenario</b><br>Test class: Runner_Files.Your_profile_positive_scenarios_runner<br>Test method: Runs Cucumber Scenarios<br>Parameters: "Verify the scenario when edit  the profile details", "Optional[Validation on Your profile page positive test cases]"</td>
<td></td>
<td>4</td>
<td>Runner_Files.Your_profile_positive_scenarios_runner@78ffe6dc</td></tr>
<tr>
<td title='Runner_Files.Your_profile_positive_scenarios_runner.runScenario()'><b>runScenario</b><br>Test class: Runner_Files.Your_profile_positive_scenarios_runner<br>Test method: Runs Cucumber Scenarios<br>Parameters: "Verify the scenario when adding Email ID in contact details", "Optional[Validation on Your profile page positive test cases]"</td>
<td></td>
<td>0</td>
<td>Runner_Files.Your_profile_positive_scenarios_runner@78ffe6dc</td></tr>
<tr>
<td title='Runner_Files.Your_profile_positive_scenarios_runner.runScenario()'><b>runScenario</b><br>Test class: Runner_Files.Your_profile_positive_scenarios_runner<br>Test method: Runs Cucumber Scenarios<br>Parameters: "Verify the scenario when Activate , Edit and  Deactivate the Email ID", "Optional[Validation on Your profile page positive test cases]"</td>
<td></td>
<td>2</td>
<td>Runner_Files.Your_profile_positive_scenarios_runner@78ffe6dc</td></tr>
<tr>
<td title='Runner_Files.Your_profile_positive_scenarios_runner.runScenario()'><b>runScenario</b><br>Test class: Runner_Files.Your_profile_positive_scenarios_runner<br>Test method: Runs Cucumber Scenarios<br>Parameters: "Verify the scenario when add Phone Number in contact details.", "Optional[Validation on Your profile page positive test cases]"</td>
<td></td>
<td>0</td>
<td>Runner_Files.Your_profile_positive_scenarios_runner@78ffe6dc</td></tr>
<tr>
<td title='Runner_Files.Your_profile_positive_scenarios_runner.runScenario()'><b>runScenario</b><br>Test class: Runner_Files.Your_profile_positive_scenarios_runner<br>Test method: Runs Cucumber Scenarios<br>Parameters: "Verify the scenario when Activate , Edit and  Deactivate the Phone Number", "Optional[Validation on Your profile page positive test cases]"</td>
<td></td>
<td>0</td>
<td>Runner_Files.Your_profile_positive_scenarios_runner@78ffe6dc</td></tr>
<tr>
<td title='Runner_Files.Your_profile_positive_scenarios_runner.runScenario()'><b>runScenario</b><br>Test class: Runner_Files.Your_profile_positive_scenarios_runner<br>Test method: Runs Cucumber Scenarios<br>Parameters: "Verify the scenario when add Address in contact details.", "Optional[Validation on Your profile page positive test cases]"</td>
<td></td>
<td>0</td>
<td>Runner_Files.Your_profile_positive_scenarios_runner@78ffe6dc</td></tr>
<tr>
<td title='Runner_Files.Your_profile_positive_scenarios_runner.runScenario()'><b>runScenario</b><br>Test class: Runner_Files.Your_profile_positive_scenarios_runner<br>Test method: Runs Cucumber Scenarios<br>Parameters: "Verify the scenario when Activate , Edit , Primary and  Deactivate the Address", "Optional[Validation on Your profile page positive test cases]"</td>
<td></td>
<td>10</td>
<td>Runner_Files.Your_profile_positive_scenarios_runner@78ffe6dc</td></tr>
<tr>
<td title='Runner_Files.Your_profile_positive_scenarios_runner.runScenario()'><b>runScenario</b><br>Test class: Runner_Files.Your_profile_positive_scenarios_runner<br>Test method: Runs Cucumber Scenarios<br>Parameters: "Verify the scenario when add Plan coverage", "Optional[Validation on Your profile page positive test cases]"</td>
<td></td>
<td>10</td>
<td>Runner_Files.Your_profile_positive_scenarios_runner@78ffe6dc</td></tr>
<tr>
<td title='Runner_Files.Your_profile_positive_scenarios_runner.runScenario()'><b>runScenario</b><br>Test class: Runner_Files.Your_profile_positive_scenarios_runner<br>Test method: Runs Cucumber Scenarios<br>Parameters: "Verify the scenario when Activate , Edit , Make primary and  Deactivate the Plan coverage", "Optional[Validation on Your profile page positive test cases]"</td>
<td></td>
<td>10</td>
<td>Runner_Files.Your_profile_positive_scenarios_runner@78ffe6dc</td></tr>
<tr>
<td title='Runner_Files.Your_profile_positive_scenarios_runner.runScenario()'><b>runScenario</b><br>Test class: Runner_Files.Your_profile_positive_scenarios_runner<br>Test method: Runs Cucumber Scenarios<br>Parameters: "Verify the scenario when change the password", "Optional[Validation on Your profile page positive test cases]"</td>
<td></td>
<td>10</td>
<td>Runner_Files.Your_profile_positive_scenarios_runner@78ffe6dc</td></tr>
<tr>
<td title='Runner_Files.Your_profile_positive_scenarios_runner.runScenario()'><b>runScenario</b><br>Test class: Runner_Files.Your_profile_positive_scenarios_runner<br>Test method: Runs Cucumber Scenarios<br>Parameters: "Verify the scenario when password should be displayed on clicking the eye and user can able to save the details", "Optional[Validation on Your profile page positive test cases]"</td>
<td></td>
<td>23</td>
<td>Runner_Files.Your_profile_positive_scenarios_runner@78ffe6dc</td></tr>
<tr>
<td title='Runner_Files.Homepage_positive_scenarios_runner.runScenario()'><b>runScenario</b><br>Test class: Runner_Files.Homepage_positive_scenarios_runner<br>Test method: Runs Cucumber Scenarios<br>Parameters: "Validate that the user is navigated to Welcome page", "Optional[Validation on Home Page]"</td>
<td></td>
<td>13</td>
<td>Runner_Files.Homepage_positive_scenarios_runner@2cdd0d4b</td></tr>
<tr>
<td title='Runner_Files.Homepage_positive_scenarios_runner.runScenario()'><b>runScenario</b><br>Test class: Runner_Files.Homepage_positive_scenarios_runner<br>Test method: Runs Cucumber Scenarios<br>Parameters: "Validate that the user is able to Login with valid data", "Optional[Validation on Home Page]"</td>
<td></td>
<td>2</td>
<td>Runner_Files.Homepage_positive_scenarios_runner@2cdd0d4b</td></tr>
<tr>
<td title='Runner_Files.Homepage_positive_scenarios_runner.runScenario()'><b>runScenario</b><br>Test class: Runner_Files.Homepage_positive_scenarios_runner<br>Test method: Runs Cucumber Scenarios<br>Parameters: "Validate that the user is in Home page", "Optional[Validation on Home Page]"</td>
<td></td>
<td>26</td>
<td>Runner_Files.Homepage_positive_scenarios_runner@2cdd0d4b</td></tr>
<tr>
<td title='Runner_Files.Homepage_positive_scenarios_runner.runScenario()'><b>runScenario</b><br>Test class: Runner_Files.Homepage_positive_scenarios_runner<br>Test method: Runs Cucumber Scenarios<br>Parameters: "Validate that the user is navigated to the  Refer a friend page on clicking 'Refer a friend' button", "Optional[Validation on Home Page]"</td>
<td></td>
<td>24</td>
<td>Runner_Files.Homepage_positive_scenarios_runner@2cdd0d4b</td></tr>
<tr>
<td title='Runner_Files.Homepage_positive_scenarios_runner.runScenario()'><b>runScenario</b><br>Test class: Runner_Files.Homepage_positive_scenarios_runner<br>Test method: Runs Cucumber Scenarios<br>Parameters: "Validate that the user is navigated to the Second Opinion page on clicking 'Request for second opinion' button", "Optional[Validation on Home Page]"</td>
<td></td>
<td>24</td>
<td>Runner_Files.Homepage_positive_scenarios_runner@2cdd0d4b</td></tr>
<tr>
<td title='Runner_Files.Request_second_opinion_negative_scenarios_runner.runScenario()'><b>runScenario</b><br>Test class: Runner_Files.Request_second_opinion_negative_scenarios_runner<br>Test method: Runs Cucumber Scenarios<br>Parameters: "Validate that the user is navigated to Welcome page", "Optional[Test  Request a Second Opinion negative functionality]"</td>
<td></td>
<td>14</td>
<td>Runner_Files.Request_second_opinion_negative_scenarios_runner@44a7bfbc</td></tr>
<tr>
<td title='Runner_Files.Request_second_opinion_negative_scenarios_runner.runScenario()'><b>runScenario</b><br>Test class: Runner_Files.Request_second_opinion_negative_scenarios_runner<br>Test method: Runs Cucumber Scenarios<br>Parameters: "Validate that the user is able to Login with valid data", "Optional[Test  Request a Second Opinion negative functionality]"</td>
<td></td>
<td>4</td>
<td>Runner_Files.Request_second_opinion_negative_scenarios_runner@44a7bfbc</td></tr>
<tr>
<td title='Runner_Files.Request_second_opinion_negative_scenarios_runner.runScenario()'><b>runScenario</b><br>Test class: Runner_Files.Request_second_opinion_negative_scenarios_runner<br>Test method: Runs Cucumber Scenarios<br>Parameters: "Validate that the user is able to click on 'Request for a Second opinion' button", "Optional[Test  Request a Second Opinion negative functionality]"</td>
<td></td>
<td>2</td>
<td>Runner_Files.Request_second_opinion_negative_scenarios_runner@44a7bfbc</td></tr>
<tr>
<td title='Runner_Files.Request_second_opinion_negative_scenarios_runner.runScenario()'><b>runScenario</b><br>Test class: Runner_Files.Request_second_opinion_negative_scenarios_runner<br>Test method: Runs Cucumber Scenarios<br>Parameters: "Validate that the 'Proceed' button is disabled when unchecked the check box self and I agree to DocPanels terms and condition", "Optional[Test  Request a Second Opinion negative functionality]"</td>
<td></td>
<td>0</td>
<td>Runner_Files.Request_second_opinion_negative_scenarios_runner@44a7bfbc</td></tr>
<tr>
<td title='Runner_Files.Request_second_opinion_negative_scenarios_runner.runScenario()'><b>runScenario</b><br>Test class: Runner_Files.Request_second_opinion_negative_scenarios_runner<br>Test method: Runs Cucumber Scenarios<br>Parameters: "Validate the validation message on clicking "Continue to add clinical details" button without uploading "Upload your scan page"", "Optional[Test  Request a Second Opinion negative functionality]"</td>
<td></td>
<td>0</td>
<td>Runner_Files.Request_second_opinion_negative_scenarios_runner@44a7bfbc</td></tr>
<tr>
<td title='Runner_Files.Request_second_opinion_negative_scenarios_runner.runScenario()'><b>runScenario</b><br>Test class: Runner_Files.Request_second_opinion_negative_scenarios_runner<br>Test method: Runs Cucumber Scenarios<br>Parameters: "Validate the validation message on clicking "Continue to add clinical details" button when the check box "I don not have a doctor's reports" is unchecked", "Optional[Test  Request a Second Opinion negative functionality]"</td>
<td></td>
<td>0</td>
<td>Runner_Files.Request_second_opinion_negative_scenarios_runner@44a7bfbc</td></tr>
<tr>
<td title='Runner_Files.Request_second_opinion_negative_scenarios_runner.runScenario()'><b>runScenario</b><br>Test class: Runner_Files.Request_second_opinion_negative_scenarios_runner<br>Test method: Runs Cucumber Scenarios<br>Parameters: "Validate not allowed to  click on "Continue to add clinical details" without "upload my reports"", "Optional[Test  Request a Second Opinion negative functionality]"</td>
<td></td>
<td>0</td>
<td>Runner_Files.Request_second_opinion_negative_scenarios_runner@44a7bfbc</td></tr>
<tr>
<td title='Runner_Files.Request_second_opinion_negative_scenarios_runner.runScenario()'><b>runScenario</b><br>Test class: Runner_Files.Request_second_opinion_negative_scenarios_runner<br>Test method: Runs Cucumber Scenarios<br>Parameters: "Validate  not allowed to leave  check box 'other'  unchecked", "Optional[Test  Request a Second Opinion negative functionality]"</td>
<td></td>
<td>0</td>
<td>Runner_Files.Request_second_opinion_negative_scenarios_runner@44a7bfbc</td></tr>
<tr>
<td title='Runner_Files.Request_second_opinion_negative_scenarios_runner.runScenario()'><b>runScenario</b><br>Test class: Runner_Files.Request_second_opinion_negative_scenarios_runner<br>Test method: Runs Cucumber Scenarios<br>Parameters: "Validate that the user is not allowed to proceed when 'First name' and 'Last name' fields are blank", "Optional[Test  Request a Second Opinion negative functionality]"</td>
<td></td>
<td>3</td>
<td>Runner_Files.Request_second_opinion_negative_scenarios_runner@44a7bfbc</td></tr>
<tr>
<td title='Runner_Files.Request_second_opinion_negative_scenarios_runner.runScenario()'><b>runScenario</b><br>Test class: Runner_Files.Request_second_opinion_negative_scenarios_runner<br>Test method: Runs Cucumber Scenarios<br>Parameters: "Validate that the user is not allowed leave blank 'First name' field", "Optional[Test  Request a Second Opinion negative functionality]"</td>
<td></td>
<td>3</td>
<td>Runner_Files.Request_second_opinion_negative_scenarios_runner@44a7bfbc</td></tr>
<tr>
<td title='Runner_Files.Request_second_opinion_negative_scenarios_runner.runScenario()'><b>runScenario</b><br>Test class: Runner_Files.Request_second_opinion_negative_scenarios_runner<br>Test method: Runs Cucumber Scenarios<br>Parameters: "Validate that the user is not allowed leave blank 'Last name' field", "Optional[Test  Request a Second Opinion negative functionality]"</td>
<td></td>
<td>3</td>
<td>Runner_Files.Request_second_opinion_negative_scenarios_runner@44a7bfbc</td></tr>
<tr>
<td title='Runner_Files.Request_second_opinion_negative_scenarios_runner.runScenario()'><b>runScenario</b><br>Test class: Runner_Files.Request_second_opinion_negative_scenarios_runner<br>Test method: Runs Cucumber Scenarios<br>Parameters: "Validate that the user should get a validation message on entering invalid 'First name'  and 'Last name'", "Optional[Test  Request a Second Opinion negative functionality]"</td>
<td></td>
<td>4</td>
<td>Runner_Files.Request_second_opinion_negative_scenarios_runner@44a7bfbc</td></tr>
<tr>
<td title='Runner_Files.Request_second_opinion_negative_scenarios_runner.runScenario()'><b>runScenario</b><br>Test class: Runner_Files.Request_second_opinion_negative_scenarios_runner<br>Test method: Runs Cucumber Scenarios<br>Parameters: "Validate that the user is not allowed to Proceed with invalid 'First name' and valid 'Last name'", "Optional[Test  Request a Second Opinion negative functionality]"</td>
<td></td>
<td>4</td>
<td>Runner_Files.Request_second_opinion_negative_scenarios_runner@44a7bfbc</td></tr>
<tr>
<td title='Runner_Files.Request_second_opinion_negative_scenarios_runner.runScenario()'><b>runScenario</b><br>Test class: Runner_Files.Request_second_opinion_negative_scenarios_runner<br>Test method: Runs Cucumber Scenarios<br>Parameters: "Validate that the user is not allowed to Proceed with valid 'First name' and invalid 'Last name'", "Optional[Test  Request a Second Opinion negative functionality]"</td>
<td></td>
<td>0</td>
<td>Runner_Files.Request_second_opinion_negative_scenarios_runner@44a7bfbc</td></tr>
<tr>
<td title='Runner_Files.Request_second_opinion_negative_scenarios_runner.runScenario()'><b>runScenario</b><br>Test class: Runner_Files.Request_second_opinion_negative_scenarios_runner<br>Test method: Runs Cucumber Scenarios<br>Parameters: "Validate that the "Proceed" button is disabled when  unchecked  the check box 'I agree to DocPanels terms and condition'", "Optional[Test  Request a Second Opinion negative functionality]"</td>
<td></td>
<td>0</td>
<td>Runner_Files.Request_second_opinion_negative_scenarios_runner@44a7bfbc</td></tr>
<tr>
<td title='Runner_Files.Request_second_opinion_positive_scenarios_runner.runScenario()'><b>runScenario</b><br>Test class: Runner_Files.Request_second_opinion_positive_scenarios_runner<br>Test method: Runs Cucumber Scenarios<br>Parameters: "Validate that user must be able to view Request for a second opinion under Home page", "Optional[Test  Request a Second Opinion positive functionality]"</td>
<td></td>
<td>28</td>
<td>Runner_Files.Request_second_opinion_positive_scenarios_runner@2beee7ff</td></tr>
<tr>
<td title='Runner_Files.Request_second_opinion_positive_scenarios_runner.runScenario()'><b>runScenario</b><br>Test class: Runner_Files.Request_second_opinion_positive_scenarios_runner<br>Test method: Runs Cucumber Scenarios<br>Parameters: "Validate that user must be able to view the texts on the landing page", "Optional[Test  Request a Second Opinion positive functionality]"</td>
<td></td>
<td>10</td>
<td>Runner_Files.Request_second_opinion_positive_scenarios_runner@2beee7ff</td></tr>
<tr>
<td title='Runner_Files.Request_second_opinion_positive_scenarios_runner.runScenario()'><b>runScenario</b><br>Test class: Runner_Files.Request_second_opinion_positive_scenarios_runner<br>Test method: Runs Cucumber Scenarios<br>Parameters: "Validate that user can able to view  box  with  additional information at the bottom of page", "Optional[Test  Request a Second Opinion positive functionality]"</td>
<td></td>
<td>0</td>
<td>Runner_Files.Request_second_opinion_positive_scenarios_runner@2beee7ff</td></tr>
<tr>
<td title='Runner_Files.Request_second_opinion_positive_scenarios_runner.runScenario()'><b>runScenario</b><br>Test class: Runner_Files.Request_second_opinion_positive_scenarios_runner<br>Test method: Runs Cucumber Scenarios<br>Parameters: "Validate that the user should navigated to Upload Scans page when Proceed button is clicked", "Optional[Test  Request a Second Opinion positive functionality]"</td>
<td></td>
<td>0</td>
<td>Runner_Files.Request_second_opinion_positive_scenarios_runner@2beee7ff</td></tr>
<tr>
<td title='Runner_Files.Request_second_opinion_positive_scenarios_runner.runScenario()'><b>runScenario</b><br>Test class: Runner_Files.Request_second_opinion_positive_scenarios_runner<br>Test method: Runs Cucumber Scenarios<br>Parameters: "Validate that user should be able to view the bar and links are working or not", "Optional[Test  Request a Second Opinion positive functionality]"</td>
<td></td>
<td>0</td>
<td>Runner_Files.Request_second_opinion_positive_scenarios_runner@2beee7ff</td></tr>
<tr>
<td title='Runner_Files.Request_second_opinion_positive_scenarios_runner.runScenario()'><b>runScenario</b><br>Test class: Runner_Files.Request_second_opinion_positive_scenarios_runner<br>Test method: Runs Cucumber Scenarios<br>Parameters: "Validate that the user should be able to upload scans by clicking on 'Upload my scans' button", "Optional[Test  Request a Second Opinion positive functionality]"</td>
<td></td>
<td>0</td>
<td>Runner_Files.Request_second_opinion_positive_scenarios_runner@2beee7ff</td></tr>
<tr>
<td title='Runner_Files.Request_second_opinion_positive_scenarios_runner.runScenario()'><b>runScenario</b><br>Test class: Runner_Files.Request_second_opinion_positive_scenarios_runner<br>Test method: Runs Cucumber Scenarios<br>Parameters: "Validate that the user should be able to upload reports by clicking on 'Upload my reports' button", "Optional[Test  Request a Second Opinion positive functionality]"</td>
<td></td>
<td>0</td>
<td>Runner_Files.Request_second_opinion_positive_scenarios_runner@2beee7ff</td></tr>
<tr>
<td title='Runner_Files.Request_second_opinion_positive_scenarios_runner.runScenario()'><b>runScenario</b><br>Test class: Runner_Files.Request_second_opinion_positive_scenarios_runner<br>Test method: Runs Cucumber Scenarios<br>Parameters: "Validate that the user should be able to view the dialogue box when I do not have a doctors report checkbox", "Optional[Test  Request a Second Opinion positive functionality]"</td>
<td></td>
<td>0</td>
<td>Runner_Files.Request_second_opinion_positive_scenarios_runner@2beee7ff</td></tr>
<tr>
<td title='Runner_Files.Request_second_opinion_positive_scenarios_runner.runScenario()'><b>runScenario</b><br>Test class: Runner_Files.Request_second_opinion_positive_scenarios_runner<br>Test method: Runs Cucumber Scenarios<br>Parameters: "Validate that the user should navigated to Upload Scans page by checking Other check box and by entering details", "Optional[Test  Request a Second Opinion positive functionality]"</td>
<td></td>
<td>19</td>
<td>Runner_Files.Request_second_opinion_positive_scenarios_runner@2beee7ff</td></tr>
<tr>
<td title='Runner_Files.Refer_a_friend_positive_scenarios_runner.runScenario()'><b>runScenario</b><br>Test class: Runner_Files.Refer_a_friend_positive_scenarios_runner<br>Test method: Runs Cucumber Scenarios<br>Parameters: "Validate that user can able to view Refer a Friend under Home page", "Optional[Test refer a friend positive functionality]"</td>
<td></td>
<td>18</td>
<td>Runner_Files.Refer_a_friend_positive_scenarios_runner@40cb8df7</td></tr>
<tr>
<td title='Runner_Files.Refer_a_friend_positive_scenarios_runner.runScenario()'><b>runScenario</b><br>Test class: Runner_Files.Refer_a_friend_positive_scenarios_runner<br>Test method: Runs Cucumber Scenarios<br>Parameters: "Validate that user can able to click on Refer a Friend button", "Optional[Test refer a friend positive functionality]"</td>
<td></td>
<td>2</td>
<td>Runner_Files.Refer_a_friend_positive_scenarios_runner@40cb8df7</td></tr>
<tr>
<td title='Runner_Files.Refer_a_friend_positive_scenarios_runner.runScenario()'><b>runScenario</b><br>Test class: Runner_Files.Refer_a_friend_positive_scenarios_runner<br>Test method: Runs Cucumber Scenarios<br>Parameters: "Validate that user must be able to view the referral code text", "Optional[Test refer a friend positive functionality]"</td>
<td></td>
<td>0</td>
<td>Runner_Files.Refer_a_friend_positive_scenarios_runner@40cb8df7</td></tr>
<tr>
<td title='Runner_Files.Refer_a_friend_positive_scenarios_runner.runScenario()'><b>runScenario</b><br>Test class: Runner_Files.Refer_a_friend_positive_scenarios_runner<br>Test method: Runs Cucumber Scenarios<br>Parameters: "Validate that the user should able to see a Pop Up box when clicking on 'Share a link'", "Optional[Test refer a friend positive functionality]"</td>
<td></td>
<td>0</td>
<td>Runner_Files.Refer_a_friend_positive_scenarios_runner@40cb8df7</td></tr>
<tr>
<td title='Runner_Files.Refer_a_friend_positive_scenarios_runner.runScenario()'><b>runScenario</b><br>Test class: Runner_Files.Refer_a_friend_positive_scenarios_runner<br>Test method: Runs Cucumber Scenarios<br>Parameters: "Validate that the user should able to copy the link", "Optional[Test refer a friend positive functionality]"</td>
<td></td>
<td>0</td>
<td>Runner_Files.Refer_a_friend_positive_scenarios_runner@40cb8df7</td></tr>
<tr>
<td title='Runner_Files.Refer_a_friend_positive_scenarios_runner.runScenario()'><b>runScenario</b><br>Test class: Runner_Files.Refer_a_friend_positive_scenarios_runner<br>Test method: Runs Cucumber Scenarios<br>Parameters: "Validate that user can view How its works", "Optional[Test refer a friend positive functionality]"</td>
<td></td>
<td>0</td>
<td>Runner_Files.Refer_a_friend_positive_scenarios_runner@40cb8df7</td></tr>
<tr>
<td title='Runner_Files.Refer_a_friend_positive_scenarios_runner.runScenario()'><b>runScenario</b><br>Test class: Runner_Files.Refer_a_friend_positive_scenarios_runner<br>Test method: Runs Cucumber Scenarios<br>Parameters: "Validate that user can view the text Invite your friends to Mpowered Health by sharing your unique invitation code", "Optional[Test refer a friend positive functionality]"</td>
<td></td>
<td>0</td>
<td>Runner_Files.Refer_a_friend_positive_scenarios_runner@40cb8df7</td></tr>
<tr>
<td title='Runner_Files.Refer_a_friend_positive_scenarios_runner.runScenario()'><b>runScenario</b><br>Test class: Runner_Files.Refer_a_friend_positive_scenarios_runner<br>Test method: Runs Cucumber Scenarios<br>Parameters: "Validate that user can able to slide the two grids visible under How its works", "Optional[Test refer a friend positive functionality]"</td>
<td></td>
<td>0</td>
<td>Runner_Files.Refer_a_friend_positive_scenarios_runner@40cb8df7</td></tr>
<tr>
<td title='Runner_Files.Refer_a_friend_positive_scenarios_runner.runScenario()'><b>runScenario</b><br>Test class: Runner_Files.Refer_a_friend_positive_scenarios_runner<br>Test method: Runs Cucumber Scenarios<br>Parameters: "Validate that user can clicks on the link More information & FAQ and navigated to Frequently asked questions page", "Optional[Test refer a friend positive functionality]"</td>
<td></td>
<td>0</td>
<td>Runner_Files.Refer_a_friend_positive_scenarios_runner@40cb8df7</td></tr>
<tr>
<td title='Runner_Files.Refer_a_friend_positive_scenarios_runner.runScenario()'><b>runScenario</b><br>Test class: Runner_Files.Refer_a_friend_positive_scenarios_runner<br>Test method: Runs Cucumber Scenarios<br>Parameters: "Validate that the user should able to view list of frequently asked questions", "Optional[Test refer a friend positive functionality]"</td>
<td></td>
<td>0</td>
<td>Runner_Files.Refer_a_friend_positive_scenarios_runner@40cb8df7</td></tr>
<tr>
<td title='Runner_Files.Services_positive_scenarios_runner.runScenario()'><b>runScenario</b><br>Test class: Runner_Files.Services_positive_scenarios_runner<br>Test method: Runs Cucumber Scenarios<br>Parameters: "Validate that the user is able to login with valid credentials", "Optional[Validation Services Pages]"</td>
<td></td>
<td>23</td>
<td>Runner_Files.Services_positive_scenarios_runner@5fa07e12</td></tr>
<tr>
<td title='Runner_Files.Services_positive_scenarios_runner.runScenario()'><b>runScenario</b><br>Test class: Runner_Files.Services_positive_scenarios_runner<br>Test method: Runs Cucumber Scenarios<br>Parameters: "Validate that the user is able to click on the Services tab", "Optional[Validation Services Pages]"</td>
<td></td>
<td>0</td>
<td>Runner_Files.Services_positive_scenarios_runner@5fa07e12</td></tr>
<tr>
<td title='Runner_Files.Services_positive_scenarios_runner.runScenario()'><b>runScenario</b><br>Test class: Runner_Files.Services_positive_scenarios_runner<br>Test method: Runs Cucumber Scenarios<br>Parameters: "Validate that the user is able to click on the grid tiles", "Optional[Validation Services Pages]"</td>
<td></td>
<td>8</td>
<td>Runner_Files.Services_positive_scenarios_runner@5fa07e12</td></tr>
<tr>
<td title='Runner_Files.Second_opinion_dashboard_positive_scenarios_runner.runScenario()'><b>runScenario</b><br>Test class: Runner_Files.Second_opinion_dashboard_positive_scenarios_runner<br>Test method: Runs Cucumber Scenarios<br>Parameters: "Validate that the user is able to login with valid credentials", "Optional[User should be able to click on the Services tab and  navigates to Services page]"</td>
<td></td>
<td>21</td>
<td>Runner_Files.Second_opinion_dashboard_positive_scenarios_runner@4da4253</td></tr>
<tr>
<td title='Runner_Files.Second_opinion_dashboard_positive_scenarios_runner.runScenario()'><b>runScenario</b><br>Test class: Runner_Files.Second_opinion_dashboard_positive_scenarios_runner<br>Test method: Runs Cucumber Scenarios<br>Parameters: "Validate that the user is able to click on the Second Opinion tab", "Optional[User should be able to click on the Services tab and  navigates to Services page]"</td>
<td></td>
<td>0</td>
<td>Runner_Files.Second_opinion_dashboard_positive_scenarios_runner@4da4253</td></tr>
<tr>
<td title='Runner_Files.Second_opinion_dashboard_positive_scenarios_runner.runScenario()'><b>runScenario</b><br>Test class: Runner_Files.Second_opinion_dashboard_positive_scenarios_runner<br>Test method: Runs Cucumber Scenarios<br>Parameters: "Validate that the user is able to click on Resume Cases and is navigated to uplaod scans page", "Optional[User should be able to click on the Services tab and  navigates to Services page]"</td>
<td></td>
<td>10</td>
<td>Runner_Files.Second_opinion_dashboard_positive_scenarios_runner@4da4253</td></tr>
<tr>
<td title='Runner_Files.Second_opinion_dashboard_positive_scenarios_runner.runScenario()'><b>runScenario</b><br>Test class: Runner_Files.Second_opinion_dashboard_positive_scenarios_runner<br>Test method: Runs Cucumber Scenarios<br>Parameters: "Validate that user should be able to view the bar with Upload Scans as green color at the top of the page and links are working or not", "Optional[User should be able to click on the Services tab and  navigates to Services page]"</td>
<td></td>
<td>3</td>
<td>Runner_Files.Second_opinion_dashboard_positive_scenarios_runner@4da4253</td></tr>
<tr>
<td title='Runner_Files.Second_opinion_dashboard_positive_scenarios_runner.runScenario()'><b>runScenario</b><br>Test class: Runner_Files.Second_opinion_dashboard_positive_scenarios_runner<br>Test method: Runs Cucumber Scenarios<br>Parameters: "Validate that the user should be able to upload scans by clicking on Upload my scans button", "Optional[User should be able to click on the Services tab and  navigates to Services page]"</td>
<td></td>
<td>11</td>
<td>Runner_Files.Second_opinion_dashboard_positive_scenarios_runner@4da4253</td></tr>
<tr>
<td title='Runner_Files.Second_opinion_dashboard_positive_scenarios_runner.runScenario()'><b>runScenario</b><br>Test class: Runner_Files.Second_opinion_dashboard_positive_scenarios_runner<br>Test method: Runs Cucumber Scenarios<br>Parameters: "Validate that the user should be able to view the dialogue box when I do not have a doctor's report checkbox", "Optional[User should be able to click on the Services tab and  navigates to Services page]"</td>
<td></td>
<td>0</td>
<td>Runner_Files.Second_opinion_dashboard_positive_scenarios_runner@4da4253</td></tr>
<tr>
<td title='Runner_Files.Second_opinion_dashboard_positive_scenarios_runner.runScenario()'><b>runScenario</b><br>Test class: Runner_Files.Second_opinion_dashboard_positive_scenarios_runner<br>Test method: Runs Cucumber Scenarios<br>Parameters: "Validate that the user should be able to upload reports by clicking on Upload my reports button", "Optional[User should be able to click on the Services tab and  navigates to Services page]"</td>
<td></td>
<td>3</td>
<td>Runner_Files.Second_opinion_dashboard_positive_scenarios_runner@4da4253</td></tr>
<tr>
<td title='Runner_Files.Second_opinion_dashboard_positive_scenarios_runner.runScenario()'><b>runScenario</b><br>Test class: Runner_Files.Second_opinion_dashboard_positive_scenarios_runner<br>Test method: Runs Cucumber Scenarios<br>Parameters: "Validate that User is able to click on Requested tab", "Optional[User should be able to click on the Services tab and  navigates to Services page]"</td>
<td></td>
<td>12</td>
<td>Runner_Files.Second_opinion_dashboard_positive_scenarios_runner@4da4253</td></tr>
<tr>
<td title='Runner_Files.Second_opinion_dashboard_positive_scenarios_runner.runScenario()'><b>runScenario</b><br>Test class: Runner_Files.Second_opinion_dashboard_positive_scenarios_runner<br>Test method: Runs Cucumber Scenarios<br>Parameters: "Validate that User is able to click on Reviewed tag", "Optional[User should be able to click on the Services tab and  navigates to Services page]"</td>
<td></td>
<td>4</td>
<td>Runner_Files.Second_opinion_dashboard_positive_scenarios_runner@4da4253</td></tr>
<tr>
<td title='Runner_Files.Bills_positive_scenarios_runner.runScenario()'><b>runScenario</b><br>Test class: Runner_Files.Bills_positive_scenarios_runner<br>Test method: Runs Cucumber Scenarios<br>Parameters: "Validate navigation to bills page", "Optional[Validation on Bills page]"</td>
<td></td>
<td>19</td>
<td>Runner_Files.Bills_positive_scenarios_runner@19d481b</td></tr>
<tr>
<td title='Runner_Files.Bills_positive_scenarios_runner.runScenario()'><b>runScenario</b><br>Test class: Runner_Files.Bills_positive_scenarios_runner<br>Test method: Runs Cucumber Scenarios<br>Parameters: "Validate that the user can able to view Total bills due below the Bills title", "Optional[Validation on Bills page]"</td>
<td></td>
<td>0</td>
<td>Runner_Files.Bills_positive_scenarios_runner@19d481b</td></tr>
<tr>
<td title='Runner_Files.Bills_positive_scenarios_runner.runScenario()'><b>runScenario</b><br>Test class: Runner_Files.Bills_positive_scenarios_runner<br>Test method: Runs Cucumber Scenarios<br>Parameters: "Validate that the user can able to select Newest option from the dropdown", "Optional[Validation on Bills page]"</td>
<td></td>
<td>0</td>
<td>Runner_Files.Bills_positive_scenarios_runner@19d481b</td></tr>
<tr>
<td title='Runner_Files.Bills_positive_scenarios_runner.runScenario()'><b>runScenario</b><br>Test class: Runner_Files.Bills_positive_scenarios_runner<br>Test method: Runs Cucumber Scenarios<br>Parameters: "Validate that the user can view bills as two sections such as 'Due and Paid'", "Optional[Validation on Bills page]"</td>
<td></td>
<td>0</td>
<td>Runner_Files.Bills_positive_scenarios_runner@19d481b</td></tr>
<tr>
<td title='Runner_Files.Bills_positive_scenarios_runner.runScenario()'><b>runScenario</b><br>Test class: Runner_Files.Bills_positive_scenarios_runner<br>Test method: Runs Cucumber Scenarios<br>Parameters: "Validate that user can slide the grid below the Bills page title.", "Optional[Validation on Bills page]"</td>
<td></td>
<td>0</td>
<td>Runner_Files.Bills_positive_scenarios_runner@19d481b</td></tr>
<tr>
<td title='Runner_Files.Bills_positive_scenarios_runner.runScenario()'><b>runScenario</b><br>Test class: Runner_Files.Bills_positive_scenarios_runner<br>Test method: Runs Cucumber Scenarios<br>Parameters: "Validate that the user can able to click on 'Pay a Bill' button", "Optional[Validation on Bills page]"</td>
<td></td>
<td>0</td>
<td>Runner_Files.Bills_positive_scenarios_runner@19d481b</td></tr>
<tr>
<td title='Runner_Files.Bills_positive_scenarios_runner.runScenario()'><b>runScenario</b><br>Test class: Runner_Files.Bills_positive_scenarios_runner<br>Test method: Runs Cucumber Scenarios<br>Parameters: "Validate that the user can able to click on Explore Services button", "Optional[Validation on Bills page]"</td>
<td></td>
<td>0</td>
<td>Runner_Files.Bills_positive_scenarios_runner@19d481b</td></tr>
<tr>
<td title='Runner_Files.Bills_positive_scenarios_runner.runScenario()'><b>runScenario</b><br>Test class: Runner_Files.Bills_positive_scenarios_runner<br>Test method: Runs Cucumber Scenarios<br>Parameters: "Validate that the user will get validation message when expense is $0", "Optional[Validation on Bills page]"</td>
<td></td>
<td>5</td>
<td>Runner_Files.Bills_positive_scenarios_runner@19d481b</td></tr>
<tr>
<td title='Runner_Files.Circles_negative_scenarios_runner.runScenario()'><b>runScenario</b><br>Test class: Runner_Files.Circles_negative_scenarios_runner<br>Test method: Runs Cucumber Scenarios<br>Parameters: "Validate that Proceed button is disabled and do not select a provider from the drop down", "Optional[Test Circle negative functionality]"</td>
<td></td>
<td>20</td>
<td>Runner_Files.Circles_negative_scenarios_runner@61386958</td></tr>
<tr>
<td title='Runner_Files.Circles_negative_scenarios_runner.runScenario()'><b>runScenario</b><br>Test class: Runner_Files.Circles_negative_scenarios_runner<br>Test method: Runs Cucumber Scenarios<br>Parameters: "Validate login when Username and Password fields are blank", "Optional[Test Circle negative functionality]"</td>
<td></td>
<td>0</td>
<td>Runner_Files.Circles_negative_scenarios_runner@61386958</td></tr>
<tr>
<td title='Runner_Files.Circles_negative_scenarios_runner.runScenario()'><b>runScenario</b><br>Test class: Runner_Files.Circles_negative_scenarios_runner<br>Test method: Runs Cucumber Scenarios<br>Parameters: "Validate invalid Username  and Password in the Login Page", "Optional[Test Circle negative functionality]"</td>
<td></td>
<td>0</td>
<td>Runner_Files.Circles_negative_scenarios_runner@61386958</td></tr>
<tr>
<td title='Runner_Files.Circles_negative_scenarios_runner.runScenario()'><b>runScenario</b><br>Test class: Runner_Files.Circles_negative_scenarios_runner<br>Test method: Runs Cucumber Scenarios<br>Parameters: "Validate when Username field is blank", "Optional[Test Circle negative functionality]"</td>
<td></td>
<td>0</td>
<td>Runner_Files.Circles_negative_scenarios_runner@61386958</td></tr>
<tr>
<td title='Runner_Files.Circles_negative_scenarios_runner.runScenario()'><b>runScenario</b><br>Test class: Runner_Files.Circles_negative_scenarios_runner<br>Test method: Runs Cucumber Scenarios<br>Parameters: "Validate when Password field is blank", "Optional[Test Circle negative functionality]"</td>
<td></td>
<td>0</td>
<td>Runner_Files.Circles_negative_scenarios_runner@61386958</td></tr>
<tr>
<td title='Runner_Files.Circles_negative_scenarios_runner.runScenario()'><b>runScenario</b><br>Test class: Runner_Files.Circles_negative_scenarios_runner<br>Test method: Runs Cucumber Scenarios<br>Parameters: "Validate the login with valid Usename and invalid Password", "Optional[Test Circle negative functionality]"</td>
<td></td>
<td>0</td>
<td>Runner_Files.Circles_negative_scenarios_runner@61386958</td></tr>
<tr>
<td title='Runner_Files.Circles_negative_scenarios_runner.runScenario()'><b>runScenario</b><br>Test class: Runner_Files.Circles_negative_scenarios_runner<br>Test method: Runs Cucumber Scenarios<br>Parameters: "Validate that the user is not allowed to login with invalid Usename and valid Password", "Optional[Test Circle negative functionality]"</td>
<td></td>
<td>5</td>
<td>Runner_Files.Circles_negative_scenarios_runner@61386958</td></tr>
<tr>
<td title='Runner_Files.Circles_positive_scenarios_runner.runScenario()'><b>runScenario</b><br>Test class: Runner_Files.Circles_positive_scenarios_runner<br>Test method: Runs Cucumber Scenarios<br>Parameters: "Validate that a user is taken to the Circles page when they click on the Circles tab", "Optional[Test Circle positive functionality]"</td>
<td></td>
<td>23</td>
<td>Runner_Files.Circles_positive_scenarios_runner@3a6bb9bf</td></tr>
<tr>
<td title='Runner_Files.Circles_positive_scenarios_runner.runScenario()'><b>runScenario</b><br>Test class: Runner_Files.Circles_positive_scenarios_runner<br>Test method: Runs Cucumber Scenarios<br>Parameters: "Validate able to click on Add a Partner and options pop up", "Optional[Test Circle positive functionality]"</td>
<td></td>
<td>0</td>
<td>Runner_Files.Circles_positive_scenarios_runner@3a6bb9bf</td></tr>
<tr>
<td title='Runner_Files.Circles_positive_scenarios_runner.runScenario()'><b>runScenario</b><br>Test class: Runner_Files.Circles_positive_scenarios_runner<br>Test method: Runs Cucumber Scenarios<br>Parameters: "Validate clicks on Add a Provider option under Add a Partner drop-down", "Optional[Test Circle positive functionality]"</td>
<td></td>
<td>0</td>
<td>Runner_Files.Circles_positive_scenarios_runner@3a6bb9bf</td></tr>
<tr>
<td title='Runner_Files.Circles_positive_scenarios_runner.runScenario()'><b>runScenario</b><br>Test class: Runner_Files.Circles_positive_scenarios_runner<br>Test method: Runs Cucumber Scenarios<br>Parameters: "Validate Forgot username? link", "Optional[Test Circle positive functionality]"</td>
<td></td>
<td>0</td>
<td>Runner_Files.Circles_positive_scenarios_runner@3a6bb9bf</td></tr>
<tr>
<td title='Runner_Files.Circles_positive_scenarios_runner.runScenario()'><b>runScenario</b><br>Test class: Runner_Files.Circles_positive_scenarios_runner<br>Test method: Runs Cucumber Scenarios<br>Parameters: "Validate Forgot password? link", "Optional[Test Circle positive functionality]"</td>
<td></td>
<td>0</td>
<td>Runner_Files.Circles_positive_scenarios_runner@3a6bb9bf</td></tr>
<tr>
<td title='Runner_Files.Circles_positive_scenarios_runner.runScenario()'><b>runScenario</b><br>Test class: Runner_Files.Circles_positive_scenarios_runner<br>Test method: Runs Cucumber Scenarios<br>Parameters: "Validate USERNAME and PASSWORD field", "Optional[Test Circle positive functionality]"</td>
<td></td>
<td>0</td>
<td>Runner_Files.Circles_positive_scenarios_runner@3a6bb9bf</td></tr>
<tr>
<td title='Runner_Files.Circles_positive_scenarios_runner.runScenario()'><b>runScenario</b><br>Test class: Runner_Files.Circles_positive_scenarios_runner<br>Test method: Runs Cucumber Scenarios<br>Parameters: "Validate that the password displayed on clicking the eye", "Optional[Test Circle positive functionality]"</td>
<td></td>
<td>0</td>
<td>Runner_Files.Circles_positive_scenarios_runner@3a6bb9bf</td></tr>
<tr>
<td title='Runner_Files.Circles_positive_scenarios_runner.runScenario()'><b>runScenario</b><br>Test class: Runner_Files.Circles_positive_scenarios_runner<br>Test method: Runs Cucumber Scenarios<br>Parameters: "Validate Login with valid data", "Optional[Test Circle positive functionality]"</td>
<td></td>
<td>1</td>
<td>Runner_Files.Circles_positive_scenarios_runner@3a6bb9bf</td></tr>
<tr>
<td title='Runner_Files.Circles_positive_scenarios_runner.runScenario()'><b>runScenario</b><br>Test class: Runner_Files.Circles_positive_scenarios_runner<br>Test method: Runs Cucumber Scenarios<br>Parameters: "My Medicare icon in the Circles page and also it should be clickable", "Optional[Test Circle positive functionality]"</td>
<td></td>
<td>20</td>
<td>Runner_Files.Circles_positive_scenarios_runner@3a6bb9bf</td></tr>
<tr>
<td title='Runner_Files.Utilities_negative_scenarios_runner.runScenario()'><b>runScenario</b><br>Test class: Runner_Files.Utilities_negative_scenarios_runner<br>Test method: Runs Cucumber Scenarios<br>Parameters: "Navigate to Utilities screen", "Optional[Validation on Utilities page negative test cases]"</td>
<td></td>
<td>18</td>
<td>Runner_Files.Utilities_negative_scenarios_runner@747edf66</td></tr>
<tr>
<td title='Runner_Files.Utilities_negative_scenarios_runner.runScenario()'><b>runScenario</b><br>Test class: Runner_Files.Utilities_negative_scenarios_runner<br>Test method: Runs Cucumber Scenarios<br>Parameters: "Verify the scenario when 'Add Card' fields is blank", "Optional[Validation on Utilities page negative test cases]"</td>
<td></td>
<td>1</td>
<td>Runner_Files.Utilities_negative_scenarios_runner@747edf66</td></tr>
<tr>
<td title='Runner_Files.Utilities_negative_scenarios_runner.runScenario()'><b>runScenario</b><br>Test class: Runner_Files.Utilities_negative_scenarios_runner<br>Test method: Runs Cucumber Scenarios<br>Parameters: "Verify the message on entering invalid details in the Add Card page", "Optional[Validation on Utilities page negative test cases]"</td>
<td></td>
<td>7</td>
<td>Runner_Files.Utilities_negative_scenarios_runner@747edf66</td></tr>
<tr>
<td title='Runner_Files.Utilities_negative_scenarios_runner.runScenario()'><b>runScenario</b><br>Test class: Runner_Files.Utilities_negative_scenarios_runner<br>Test method: Runs Cucumber Scenarios<br>Parameters: "Verify the scenario when 'Add Bank' fields is blank", "Optional[Validation on Utilities page negative test cases]"</td>
<td></td>
<td>1</td>
<td>Runner_Files.Utilities_negative_scenarios_runner@747edf66</td></tr>
<tr>
<td title='Runner_Files.Utilities_negative_scenarios_runner.runScenario()'><b>runScenario</b><br>Test class: Runner_Files.Utilities_negative_scenarios_runner<br>Test method: Runs Cucumber Scenarios<br>Parameters: "Verify the message on entering invalid details in the 'Add Bank' page", "Optional[Validation on Utilities page negative test cases]"</td>
<td></td>
<td>2</td>
<td>Runner_Files.Utilities_negative_scenarios_runner@747edf66</td></tr>
<tr>
<td title='Runner_Files.Utilities_negative_scenarios_runner.runScenario()'><b>runScenario</b><br>Test class: Runner_Files.Utilities_negative_scenarios_runner<br>Test method: Runs Cucumber Scenarios<br>Parameters: "Verify the redeem button when the balance is less than 2000", "Optional[Validation on Utilities page negative test cases]"</td>
<td></td>
<td>5</td>
<td>Runner_Files.Utilities_negative_scenarios_runner@747edf66</td></tr>
<tr>
<td title='Runner_Files.Utilities_positive_scenarios_runner.runScenario()'><b>runScenario</b><br>Test class: Runner_Files.Utilities_positive_scenarios_runner<br>Test method: Runs Cucumber Scenarios<br>Parameters: "Navigate to Utilities screen", "Optional[Validation on Utilities page negative test cases]"</td>
<td></td>
<td>19</td>
<td>Runner_Files.Utilities_positive_scenarios_runner@378542de</td></tr>
<tr>
<td title='Runner_Files.Utilities_positive_scenarios_runner.runScenario()'><b>runScenario</b><br>Test class: Runner_Files.Utilities_positive_scenarios_runner<br>Test method: Runs Cucumber Scenarios<br>Parameters: "Click options provided in left side navigator", "Optional[Validation on Utilities page negative test cases]"</td>
<td></td>
<td>31</td>
<td>Runner_Files.Utilities_positive_scenarios_runner@378542de</td></tr>
<tr>
<td title='Runner_Files.Utilities_positive_scenarios_runner.runScenario()'><b>runScenario</b><br>Test class: Runner_Files.Utilities_positive_scenarios_runner<br>Test method: Runs Cucumber Scenarios<br>Parameters: "Verify that click on all the Tiles in the Utilities dashboard", "Optional[Validation on Utilities page negative test cases]"</td>
<td></td>
<td>7</td>
<td>Runner_Files.Utilities_positive_scenarios_runner@378542de</td></tr>
<tr>
<td title='Runner_Files.Utilities_positive_scenarios_runner.runScenario()'><b>runScenario</b><br>Test class: Runner_Files.Utilities_positive_scenarios_runner<br>Test method: Runs Cucumber Scenarios<br>Parameters: "Add card details  in the Wallet dashboard", "Optional[Validation on Utilities page negative test cases]"</td>
<td></td>
<td>5</td>
<td>Runner_Files.Utilities_positive_scenarios_runner@378542de</td></tr>
<tr>
<td title='Runner_Files.Utilities_positive_scenarios_runner.runScenario()'><b>runScenario</b><br>Test class: Runner_Files.Utilities_positive_scenarios_runner<br>Test method: Runs Cucumber Scenarios<br>Parameters: "Add bank details  in the Wallet dashboard", "Optional[Validation on Utilities page negative test cases]"</td>
<td></td>
<td>2</td>
<td>Runner_Files.Utilities_positive_scenarios_runner@378542de</td></tr>
<tr>
<td title='Runner_Files.Utilities_positive_scenarios_runner.runScenario()'><b>runScenario</b><br>Test class: Runner_Files.Utilities_positive_scenarios_runner<br>Test method: Runs Cucumber Scenarios<br>Parameters: "Redeem points  in the Award points dashboard", "Optional[Validation on Utilities page negative test cases]"</td>
<td></td>
<td>2</td>
<td>Runner_Files.Utilities_positive_scenarios_runner@378542de</td></tr>
<tr>
<td title='Runner_Files.Award_points_negative_scenarios_runner.runScenario()'><b>runScenario</b><br>Test class: Runner_Files.Award_points_negative_scenarios_runner<br>Test method: Runs Cucumber Scenarios<br>Parameters: "Validate navigation to award points page", "Optional[Validation on Award Points Page]"</td>
<td></td>
<td>17</td>
<td>Runner_Files.Award_points_negative_scenarios_runner@67080771</td></tr>
<tr>
<td title='Runner_Files.Award_points_negative_scenarios_runner.runScenario()'><b>runScenario</b><br>Test class: Runner_Files.Award_points_negative_scenarios_runner<br>Test method: Runs Cucumber Scenarios<br>Parameters: "Verify the validation message on entering amount more than the available amount in "Redeem Award Points" page", "Optional[Validation on Award Points Page]"</td>
<td></td>
<td>3</td>
<td>Runner_Files.Award_points_negative_scenarios_runner@67080771</td></tr>
<tr>
<td title='Runner_Files.Award_points_negative_scenarios_runner.runScenario()'><b>runScenario</b><br>Test class: Runner_Files.Award_points_negative_scenarios_runner<br>Test method: Runs Cucumber Scenarios<br>Parameters: "Validate the validation message on entering amount less than the available amount in "Redeem Award Points" page", "Optional[Validation on Award Points Page]"</td>
<td></td>
<td>3</td>
<td>Runner_Files.Award_points_negative_scenarios_runner@67080771</td></tr>
<tr>
<td title='Runner_Files.Award_points_negative_scenarios_runner.runScenario()'><b>runScenario</b><br>Test class: Runner_Files.Award_points_negative_scenarios_runner<br>Test method: Runs Cucumber Scenarios<br>Parameters: "Unable to click on the 'Redeem' button on leaving the field 'Select a gift card' blank"", "Optional[Validation on Award Points Page]"</td>
<td></td>
<td>3</td>
<td>Runner_Files.Award_points_negative_scenarios_runner@67080771</td></tr>
<tr>
<td title='Runner_Files.Award_points_negative_scenarios_runner.runScenario()'><b>runScenario</b><br>Test class: Runner_Files.Award_points_negative_scenarios_runner<br>Test method: Runs Cucumber Scenarios<br>Parameters: "Unable to click on the 'Redeem' button on leaving the field 'Enter Amount' blank on "Redeem Award Points" page", "Optional[Validation on Award Points Page]"</td>
<td></td>
<td>7</td>
<td>Runner_Files.Award_points_negative_scenarios_runner@67080771</td></tr>
<tr>
<td title='Runner_Files.Award_points_positive_scenarios_runner.runScenario()'><b>runScenario</b><br>Test class: Runner_Files.Award_points_positive_scenarios_runner<br>Test method: Runs Cucumber Scenarios<br>Parameters: "Validate navigation to utility page", "Optional[User must click on the Award Point and navigated to the Reddemed award points page]"</td>
<td></td>
<td>20</td>
<td>Runner_Files.Award_points_positive_scenarios_runner@2f8dad04</td></tr>
<tr>
<td title='Runner_Files.Award_points_positive_scenarios_runner.runScenario()'><b>runScenario</b><br>Test class: Runner_Files.Award_points_positive_scenarios_runner<br>Test method: Runs Cucumber Scenarios<br>Parameters: "Validate Tile "Award Points"in the Utilities dashboard", "Optional[User must click on the Award Point and navigated to the Reddemed award points page]"</td>
<td></td>
<td>0</td>
<td>Runner_Files.Award_points_positive_scenarios_runner@2f8dad04</td></tr>
<tr>
<td title='Runner_Files.Award_points_positive_scenarios_runner.runScenario()'><b>runScenario</b><br>Test class: Runner_Files.Award_points_positive_scenarios_runner<br>Test method: Runs Cucumber Scenarios<br>Parameters: "Validate the navigation to the redeemed page", "Optional[User must click on the Award Point and navigated to the Reddemed award points page]"</td>
<td></td>
<td>0</td>
<td>Runner_Files.Award_points_positive_scenarios_runner@2f8dad04</td></tr>
</table><p>
</body>
</html>