<?xml version="1.0" encoding="UTF-8"?>
<!-- Generated by org.testng.reporters.JUnitXMLReporter -->
<testsuite ignored="0" hostname="DESKTOP-496DOAJ" failures="2" tests="7" name="Test7" time="27.492" errors="0" timestamp="2021-07-12T19:07:41 IST">
  <testcase classname="io.cucumber.testng.AbstractTestNGCucumberTests" name="runScenario" time="22.848"/>
  <testcase classname="io.cucumber.testng.AbstractTestNGCucumberTests" name="runScenario" time="0.206">
    <failure type="java.lang.AssertionError" message="expected [false] but found [true]">
      <![CDATA[java.lang.AssertionError: expected [false] but found [true]
at Help_positive_scenarios.Help_positive_scenarios.secondopinions_displayed(Help_positive_scenarios.java:81)
at ✽.verify the Second Opinions description is displayed(file:///C:/Users/Admin/Downloads/mph-web-qa-automation/src/main/java/Help_positive_scenarios/Help_positive_scenarios.feature:9)
... Removed 5 stack frames]]>
    </failure>
  </testcase> <!-- runScenario -->
  <testcase classname="io.cucumber.testng.AbstractTestNGCucumberTests" name="runScenario" time="0.198"/>
  <testcase classname="io.cucumber.testng.AbstractTestNGCucumberTests" name="runScenario" time="0.249"/>
  <testcase classname="io.cucumber.testng.AbstractTestNGCucumberTests" name="runScenario" time="0.179">
    <failure type="java.lang.AssertionError" message="expected [false] but found [true]">
      <![CDATA[java.lang.AssertionError: expected [false] but found [true]
at Help_positive_scenarios.Help_positive_scenarios.profile_displayed(Help_positive_scenarios.java:163)
at ✽.verify the Profile description is displayed(file:///C:/Users/Admin/Downloads/mph-web-qa-automation/src/main/java/Help_positive_scenarios/Help_positive_scenarios.feature:21)
... Removed 5 stack frames]]>
    </failure>
  </testcase> <!-- runScenario -->
  <testcase classname="io.cucumber.testng.AbstractTestNGCucumberTests" name="runScenario" time="0.298"/>
  <testcase classname="io.cucumber.testng.AbstractTestNGCucumberTests" name="runScenario" time="1.069"/>
</testsuite> <!-- Test7 -->
