<?xml version="1.0" encoding="UTF-8"?>
<testsuite xmlns:xsi="http://www.w3.org/2001/XMLSchema-instance" xsi:schemaLocation="https://maven.apache.org/surefire/maven-surefire-plugin/xsd/surefire-test-report.xsd" name="TestSuite" time="1,126.081" tests="193" errors="0" skipped="0" failures="17">
  <properties>
    <property name="java.runtime.name" value="OpenJDK Runtime Environment"/>
    <property name="java.vm.version" value="15.0.2+7-27"/>
    <property name="sun.boot.library.path" value="C:\Users\Admin\.p2\pool\plugins\org.eclipse.justj.openjdk.hotspot.jre.full.win32.x86_64_15.0.2.v20210201-0955\jre\bin"/>
    <property name="maven.multiModuleProjectDirectory" value="C:\Users\Admin\Downloads\mph-web-qa-automation"/>
    <property name="java.vm.vendor" value="Oracle Corporation"/>
    <property name="java.vendor.url" value="https://java.oracle.com/"/>
    <property name="guice.disable.misplaced.annotation.check" value="true"/>
    <property name="path.separator" value=";"/>
    <property name="java.vm.name" value="OpenJDK 64-Bit Server VM"/>
    <property name="sun.os.patch.level" value=""/>
    <property name="user.script" value=""/>
    <property name="user.country" value="IN"/>
    <property name="sun.java.launcher" value="SUN_STANDARD"/>
    <property name="java.vm.specification.name" value="Java Virtual Machine Specification"/>
    <property name="user.dir" value="C:\Users\Admin\Downloads\mph-web-qa-automation"/>
    <property name="java.vm.compressedOopsMode" value="32-bit"/>
    <property name="java.runtime.version" value="15.0.2+7-27"/>
    <property name="os.arch" value="amd64"/>
    <property name="java.io.tmpdir" value="C:\Users\Admin\AppData\Local\Temp\"/>
    <property name="line.separator" value="&#10;"/>
    <property name="java.vm.specification.vendor" value="Oracle Corporation"/>
    <property name="user.variant" value=""/>
    <property name="os.name" value="Windows 10"/>
    <property name="classworlds.conf" value="C:\Users\Admin\eclipse-workspace\.metadata\.plugins\org.eclipse.m2e.launching\launches\m2conf12341101129141063138.tmp"/>
    <property name="sun.jnu.encoding" value="Cp1252"/>
    <property name="java.library.path" value="C:\Users\Admin\.p2\pool\plugins\org.eclipse.justj.openjdk.hotspot.jre.full.win32.x86_64_15.0.2.v20210201-0955\jre\bin;C:\Windows\Sun\Java\bin;C:\Windows\system32;C:\Windows;C:/Users/Admin/.p2/pool/plugins/org.eclipse.justj.openjdk.hotspot.jre.full.win32.x86_64_15.0.2.v20210201-0955/jre/bin/server;C:/Users/Admin/.p2/pool/plugins/org.eclipse.justj.openjdk.hotspot.jre.full.win32.x86_64_15.0.2.v20210201-0955/jre/bin;C:\Program Files\Common Files\Oracle\Java\javapath;C:\Program Files (x86)\Common Files\Oracle\Java\javapath;C:\Windows\system32;C:\Windows;C:\Windows\System32\Wbem;C:\Windows\System32\WindowsPowerShell\v1.0\;C:\Windows\System32\OpenSSH\;C:\Program Files (x86)\Java\jdk1.8.0_291\bin;C:\Program Files\nodejs\;C:\Program Files\Git\cmd;C:\Program Files\Sublime Text 3;C:\adb;C:\Program Files\PuTTY\;C:\Users\Admin\AppData\Local\Microsoft\WindowsApps;C:\Users\Admin\AppData\Roaming\npm;C:\Program Files (x86)\Java\jdk1.8.0_291;C:\Program Files\TestProject Agent;C:\Users\Admin\Desktop;;."/>
    <property name="jdk.debug" value="release"/>
    <property name="java.class.version" value="59.0"/>
    <property name="java.specification.name" value="Java Platform API Specification"/>
    <property name="sun.management.compiler" value="HotSpot 64-Bit Tiered Compilers"/>
    <property name="os.version" value="10.0"/>
    <property name="user.home" value="C:\Users\Admin"/>
    <property name="user.timezone" value="Asia/Calcutta"/>
    <property name="file.encoding" value="Cp1252"/>
    <property name="java.specification.version" value="15"/>
    <property name="user.name" value="Admin"/>
    <property name="java.class.path" value="C:\Users\Admin\.p2\pool\plugins\org.eclipse.m2e.maven.runtime_1.16.0.20210129-0849\jars\plexus-classworlds-2.6.0.jar"/>
    <property name="java.vm.specification.version" value="15"/>
    <property name="sun.arch.data.model" value="64"/>
    <property name="sun.java.command" value="org.codehaus.plexus.classworlds.launcher.Launcher -B test"/>
    <property name="java.home" value="C:\Users\Admin\.p2\pool\plugins\org.eclipse.justj.openjdk.hotspot.jre.full.win32.x86_64_15.0.2.v20210201-0955\jre"/>
    <property name="user.language" value="en"/>
    <property name="java.specification.vendor" value="Oracle Corporation"/>
    <property name="java.vm.info" value="mixed mode"/>
    <property name="java.version" value="15.0.2"/>
    <property name="java.vendor" value="Oracle Corporation"/>
    <property name="maven.home" value="C:\Users\Admin\Downloads\mph-web-qa-automation\EMBEDDED"/>
    <property name="file.separator" value="\"/>
    <property name="java.version.date" value="2021-01-19"/>
    <property name="java.vendor.url.bug" value="https://bugreport.java.com/bugreport/"/>
    <property name="sun.io.unicode.encoding" value="UnicodeLittle"/>
    <property name="sun.cpu.endian" value="little"/>
    <property name="sun.cpu.isalist" value="amd64"/>
  </properties>
  <testcase name="runScenario" classname="Runner_Files.Landing_welcome_positive_scenarios_runner" time="13.173"/>
  <testcase name="runScenario" classname="Runner_Files.Landing_welcome_positive_scenarios_runner" time="3.634"/>
  <testcase name="runScenario" classname="Runner_Files.Landing_welcome_positive_scenarios_runner" time="5.247"/>
  <testcase name="runScenario" classname="Runner_Files.Signup_negative_scenarios_runner" time="16.193"/>
  <testcase name="runScenario" classname="Runner_Files.Signup_negative_scenarios_runner" time="1.423"/>
  <testcase name="runScenario" classname="Runner_Files.Signup_negative_scenarios_runner" time="1.271"/>
  <testcase name="runScenario" classname="Runner_Files.Signup_negative_scenarios_runner" time="0.479"/>
  <testcase name="runScenario" classname="Runner_Files.Signup_negative_scenarios_runner" time="2.187"/>
  <testcase name="runScenario" classname="Runner_Files.Signup_negative_scenarios_runner" time="3.273"/>
  <testcase name="runScenario" classname="Runner_Files.Signup_negative_scenarios_runner" time="1.109"/>
  <testcase name="runScenario" classname="Runner_Files.Signup_negative_scenarios_runner" time="1.135"/>
  <testcase name="runScenario" classname="Runner_Files.Signup_negative_scenarios_runner" time="1.389"/>
  <testcase name="runScenario" classname="Runner_Files.Signup_negative_scenarios_runner" time="0.244"/>
  <testcase name="runScenario" classname="Runner_Files.Signup_positive_scenarios_runner" time="16.862"/>
  <testcase name="runScenario" classname="Runner_Files.Signup_positive_scenarios_runner" time="3.157"/>
  <testcase name="runScenario" classname="Runner_Files.Signup_positive_scenarios_runner" time="2.452"/>
  <testcase name="runScenario" classname="Runner_Files.Signup_positive_scenarios_runner" time="1.107"/>
  <testcase name="runScenario" classname="Runner_Files.Signup_positive_scenarios_runner" time="1.417"/>
  <testcase name="runScenario" classname="Runner_Files.Signup_positive_scenarios_runner" time="2.323"/>
  <testcase name="runScenario" classname="Runner_Files.Signup_positive_scenarios_runner" time="0.236"/>
  <testcase name="runScenario" classname="Runner_Files.Login_negative_scenarios_runner" time="17.133"/>
  <testcase name="runScenario" classname="Runner_Files.Login_negative_scenarios_runner" time="2.94"/>
  <testcase name="runScenario" classname="Runner_Files.Login_negative_scenarios_runner" time="3.05"/>
  <testcase name="runScenario" classname="Runner_Files.Login_negative_scenarios_runner" time="2.911"/>
  <testcase name="runScenario" classname="Runner_Files.Login_negative_scenarios_runner" time="2.802"/>
  <testcase name="runScenario" classname="Runner_Files.Login_negative_scenarios_runner" time="1"/>
  <testcase name="runScenario" classname="Runner_Files.Login_negative_scenarios_runner" time="0.987"/>
  <testcase name="runScenario" classname="Runner_Files.Login_positive_scenarios_runner" time="22.374"/>
  <testcase name="runScenario" classname="Runner_Files.Login_positive_scenarios_runner" time="0.006"/>
  <testcase name="runScenario" classname="Runner_Files.Login_positive_scenarios_runner" time="0.008"/>
  <testcase name="runScenario" classname="Runner_Files.Login_positive_scenarios_runner" time="0.132"/>
  <testcase name="runScenario" classname="Runner_Files.Login_positive_scenarios_runner" time="3.927"/>
  <testcase name="runScenario" classname="Runner_Files.Login_positive_scenarios_runner" time="1.963"/>
  <testcase name="runScenario" classname="Runner_Files.Headerpage_positive_scenarios_runner" time="20.732"/>
  <testcase name="runScenario" classname="Runner_Files.Headerpage_positive_scenarios_runner" time="0.227"/>
  <testcase name="runScenario" classname="Runner_Files.Headerpage_positive_scenarios_runner" time="0.203"/>
  <testcase name="runScenario" classname="Runner_Files.Headerpage_positive_scenarios_runner" time="0.143"/>
  <testcase name="runScenario" classname="Runner_Files.Headerpage_positive_scenarios_runner" time="1.182">
    <failure message="element click intercepted: Element &lt;img id=&quot;icon&quot; src=&quot;data:image/svg+xml;base64,PHN2ZyB4bWxucz0iaHR0cDovL3d3dy53My5vcmcvMjAwMC9zdmciIHdpZHRoPSIyMSIgaGVpZ2h0PSIyMSIgdmlld0JveD0iMCAwIDIxIDIxIj4KICAgIDxnIGZpbGw9Im5vbmUiIGZpbGwtcnVsZT0iZXZlbm9kZCI+CiAgICAgICAgPHBhdGggZD0iTTAgMGgyMXYyMUgweiIvPgogICAgICAgIDxwYXRoIGZpbGw9IiMwMDAiIGQ9Ik05LjY4MyAxNi4xNTZMMi40NyA4Ljk0NGEuODkuODkgMCAwIDEgMC0xLjI2bC44NC0uODRhLjg5Ljg5IDAgMCAxIDEuMjU5LS4wMDJsNS43NDMgNS43MTYgNS43NDItNS43MTZhLjg5Ljg5IDAgMCAxIDEuMjU4LjAwMmwuODQxLjg0YS44OS44OSAwIDAgMSAwIDEuMjZsLTcuMjEyIDcuMjEyYS44OS44OSAwIDAgMS0xLjI2IDB6IiBvcGFjaXR5PSIuNjk5Ii8+CiAgICA8L2c+Cjwvc3ZnPgo=&quot; class=&quot;jss38 jss37 jss43&quot;&gt; is not clickable at point (1321, 39). Other element would receive the click: &lt;div aria-hidden=&quot;true&quot; style=&quot;z-index: -1; position: fixed; inset: 0px; background-color: transparent; -webkit-tap-highlight-color: transparent;&quot;&gt;&lt;/div&gt;&#10;  (Session info: chrome=91.0.4472.124)&#10;Build info: version: &apos;3.12.0&apos;, revision: &apos;7c6e0b3&apos;, time: &apos;2018-05-08T14:04:26.12Z&apos;&#10;System info: host: &apos;DESKTOP-496DOAJ&apos;, ip: &apos;192.168.28.229&apos;, os.name: &apos;Windows 10&apos;, os.arch: &apos;amd64&apos;, os.version: &apos;10.0&apos;, java.version: &apos;15.0.2&apos;&#10;Driver info: org.openqa.selenium.chrome.ChromeDriver&#10;Capabilities {acceptInsecureCerts: false, browserName: chrome, browserVersion: 91.0.4472.124, chrome: {chromedriverVersion: 91.0.4472.19 (1bf021f248676..., userDataDir: C:\Users\Admin\AppData\Loca...}, goog:chromeOptions: {debuggerAddress: localhost:58307}, javascriptEnabled: true, networkConnectionEnabled: false, pageLoadStrategy: normal, platform: WINDOWS, platformName: WINDOWS, proxy: Proxy(), setWindowRect: true, strictFileInteractability: false, timeouts: {implicit: 0, pageLoad: 300000, script: 30000}, unhandledPromptBehavior: dismiss and notify, webauthn:extension:largeBlob: true, webauthn:virtualAuthenticators: true}&#10;Session ID: ab08ebc23121c309133b2d66f3d74fbe" type="org.openqa.selenium.ElementClickInterceptedException"><![CDATA[org.openqa.selenium.ElementClickInterceptedException: 
element click intercepted: Element <img id="icon" src="data:image/svg+xml;base64,PHN2ZyB4bWxucz0iaHR0cDovL3d3dy53My5vcmcvMjAwMC9zdmciIHdpZHRoPSIyMSIgaGVpZ2h0PSIyMSIgdmlld0JveD0iMCAwIDIxIDIxIj4KICAgIDxnIGZpbGw9Im5vbmUiIGZpbGwtcnVsZT0iZXZlbm9kZCI+CiAgICAgICAgPHBhdGggZD0iTTAgMGgyMXYyMUgweiIvPgogICAgICAgIDxwYXRoIGZpbGw9IiMwMDAiIGQ9Ik05LjY4MyAxNi4xNTZMMi40NyA4Ljk0NGEuODkuODkgMCAwIDEgMC0xLjI2bC44NC0uODRhLjg5Ljg5IDAgMCAxIDEuMjU5LS4wMDJsNS43NDMgNS43MTYgNS43NDItNS43MTZhLjg5Ljg5IDAgMCAxIDEuMjU4LjAwMmwuODQxLjg0YS44OS44OSAwIDAgMSAwIDEuMjZsLTcuMjEyIDcuMjEyYS44OS44OSAwIDAgMS0xLjI2IDB6IiBvcGFjaXR5PSIuNjk5Ii8+CiAgICA8L2c+Cjwvc3ZnPgo=" class="jss38 jss37 jss43"> is not clickable at point (1321, 39). Other element would receive the click: <div aria-hidden="true" style="z-index: -1; position: fixed; inset: 0px; background-color: transparent; -webkit-tap-highlight-color: transparent;"></div>
  (Session info: chrome=91.0.4472.124)
Build info: version: '3.12.0', revision: '7c6e0b3', time: '2018-05-08T14:04:26.12Z'
System info: host: 'DESKTOP-496DOAJ', ip: '192.168.28.229', os.name: 'Windows 10', os.arch: 'amd64', os.version: '10.0', java.version: '15.0.2'
Driver info: org.openqa.selenium.chrome.ChromeDriver
Capabilities {acceptInsecureCerts: false, browserName: chrome, browserVersion: 91.0.4472.124, chrome: {chromedriverVersion: 91.0.4472.19 (1bf021f248676..., userDataDir: C:\Users\Admin\AppData\Loca...}, goog:chromeOptions: {debuggerAddress: localhost:58307}, javascriptEnabled: true, networkConnectionEnabled: false, pageLoadStrategy: normal, platform: WINDOWS, platformName: WINDOWS, proxy: Proxy(), setWindowRect: true, strictFileInteractability: false, timeouts: {implicit: 0, pageLoad: 300000, script: 30000}, unhandledPromptBehavior: dismiss and notify, webauthn:extension:largeBlob: true, webauthn:virtualAuthenticators: true}
Session ID: ab08ebc23121c309133b2d66f3d74fbe
]]></failure>
  </testcase>
  <testcase name="runScenario" classname="Runner_Files.Headerpage_positive_scenarios_runner" time="1.13">
    <failure message="element click intercepted: Element &lt;img id=&quot;icon&quot; src=&quot;data:image/svg+xml;base64,PHN2ZyB4bWxucz0iaHR0cDovL3d3dy53My5vcmcvMjAwMC9zdmciIHdpZHRoPSIyMSIgaGVpZ2h0PSIyMSIgdmlld0JveD0iMCAwIDIxIDIxIj4KICAgIDxnIGZpbGw9Im5vbmUiIGZpbGwtcnVsZT0iZXZlbm9kZCI+CiAgICAgICAgPHBhdGggZD0iTTAgMGgyMXYyMUgweiIvPgogICAgICAgIDxwYXRoIGZpbGw9IiMwMDAiIGQ9Ik05LjY4MyAxNi4xNTZMMi40NyA4Ljk0NGEuODkuODkgMCAwIDEgMC0xLjI2bC44NC0uODRhLjg5Ljg5IDAgMCAxIDEuMjU5LS4wMDJsNS43NDMgNS43MTYgNS43NDItNS43MTZhLjg5Ljg5IDAgMCAxIDEuMjU4LjAwMmwuODQxLjg0YS44OS44OSAwIDAgMSAwIDEuMjZsLTcuMjEyIDcuMjEyYS44OS44OSAwIDAgMS0xLjI2IDB6IiBvcGFjaXR5PSIuNjk5Ii8+CiAgICA8L2c+Cjwvc3ZnPgo=&quot; class=&quot;jss38 jss37 jss43&quot;&gt; is not clickable at point (1321, 39). Other element would receive the click: &lt;div aria-hidden=&quot;true&quot; style=&quot;z-index: -1; position: fixed; inset: 0px; background-color: transparent; -webkit-tap-highlight-color: transparent;&quot;&gt;&lt;/div&gt;&#10;  (Session info: chrome=91.0.4472.124)&#10;Build info: version: &apos;3.12.0&apos;, revision: &apos;7c6e0b3&apos;, time: &apos;2018-05-08T14:04:26.12Z&apos;&#10;System info: host: &apos;DESKTOP-496DOAJ&apos;, ip: &apos;192.168.28.229&apos;, os.name: &apos;Windows 10&apos;, os.arch: &apos;amd64&apos;, os.version: &apos;10.0&apos;, java.version: &apos;15.0.2&apos;&#10;Driver info: org.openqa.selenium.chrome.ChromeDriver&#10;Capabilities {acceptInsecureCerts: false, browserName: chrome, browserVersion: 91.0.4472.124, chrome: {chromedriverVersion: 91.0.4472.19 (1bf021f248676..., userDataDir: C:\Users\Admin\AppData\Loca...}, goog:chromeOptions: {debuggerAddress: localhost:58307}, javascriptEnabled: true, networkConnectionEnabled: false, pageLoadStrategy: normal, platform: WINDOWS, platformName: WINDOWS, proxy: Proxy(), setWindowRect: true, strictFileInteractability: false, timeouts: {implicit: 0, pageLoad: 300000, script: 30000}, unhandledPromptBehavior: dismiss and notify, webauthn:extension:largeBlob: true, webauthn:virtualAuthenticators: true}&#10;Session ID: ab08ebc23121c309133b2d66f3d74fbe" type="org.openqa.selenium.ElementClickInterceptedException"><![CDATA[org.openqa.selenium.ElementClickInterceptedException: 
element click intercepted: Element <img id="icon" src="data:image/svg+xml;base64,PHN2ZyB4bWxucz0iaHR0cDovL3d3dy53My5vcmcvMjAwMC9zdmciIHdpZHRoPSIyMSIgaGVpZ2h0PSIyMSIgdmlld0JveD0iMCAwIDIxIDIxIj4KICAgIDxnIGZpbGw9Im5vbmUiIGZpbGwtcnVsZT0iZXZlbm9kZCI+CiAgICAgICAgPHBhdGggZD0iTTAgMGgyMXYyMUgweiIvPgogICAgICAgIDxwYXRoIGZpbGw9IiMwMDAiIGQ9Ik05LjY4MyAxNi4xNTZMMi40NyA4Ljk0NGEuODkuODkgMCAwIDEgMC0xLjI2bC44NC0uODRhLjg5Ljg5IDAgMCAxIDEuMjU5LS4wMDJsNS43NDMgNS43MTYgNS43NDItNS43MTZhLjg5Ljg5IDAgMCAxIDEuMjU4LjAwMmwuODQxLjg0YS44OS44OSAwIDAgMSAwIDEuMjZsLTcuMjEyIDcuMjEyYS44OS44OSAwIDAgMS0xLjI2IDB6IiBvcGFjaXR5PSIuNjk5Ii8+CiAgICA8L2c+Cjwvc3ZnPgo=" class="jss38 jss37 jss43"> is not clickable at point (1321, 39). Other element would receive the click: <div aria-hidden="true" style="z-index: -1; position: fixed; inset: 0px; background-color: transparent; -webkit-tap-highlight-color: transparent;"></div>
  (Session info: chrome=91.0.4472.124)
Build info: version: '3.12.0', revision: '7c6e0b3', time: '2018-05-08T14:04:26.12Z'
System info: host: 'DESKTOP-496DOAJ', ip: '192.168.28.229', os.name: 'Windows 10', os.arch: 'amd64', os.version: '10.0', java.version: '15.0.2'
Driver info: org.openqa.selenium.chrome.ChromeDriver
Capabilities {acceptInsecureCerts: false, browserName: chrome, browserVersion: 91.0.4472.124, chrome: {chromedriverVersion: 91.0.4472.19 (1bf021f248676..., userDataDir: C:\Users\Admin\AppData\Loca...}, goog:chromeOptions: {debuggerAddress: localhost:58307}, javascriptEnabled: true, networkConnectionEnabled: false, pageLoadStrategy: normal, platform: WINDOWS, platformName: WINDOWS, proxy: Proxy(), setWindowRect: true, strictFileInteractability: false, timeouts: {implicit: 0, pageLoad: 300000, script: 30000}, unhandledPromptBehavior: dismiss and notify, webauthn:extension:largeBlob: true, webauthn:virtualAuthenticators: true}
Session ID: ab08ebc23121c309133b2d66f3d74fbe
]]></failure>
  </testcase>
  <testcase name="runScenario" classname="Runner_Files.Headerpage_positive_scenarios_runner" time="1.113">
    <failure message="element click intercepted: Element &lt;img id=&quot;icon&quot; src=&quot;data:image/svg+xml;base64,PHN2ZyB4bWxucz0iaHR0cDovL3d3dy53My5vcmcvMjAwMC9zdmciIHdpZHRoPSIyMSIgaGVpZ2h0PSIyMSIgdmlld0JveD0iMCAwIDIxIDIxIj4KICAgIDxnIGZpbGw9Im5vbmUiIGZpbGwtcnVsZT0iZXZlbm9kZCI+CiAgICAgICAgPHBhdGggZD0iTTAgMGgyMXYyMUgweiIvPgogICAgICAgIDxwYXRoIGZpbGw9IiMwMDAiIGQ9Ik05LjY4MyAxNi4xNTZMMi40NyA4Ljk0NGEuODkuODkgMCAwIDEgMC0xLjI2bC44NC0uODRhLjg5Ljg5IDAgMCAxIDEuMjU5LS4wMDJsNS43NDMgNS43MTYgNS43NDItNS43MTZhLjg5Ljg5IDAgMCAxIDEuMjU4LjAwMmwuODQxLjg0YS44OS44OSAwIDAgMSAwIDEuMjZsLTcuMjEyIDcuMjEyYS44OS44OSAwIDAgMS0xLjI2IDB6IiBvcGFjaXR5PSIuNjk5Ii8+CiAgICA8L2c+Cjwvc3ZnPgo=&quot; class=&quot;jss38 jss37 jss43&quot;&gt; is not clickable at point (1321, 39). Other element would receive the click: &lt;div aria-hidden=&quot;true&quot; style=&quot;z-index: -1; position: fixed; inset: 0px; background-color: transparent; -webkit-tap-highlight-color: transparent;&quot;&gt;&lt;/div&gt;&#10;  (Session info: chrome=91.0.4472.124)&#10;Build info: version: &apos;3.12.0&apos;, revision: &apos;7c6e0b3&apos;, time: &apos;2018-05-08T14:04:26.12Z&apos;&#10;System info: host: &apos;DESKTOP-496DOAJ&apos;, ip: &apos;192.168.28.229&apos;, os.name: &apos;Windows 10&apos;, os.arch: &apos;amd64&apos;, os.version: &apos;10.0&apos;, java.version: &apos;15.0.2&apos;&#10;Driver info: org.openqa.selenium.chrome.ChromeDriver&#10;Capabilities {acceptInsecureCerts: false, browserName: chrome, browserVersion: 91.0.4472.124, chrome: {chromedriverVersion: 91.0.4472.19 (1bf021f248676..., userDataDir: C:\Users\Admin\AppData\Loca...}, goog:chromeOptions: {debuggerAddress: localhost:58307}, javascriptEnabled: true, networkConnectionEnabled: false, pageLoadStrategy: normal, platform: WINDOWS, platformName: WINDOWS, proxy: Proxy(), setWindowRect: true, strictFileInteractability: false, timeouts: {implicit: 0, pageLoad: 300000, script: 30000}, unhandledPromptBehavior: dismiss and notify, webauthn:extension:largeBlob: true, webauthn:virtualAuthenticators: true}&#10;Session ID: ab08ebc23121c309133b2d66f3d74fbe" type="org.openqa.selenium.ElementClickInterceptedException"><![CDATA[org.openqa.selenium.ElementClickInterceptedException: 
element click intercepted: Element <img id="icon" src="data:image/svg+xml;base64,PHN2ZyB4bWxucz0iaHR0cDovL3d3dy53My5vcmcvMjAwMC9zdmciIHdpZHRoPSIyMSIgaGVpZ2h0PSIyMSIgdmlld0JveD0iMCAwIDIxIDIxIj4KICAgIDxnIGZpbGw9Im5vbmUiIGZpbGwtcnVsZT0iZXZlbm9kZCI+CiAgICAgICAgPHBhdGggZD0iTTAgMGgyMXYyMUgweiIvPgogICAgICAgIDxwYXRoIGZpbGw9IiMwMDAiIGQ9Ik05LjY4MyAxNi4xNTZMMi40NyA4Ljk0NGEuODkuODkgMCAwIDEgMC0xLjI2bC44NC0uODRhLjg5Ljg5IDAgMCAxIDEuMjU5LS4wMDJsNS43NDMgNS43MTYgNS43NDItNS43MTZhLjg5Ljg5IDAgMCAxIDEuMjU4LjAwMmwuODQxLjg0YS44OS44OSAwIDAgMSAwIDEuMjZsLTcuMjEyIDcuMjEyYS44OS44OSAwIDAgMS0xLjI2IDB6IiBvcGFjaXR5PSIuNjk5Ii8+CiAgICA8L2c+Cjwvc3ZnPgo=" class="jss38 jss37 jss43"> is not clickable at point (1321, 39). Other element would receive the click: <div aria-hidden="true" style="z-index: -1; position: fixed; inset: 0px; background-color: transparent; -webkit-tap-highlight-color: transparent;"></div>
  (Session info: chrome=91.0.4472.124)
Build info: version: '3.12.0', revision: '7c6e0b3', time: '2018-05-08T14:04:26.12Z'
System info: host: 'DESKTOP-496DOAJ', ip: '192.168.28.229', os.name: 'Windows 10', os.arch: 'amd64', os.version: '10.0', java.version: '15.0.2'
Driver info: org.openqa.selenium.chrome.ChromeDriver
Capabilities {acceptInsecureCerts: false, browserName: chrome, browserVersion: 91.0.4472.124, chrome: {chromedriverVersion: 91.0.4472.19 (1bf021f248676..., userDataDir: C:\Users\Admin\AppData\Loca...}, goog:chromeOptions: {debuggerAddress: localhost:58307}, javascriptEnabled: true, networkConnectionEnabled: false, pageLoadStrategy: normal, platform: WINDOWS, platformName: WINDOWS, proxy: Proxy(), setWindowRect: true, strictFileInteractability: false, timeouts: {implicit: 0, pageLoad: 300000, script: 30000}, unhandledPromptBehavior: dismiss and notify, webauthn:extension:largeBlob: true, webauthn:virtualAuthenticators: true}
Session ID: ab08ebc23121c309133b2d66f3d74fbe
]]></failure>
  </testcase>
  <testcase name="runScenario" classname="Runner_Files.Headerpage_positive_scenarios_runner" time="1.124">
    <failure message="element click intercepted: Element &lt;img id=&quot;icon&quot; src=&quot;data:image/svg+xml;base64,PHN2ZyB4bWxucz0iaHR0cDovL3d3dy53My5vcmcvMjAwMC9zdmciIHdpZHRoPSIyMSIgaGVpZ2h0PSIyMSIgdmlld0JveD0iMCAwIDIxIDIxIj4KICAgIDxnIGZpbGw9Im5vbmUiIGZpbGwtcnVsZT0iZXZlbm9kZCI+CiAgICAgICAgPHBhdGggZD0iTTAgMGgyMXYyMUgweiIvPgogICAgICAgIDxwYXRoIGZpbGw9IiMwMDAiIGQ9Ik05LjY4MyAxNi4xNTZMMi40NyA4Ljk0NGEuODkuODkgMCAwIDEgMC0xLjI2bC44NC0uODRhLjg5Ljg5IDAgMCAxIDEuMjU5LS4wMDJsNS43NDMgNS43MTYgNS43NDItNS43MTZhLjg5Ljg5IDAgMCAxIDEuMjU4LjAwMmwuODQxLjg0YS44OS44OSAwIDAgMSAwIDEuMjZsLTcuMjEyIDcuMjEyYS44OS44OSAwIDAgMS0xLjI2IDB6IiBvcGFjaXR5PSIuNjk5Ii8+CiAgICA8L2c+Cjwvc3ZnPgo=&quot; class=&quot;jss38 jss37 jss43&quot;&gt; is not clickable at point (1321, 39). Other element would receive the click: &lt;div aria-hidden=&quot;true&quot; style=&quot;z-index: -1; position: fixed; inset: 0px; background-color: transparent; -webkit-tap-highlight-color: transparent;&quot;&gt;&lt;/div&gt;&#10;  (Session info: chrome=91.0.4472.124)&#10;Build info: version: &apos;3.12.0&apos;, revision: &apos;7c6e0b3&apos;, time: &apos;2018-05-08T14:04:26.12Z&apos;&#10;System info: host: &apos;DESKTOP-496DOAJ&apos;, ip: &apos;192.168.28.229&apos;, os.name: &apos;Windows 10&apos;, os.arch: &apos;amd64&apos;, os.version: &apos;10.0&apos;, java.version: &apos;15.0.2&apos;&#10;Driver info: org.openqa.selenium.chrome.ChromeDriver&#10;Capabilities {acceptInsecureCerts: false, browserName: chrome, browserVersion: 91.0.4472.124, chrome: {chromedriverVersion: 91.0.4472.19 (1bf021f248676..., userDataDir: C:\Users\Admin\AppData\Loca...}, goog:chromeOptions: {debuggerAddress: localhost:58307}, javascriptEnabled: true, networkConnectionEnabled: false, pageLoadStrategy: normal, platform: WINDOWS, platformName: WINDOWS, proxy: Proxy(), setWindowRect: true, strictFileInteractability: false, timeouts: {implicit: 0, pageLoad: 300000, script: 30000}, unhandledPromptBehavior: dismiss and notify, webauthn:extension:largeBlob: true, webauthn:virtualAuthenticators: true}&#10;Session ID: ab08ebc23121c309133b2d66f3d74fbe" type="org.openqa.selenium.ElementClickInterceptedException"><![CDATA[org.openqa.selenium.ElementClickInterceptedException: 
element click intercepted: Element <img id="icon" src="data:image/svg+xml;base64,PHN2ZyB4bWxucz0iaHR0cDovL3d3dy53My5vcmcvMjAwMC9zdmciIHdpZHRoPSIyMSIgaGVpZ2h0PSIyMSIgdmlld0JveD0iMCAwIDIxIDIxIj4KICAgIDxnIGZpbGw9Im5vbmUiIGZpbGwtcnVsZT0iZXZlbm9kZCI+CiAgICAgICAgPHBhdGggZD0iTTAgMGgyMXYyMUgweiIvPgogICAgICAgIDxwYXRoIGZpbGw9IiMwMDAiIGQ9Ik05LjY4MyAxNi4xNTZMMi40NyA4Ljk0NGEuODkuODkgMCAwIDEgMC0xLjI2bC44NC0uODRhLjg5Ljg5IDAgMCAxIDEuMjU5LS4wMDJsNS43NDMgNS43MTYgNS43NDItNS43MTZhLjg5Ljg5IDAgMCAxIDEuMjU4LjAwMmwuODQxLjg0YS44OS44OSAwIDAgMSAwIDEuMjZsLTcuMjEyIDcuMjEyYS44OS44OSAwIDAgMS0xLjI2IDB6IiBvcGFjaXR5PSIuNjk5Ii8+CiAgICA8L2c+Cjwvc3ZnPgo=" class="jss38 jss37 jss43"> is not clickable at point (1321, 39). Other element would receive the click: <div aria-hidden="true" style="z-index: -1; position: fixed; inset: 0px; background-color: transparent; -webkit-tap-highlight-color: transparent;"></div>
  (Session info: chrome=91.0.4472.124)
Build info: version: '3.12.0', revision: '7c6e0b3', time: '2018-05-08T14:04:26.12Z'
System info: host: 'DESKTOP-496DOAJ', ip: '192.168.28.229', os.name: 'Windows 10', os.arch: 'amd64', os.version: '10.0', java.version: '15.0.2'
Driver info: org.openqa.selenium.chrome.ChromeDriver
Capabilities {acceptInsecureCerts: false, browserName: chrome, browserVersion: 91.0.4472.124, chrome: {chromedriverVersion: 91.0.4472.19 (1bf021f248676..., userDataDir: C:\Users\Admin\AppData\Loca...}, goog:chromeOptions: {debuggerAddress: localhost:58307}, javascriptEnabled: true, networkConnectionEnabled: false, pageLoadStrategy: normal, platform: WINDOWS, platformName: WINDOWS, proxy: Proxy(), setWindowRect: true, strictFileInteractability: false, timeouts: {implicit: 0, pageLoad: 300000, script: 30000}, unhandledPromptBehavior: dismiss and notify, webauthn:extension:largeBlob: true, webauthn:virtualAuthenticators: true}
Session ID: ab08ebc23121c309133b2d66f3d74fbe
]]></failure>
  </testcase>
  <testcase name="runScenario" classname="Runner_Files.Headerpage_positive_scenarios_runner" time="1.096">
    <failure message="element click intercepted: Element &lt;img id=&quot;icon&quot; src=&quot;data:image/svg+xml;base64,PHN2ZyB4bWxucz0iaHR0cDovL3d3dy53My5vcmcvMjAwMC9zdmciIHdpZHRoPSIyMSIgaGVpZ2h0PSIyMSIgdmlld0JveD0iMCAwIDIxIDIxIj4KICAgIDxnIGZpbGw9Im5vbmUiIGZpbGwtcnVsZT0iZXZlbm9kZCI+CiAgICAgICAgPHBhdGggZD0iTTAgMGgyMXYyMUgweiIvPgogICAgICAgIDxwYXRoIGZpbGw9IiMwMDAiIGQ9Ik05LjY4MyAxNi4xNTZMMi40NyA4Ljk0NGEuODkuODkgMCAwIDEgMC0xLjI2bC44NC0uODRhLjg5Ljg5IDAgMCAxIDEuMjU5LS4wMDJsNS43NDMgNS43MTYgNS43NDItNS43MTZhLjg5Ljg5IDAgMCAxIDEuMjU4LjAwMmwuODQxLjg0YS44OS44OSAwIDAgMSAwIDEuMjZsLTcuMjEyIDcuMjEyYS44OS44OSAwIDAgMS0xLjI2IDB6IiBvcGFjaXR5PSIuNjk5Ii8+CiAgICA8L2c+Cjwvc3ZnPgo=&quot; class=&quot;jss38 jss37 jss43&quot;&gt; is not clickable at point (1321, 39). Other element would receive the click: &lt;div aria-hidden=&quot;true&quot; style=&quot;z-index: -1; position: fixed; inset: 0px; background-color: transparent; -webkit-tap-highlight-color: transparent;&quot;&gt;&lt;/div&gt;&#10;  (Session info: chrome=91.0.4472.124)&#10;Build info: version: &apos;3.12.0&apos;, revision: &apos;7c6e0b3&apos;, time: &apos;2018-05-08T14:04:26.12Z&apos;&#10;System info: host: &apos;DESKTOP-496DOAJ&apos;, ip: &apos;192.168.28.229&apos;, os.name: &apos;Windows 10&apos;, os.arch: &apos;amd64&apos;, os.version: &apos;10.0&apos;, java.version: &apos;15.0.2&apos;&#10;Driver info: org.openqa.selenium.chrome.ChromeDriver&#10;Capabilities {acceptInsecureCerts: false, browserName: chrome, browserVersion: 91.0.4472.124, chrome: {chromedriverVersion: 91.0.4472.19 (1bf021f248676..., userDataDir: C:\Users\Admin\AppData\Loca...}, goog:chromeOptions: {debuggerAddress: localhost:58307}, javascriptEnabled: true, networkConnectionEnabled: false, pageLoadStrategy: normal, platform: WINDOWS, platformName: WINDOWS, proxy: Proxy(), setWindowRect: true, strictFileInteractability: false, timeouts: {implicit: 0, pageLoad: 300000, script: 30000}, unhandledPromptBehavior: dismiss and notify, webauthn:extension:largeBlob: true, webauthn:virtualAuthenticators: true}&#10;Session ID: ab08ebc23121c309133b2d66f3d74fbe" type="org.openqa.selenium.ElementClickInterceptedException"><![CDATA[org.openqa.selenium.ElementClickInterceptedException: 
element click intercepted: Element <img id="icon" src="data:image/svg+xml;base64,PHN2ZyB4bWxucz0iaHR0cDovL3d3dy53My5vcmcvMjAwMC9zdmciIHdpZHRoPSIyMSIgaGVpZ2h0PSIyMSIgdmlld0JveD0iMCAwIDIxIDIxIj4KICAgIDxnIGZpbGw9Im5vbmUiIGZpbGwtcnVsZT0iZXZlbm9kZCI+CiAgICAgICAgPHBhdGggZD0iTTAgMGgyMXYyMUgweiIvPgogICAgICAgIDxwYXRoIGZpbGw9IiMwMDAiIGQ9Ik05LjY4MyAxNi4xNTZMMi40NyA4Ljk0NGEuODkuODkgMCAwIDEgMC0xLjI2bC44NC0uODRhLjg5Ljg5IDAgMCAxIDEuMjU5LS4wMDJsNS43NDMgNS43MTYgNS43NDItNS43MTZhLjg5Ljg5IDAgMCAxIDEuMjU4LjAwMmwuODQxLjg0YS44OS44OSAwIDAgMSAwIDEuMjZsLTcuMjEyIDcuMjEyYS44OS44OSAwIDAgMS0xLjI2IDB6IiBvcGFjaXR5PSIuNjk5Ii8+CiAgICA8L2c+Cjwvc3ZnPgo=" class="jss38 jss37 jss43"> is not clickable at point (1321, 39). Other element would receive the click: <div aria-hidden="true" style="z-index: -1; position: fixed; inset: 0px; background-color: transparent; -webkit-tap-highlight-color: transparent;"></div>
  (Session info: chrome=91.0.4472.124)
Build info: version: '3.12.0', revision: '7c6e0b3', time: '2018-05-08T14:04:26.12Z'
System info: host: 'DESKTOP-496DOAJ', ip: '192.168.28.229', os.name: 'Windows 10', os.arch: 'amd64', os.version: '10.0', java.version: '15.0.2'
Driver info: org.openqa.selenium.chrome.ChromeDriver
Capabilities {acceptInsecureCerts: false, browserName: chrome, browserVersion: 91.0.4472.124, chrome: {chromedriverVersion: 91.0.4472.19 (1bf021f248676..., userDataDir: C:\Users\Admin\AppData\Loca...}, goog:chromeOptions: {debuggerAddress: localhost:58307}, javascriptEnabled: true, networkConnectionEnabled: false, pageLoadStrategy: normal, platform: WINDOWS, platformName: WINDOWS, proxy: Proxy(), setWindowRect: true, strictFileInteractability: false, timeouts: {implicit: 0, pageLoad: 300000, script: 30000}, unhandledPromptBehavior: dismiss and notify, webauthn:extension:largeBlob: true, webauthn:virtualAuthenticators: true}
Session ID: ab08ebc23121c309133b2d66f3d74fbe
]]></failure>
  </testcase>
  <testcase name="runScenario" classname="Runner_Files.Headerpage_positive_scenarios_runner" time="1.131">
    <failure message="element click intercepted: Element &lt;img id=&quot;icon&quot; src=&quot;data:image/svg+xml;base64,PHN2ZyB4bWxucz0iaHR0cDovL3d3dy53My5vcmcvMjAwMC9zdmciIHdpZHRoPSIyMSIgaGVpZ2h0PSIyMSIgdmlld0JveD0iMCAwIDIxIDIxIj4KICAgIDxnIGZpbGw9Im5vbmUiIGZpbGwtcnVsZT0iZXZlbm9kZCI+CiAgICAgICAgPHBhdGggZD0iTTAgMGgyMXYyMUgweiIvPgogICAgICAgIDxwYXRoIGZpbGw9IiMwMDAiIGQ9Ik05LjY4MyAxNi4xNTZMMi40NyA4Ljk0NGEuODkuODkgMCAwIDEgMC0xLjI2bC44NC0uODRhLjg5Ljg5IDAgMCAxIDEuMjU5LS4wMDJsNS43NDMgNS43MTYgNS43NDItNS43MTZhLjg5Ljg5IDAgMCAxIDEuMjU4LjAwMmwuODQxLjg0YS44OS44OSAwIDAgMSAwIDEuMjZsLTcuMjEyIDcuMjEyYS44OS44OSAwIDAgMS0xLjI2IDB6IiBvcGFjaXR5PSIuNjk5Ii8+CiAgICA8L2c+Cjwvc3ZnPgo=&quot; class=&quot;jss38 jss37 jss43&quot;&gt; is not clickable at point (1321, 39). Other element would receive the click: &lt;div aria-hidden=&quot;true&quot; style=&quot;z-index: -1; position: fixed; inset: 0px; background-color: transparent; -webkit-tap-highlight-color: transparent;&quot;&gt;&lt;/div&gt;&#10;  (Session info: chrome=91.0.4472.124)&#10;Build info: version: &apos;3.12.0&apos;, revision: &apos;7c6e0b3&apos;, time: &apos;2018-05-08T14:04:26.12Z&apos;&#10;System info: host: &apos;DESKTOP-496DOAJ&apos;, ip: &apos;192.168.28.229&apos;, os.name: &apos;Windows 10&apos;, os.arch: &apos;amd64&apos;, os.version: &apos;10.0&apos;, java.version: &apos;15.0.2&apos;&#10;Driver info: org.openqa.selenium.chrome.ChromeDriver&#10;Capabilities {acceptInsecureCerts: false, browserName: chrome, browserVersion: 91.0.4472.124, chrome: {chromedriverVersion: 91.0.4472.19 (1bf021f248676..., userDataDir: C:\Users\Admin\AppData\Loca...}, goog:chromeOptions: {debuggerAddress: localhost:58307}, javascriptEnabled: true, networkConnectionEnabled: false, pageLoadStrategy: normal, platform: WINDOWS, platformName: WINDOWS, proxy: Proxy(), setWindowRect: true, strictFileInteractability: false, timeouts: {implicit: 0, pageLoad: 300000, script: 30000}, unhandledPromptBehavior: dismiss and notify, webauthn:extension:largeBlob: true, webauthn:virtualAuthenticators: true}&#10;Session ID: ab08ebc23121c309133b2d66f3d74fbe" type="org.openqa.selenium.ElementClickInterceptedException"><![CDATA[org.openqa.selenium.ElementClickInterceptedException: 
element click intercepted: Element <img id="icon" src="data:image/svg+xml;base64,PHN2ZyB4bWxucz0iaHR0cDovL3d3dy53My5vcmcvMjAwMC9zdmciIHdpZHRoPSIyMSIgaGVpZ2h0PSIyMSIgdmlld0JveD0iMCAwIDIxIDIxIj4KICAgIDxnIGZpbGw9Im5vbmUiIGZpbGwtcnVsZT0iZXZlbm9kZCI+CiAgICAgICAgPHBhdGggZD0iTTAgMGgyMXYyMUgweiIvPgogICAgICAgIDxwYXRoIGZpbGw9IiMwMDAiIGQ9Ik05LjY4MyAxNi4xNTZMMi40NyA4Ljk0NGEuODkuODkgMCAwIDEgMC0xLjI2bC44NC0uODRhLjg5Ljg5IDAgMCAxIDEuMjU5LS4wMDJsNS43NDMgNS43MTYgNS43NDItNS43MTZhLjg5Ljg5IDAgMCAxIDEuMjU4LjAwMmwuODQxLjg0YS44OS44OSAwIDAgMSAwIDEuMjZsLTcuMjEyIDcuMjEyYS44OS44OSAwIDAgMS0xLjI2IDB6IiBvcGFjaXR5PSIuNjk5Ii8+CiAgICA8L2c+Cjwvc3ZnPgo=" class="jss38 jss37 jss43"> is not clickable at point (1321, 39). Other element would receive the click: <div aria-hidden="true" style="z-index: -1; position: fixed; inset: 0px; background-color: transparent; -webkit-tap-highlight-color: transparent;"></div>
  (Session info: chrome=91.0.4472.124)
Build info: version: '3.12.0', revision: '7c6e0b3', time: '2018-05-08T14:04:26.12Z'
System info: host: 'DESKTOP-496DOAJ', ip: '192.168.28.229', os.name: 'Windows 10', os.arch: 'amd64', os.version: '10.0', java.version: '15.0.2'
Driver info: org.openqa.selenium.chrome.ChromeDriver
Capabilities {acceptInsecureCerts: false, browserName: chrome, browserVersion: 91.0.4472.124, chrome: {chromedriverVersion: 91.0.4472.19 (1bf021f248676..., userDataDir: C:\Users\Admin\AppData\Loca...}, goog:chromeOptions: {debuggerAddress: localhost:58307}, javascriptEnabled: true, networkConnectionEnabled: false, pageLoadStrategy: normal, platform: WINDOWS, platformName: WINDOWS, proxy: Proxy(), setWindowRect: true, strictFileInteractability: false, timeouts: {implicit: 0, pageLoad: 300000, script: 30000}, unhandledPromptBehavior: dismiss and notify, webauthn:extension:largeBlob: true, webauthn:virtualAuthenticators: true}
Session ID: ab08ebc23121c309133b2d66f3d74fbe
]]></failure>
  </testcase>
  <testcase name="runScenario" classname="Runner_Files.Headerpage_positive_scenarios_runner" time="1.131">
    <failure message="element click intercepted: Element &lt;img id=&quot;icon&quot; src=&quot;data:image/svg+xml;base64,PHN2ZyB4bWxucz0iaHR0cDovL3d3dy53My5vcmcvMjAwMC9zdmciIHdpZHRoPSI0OCIgaGVpZ2h0PSI0OCIgdmlld0JveD0iMCAwIDQ4IDQ4Ij4KICAgIDxnIGZpbGw9Im5vbmUiIGZpbGwtcnVsZT0iZXZlbm9kZCI+CiAgICAgICAgPHBhdGggZD0iTTE0IDEwaDIxdjIxSDE0eiIvPgogICAgICAgIDxwYXRoIGZpbGw9IiM0ODRBNTQiIGQ9Ik0zMy43NzcgMjMuNTNsLTUuMzYyIDUuMjVjLS40NzguNDY5LTEuMzA4LjE0LTEuMzA4LS41MzF2LTNoLTQuMzQxQS43NTYuNzU2IDAgMCAxIDIyIDI0LjV2LTNjMC0uNDE1LjM0Mi0uNzQ5Ljc2Ni0uNzQ5aDQuMzR2LTNjMC0uNjY4LjgyNy0xIDEuMzEtLjUzbDUuMzYxIDUuMjQ5YS43NDUuNzQ1IDAgMCAxIDAgMS4wNjJ6bS05LjYzNCA3LjU2di0xLjkwNGEuNTczLjU3MyAwIDAgMC0uNTcxLS41NzJoLTRhMS41MjIgMS41MjIgMCAwIDEtMS41MjQtMS41MjR2LTkuMTQzYzAtLjg0My42OC0xLjUyNCAxLjUyNC0xLjUyNGg0YS41NzMuNTczIDAgMCAwIC41NzEtLjU3MXYtMS45MDVhLjU3My41NzMgMCAwIDAtLjU3MS0uNTcyaC00QTQuNTczIDQuNTczIDAgMCAwIDE1IDE3Ljk0N3Y5LjE0M2E0LjU3MyA0LjU3MyAwIDAgMCA0LjU3MiA0LjU3Mmg0YS41NzMuNTczIDAgMCAwIC41NzEtLjU3MnoiLz4KICAgIDwvZz4KPC9zdmc+Cg==&quot; class=&quot;jss39 jss37 jss43&quot;&gt; is not clickable at point (1193, 39). Other element would receive the click: &lt;div aria-hidden=&quot;true&quot; style=&quot;z-index: -1; position: fixed; inset: 0px; background-color: transparent; -webkit-tap-highlight-color: transparent;&quot;&gt;&lt;/div&gt;&#10;  (Session info: chrome=91.0.4472.124)&#10;Build info: version: &apos;3.12.0&apos;, revision: &apos;7c6e0b3&apos;, time: &apos;2018-05-08T14:04:26.12Z&apos;&#10;System info: host: &apos;DESKTOP-496DOAJ&apos;, ip: &apos;192.168.28.229&apos;, os.name: &apos;Windows 10&apos;, os.arch: &apos;amd64&apos;, os.version: &apos;10.0&apos;, java.version: &apos;15.0.2&apos;&#10;Driver info: org.openqa.selenium.chrome.ChromeDriver&#10;Capabilities {acceptInsecureCerts: false, browserName: chrome, browserVersion: 91.0.4472.124, chrome: {chromedriverVersion: 91.0.4472.19 (1bf021f248676..., userDataDir: C:\Users\Admin\AppData\Loca...}, goog:chromeOptions: {debuggerAddress: localhost:58307}, javascriptEnabled: true, networkConnectionEnabled: false, pageLoadStrategy: normal, platform: WINDOWS, platformName: WINDOWS, proxy: Proxy(), setWindowRect: true, strictFileInteractability: false, timeouts: {implicit: 0, pageLoad: 300000, script: 30000}, unhandledPromptBehavior: dismiss and notify, webauthn:extension:largeBlob: true, webauthn:virtualAuthenticators: true}&#10;Session ID: ab08ebc23121c309133b2d66f3d74fbe" type="org.openqa.selenium.ElementClickInterceptedException"><![CDATA[org.openqa.selenium.ElementClickInterceptedException: 
element click intercepted: Element <img id="icon" src="data:image/svg+xml;base64,PHN2ZyB4bWxucz0iaHR0cDovL3d3dy53My5vcmcvMjAwMC9zdmciIHdpZHRoPSI0OCIgaGVpZ2h0PSI0OCIgdmlld0JveD0iMCAwIDQ4IDQ4Ij4KICAgIDxnIGZpbGw9Im5vbmUiIGZpbGwtcnVsZT0iZXZlbm9kZCI+CiAgICAgICAgPHBhdGggZD0iTTE0IDEwaDIxdjIxSDE0eiIvPgogICAgICAgIDxwYXRoIGZpbGw9IiM0ODRBNTQiIGQ9Ik0zMy43NzcgMjMuNTNsLTUuMzYyIDUuMjVjLS40NzguNDY5LTEuMzA4LjE0LTEuMzA4LS41MzF2LTNoLTQuMzQxQS43NTYuNzU2IDAgMCAxIDIyIDI0LjV2LTNjMC0uNDE1LjM0Mi0uNzQ5Ljc2Ni0uNzQ5aDQuMzR2LTNjMC0uNjY4LjgyNy0xIDEuMzEtLjUzbDUuMzYxIDUuMjQ5YS43NDUuNzQ1IDAgMCAxIDAgMS4wNjJ6bS05LjYzNCA3LjU2di0xLjkwNGEuNTczLjU3MyAwIDAgMC0uNTcxLS41NzJoLTRhMS41MjIgMS41MjIgMCAwIDEtMS41MjQtMS41MjR2LTkuMTQzYzAtLjg0My42OC0xLjUyNCAxLjUyNC0xLjUyNGg0YS41NzMuNTczIDAgMCAwIC41NzEtLjU3MXYtMS45MDVhLjU3My41NzMgMCAwIDAtLjU3MS0uNTcyaC00QTQuNTczIDQuNTczIDAgMCAwIDE1IDE3Ljk0N3Y5LjE0M2E0LjU3MyA0LjU3MyAwIDAgMCA0LjU3MiA0LjU3Mmg0YS41NzMuNTczIDAgMCAwIC41NzEtLjU3MnoiLz4KICAgIDwvZz4KPC9zdmc+Cg==" class="jss39 jss37 jss43"> is not clickable at point (1193, 39). Other element would receive the click: <div aria-hidden="true" style="z-index: -1; position: fixed; inset: 0px; background-color: transparent; -webkit-tap-highlight-color: transparent;"></div>
  (Session info: chrome=91.0.4472.124)
Build info: version: '3.12.0', revision: '7c6e0b3', time: '2018-05-08T14:04:26.12Z'
System info: host: 'DESKTOP-496DOAJ', ip: '192.168.28.229', os.name: 'Windows 10', os.arch: 'amd64', os.version: '10.0', java.version: '15.0.2'
Driver info: org.openqa.selenium.chrome.ChromeDriver
Capabilities {acceptInsecureCerts: false, browserName: chrome, browserVersion: 91.0.4472.124, chrome: {chromedriverVersion: 91.0.4472.19 (1bf021f248676..., userDataDir: C:\Users\Admin\AppData\Loca...}, goog:chromeOptions: {debuggerAddress: localhost:58307}, javascriptEnabled: true, networkConnectionEnabled: false, pageLoadStrategy: normal, platform: WINDOWS, platformName: WINDOWS, proxy: Proxy(), setWindowRect: true, strictFileInteractability: false, timeouts: {implicit: 0, pageLoad: 300000, script: 30000}, unhandledPromptBehavior: dismiss and notify, webauthn:extension:largeBlob: true, webauthn:virtualAuthenticators: true}
Session ID: ab08ebc23121c309133b2d66f3d74fbe
]]></failure>
  </testcase>
  <testcase name="runScenario" classname="Runner_Files.Help_positive_scenarios_runner" time="22.849"/>
  <testcase name="runScenario" classname="Runner_Files.Help_positive_scenarios_runner" time="0.206">
    <failure message="expected [false] but found [true]" type="java.lang.AssertionError">java.lang.AssertionError: expected [false] but found [true]
</failure>
  </testcase>
  <testcase name="runScenario" classname="Runner_Files.Help_positive_scenarios_runner" time="0.198"/>
  <testcase name="runScenario" classname="Runner_Files.Help_positive_scenarios_runner" time="0.248"/>
  <testcase name="runScenario" classname="Runner_Files.Help_positive_scenarios_runner" time="0.179">
    <failure message="expected [false] but found [true]" type="java.lang.AssertionError">java.lang.AssertionError: expected [false] but found [true]
</failure>
  </testcase>
  <testcase name="runScenario" classname="Runner_Files.Help_positive_scenarios_runner" time="0.297"/>
  <testcase name="runScenario" classname="Runner_Files.Help_positive_scenarios_runner" time="1.069"/>
  <testcase name="runScenario" classname="Runner_Files.Your_profile_negative_scenarios_runner" time="20.98"/>
  <testcase name="runScenario" classname="Runner_Files.Your_profile_negative_scenarios_runner" time="1.05"/>
  <testcase name="runScenario" classname="Runner_Files.Your_profile_negative_scenarios_runner" time="0.502"/>
  <testcase name="runScenario" classname="Runner_Files.Your_profile_negative_scenarios_runner" time="2.693"/>
  <testcase name="runScenario" classname="Runner_Files.Your_profile_negative_scenarios_runner" time="4.44"/>
  <testcase name="runScenario" classname="Runner_Files.Your_profile_negative_scenarios_runner" time="3.394"/>
  <testcase name="runScenario" classname="Runner_Files.Your_profile_negative_scenarios_runner" time="3.408"/>
  <testcase name="runScenario" classname="Runner_Files.Your_profile_negative_scenarios_runner" time="1.482"/>
  <testcase name="runScenario" classname="Runner_Files.Your_profile_negative_scenarios_runner" time="0.046"/>
  <testcase name="runScenario" classname="Runner_Files.Your_profile_negative_scenarios_runner" time="1.562"/>
  <testcase name="runScenario" classname="Runner_Files.Your_profile_negative_scenarios_runner" time="1.643"/>
  <testcase name="runScenario" classname="Runner_Files.Your_profile_negative_scenarios_runner" time="1.136"/>
  <testcase name="runScenario" classname="Runner_Files.Your_profile_negative_scenarios_runner" time="0.999"/>
  <testcase name="runScenario" classname="Runner_Files.Your_profile_negative_scenarios_runner" time="0.645"/>
  <testcase name="runScenario" classname="Runner_Files.Your_profile_negative_scenarios_runner" time="1.287"/>
  <testcase name="runScenario" classname="Runner_Files.Your_profile_negative_scenarios_runner" time="0.614"/>
  <testcase name="runScenario" classname="Runner_Files.Your_profile_negative_scenarios_runner" time="3.309"/>
  <testcase name="runScenario" classname="Runner_Files.Your_profile_negative_scenarios_runner" time="1.371"/>
  <testcase name="runScenario" classname="Runner_Files.Your_profile_negative_scenarios_runner" time="1.551"/>
  <testcase name="runScenario" classname="Runner_Files.Your_profile_negative_scenarios_runner" time="2.386"/>
  <testcase name="runScenario" classname="Runner_Files.Your_profile_negative_scenarios_runner" time="1.801"/>
  <testcase name="runScenario" classname="Runner_Files.Your_profile_negative_scenarios_runner" time="1.164"/>
  <testcase name="runScenario" classname="Runner_Files.Your_profile_negative_scenarios_runner" time="1.483"/>
  <testcase name="runScenario" classname="Runner_Files.Your_profile_negative_scenarios_runner" time="69.963"/>
  <testcase name="runScenario" classname="Runner_Files.Your_profile_positive_scenarios_runner" time="19.993"/>
  <testcase name="runScenario" classname="Runner_Files.Your_profile_positive_scenarios_runner" time="2.27"/>
  <testcase name="runScenario" classname="Runner_Files.Your_profile_positive_scenarios_runner" time="4.857"/>
  <testcase name="runScenario" classname="Runner_Files.Your_profile_positive_scenarios_runner" time="0.308"/>
  <testcase name="runScenario" classname="Runner_Files.Your_profile_positive_scenarios_runner" time="2.976"/>
  <testcase name="runScenario" classname="Runner_Files.Your_profile_positive_scenarios_runner" time="0.235"/>
  <testcase name="runScenario" classname="Runner_Files.Your_profile_positive_scenarios_runner" time="0.152"/>
  <testcase name="runScenario" classname="Runner_Files.Your_profile_positive_scenarios_runner" time="0.099"/>
  <testcase name="runScenario" classname="Runner_Files.Your_profile_positive_scenarios_runner" time="10.296"/>
  <testcase name="runScenario" classname="Runner_Files.Your_profile_positive_scenarios_runner" time="10.204"/>
  <testcase name="runScenario" classname="Runner_Files.Your_profile_positive_scenarios_runner" time="10.153"/>
  <testcase name="runScenario" classname="Runner_Files.Your_profile_positive_scenarios_runner" time="10.146"/>
  <testcase name="runScenario" classname="Runner_Files.Your_profile_positive_scenarios_runner" time="23.427"/>
  <testcase name="runScenario" classname="Runner_Files.Homepage_positive_scenarios_runner" time="13.015"/>
  <testcase name="runScenario" classname="Runner_Files.Homepage_positive_scenarios_runner" time="2.905"/>
  <testcase name="runScenario" classname="Runner_Files.Homepage_positive_scenarios_runner" time="26.032"/>
  <testcase name="runScenario" classname="Runner_Files.Homepage_positive_scenarios_runner" time="24.308"/>
  <testcase name="runScenario" classname="Runner_Files.Homepage_positive_scenarios_runner" time="24.348"/>
  <testcase name="runScenario" classname="Runner_Files.Request_second_opinion_negative_scenarios_runner" time="14.418"/>
  <testcase name="runScenario" classname="Runner_Files.Request_second_opinion_negative_scenarios_runner" time="4.961"/>
  <testcase name="runScenario" classname="Runner_Files.Request_second_opinion_negative_scenarios_runner" time="2.121"/>
  <testcase name="runScenario" classname="Runner_Files.Request_second_opinion_negative_scenarios_runner" time="0.126"/>
  <testcase name="runScenario" classname="Runner_Files.Request_second_opinion_negative_scenarios_runner" time="0.006"/>
  <testcase name="runScenario" classname="Runner_Files.Request_second_opinion_negative_scenarios_runner" time="0.008"/>
  <testcase name="runScenario" classname="Runner_Files.Request_second_opinion_negative_scenarios_runner" time="0.008"/>
  <testcase name="runScenario" classname="Runner_Files.Request_second_opinion_negative_scenarios_runner" time="0.161"/>
  <testcase name="runScenario" classname="Runner_Files.Request_second_opinion_negative_scenarios_runner" time="3.65"/>
  <testcase name="runScenario" classname="Runner_Files.Request_second_opinion_negative_scenarios_runner" time="3.819"/>
  <testcase name="runScenario" classname="Runner_Files.Request_second_opinion_negative_scenarios_runner" time="3.674"/>
  <testcase name="runScenario" classname="Runner_Files.Request_second_opinion_negative_scenarios_runner" time="4.248"/>
  <testcase name="runScenario" classname="Runner_Files.Request_second_opinion_negative_scenarios_runner" time="4.027"/>
  <testcase name="runScenario" classname="Runner_Files.Request_second_opinion_negative_scenarios_runner" time="0.865"/>
  <testcase name="runScenario" classname="Runner_Files.Request_second_opinion_negative_scenarios_runner" time="0.146"/>
  <testcase name="runScenario" classname="Runner_Files.Request_second_opinion_negative_scenarios_runner" time="4.371">
    <failure message="invalid session id&#10;Build info: version: &apos;3.12.0&apos;, revision: &apos;7c6e0b3&apos;, time: &apos;2018-05-08T14:04:26.12Z&apos;&#10;System info: host: &apos;DESKTOP-496DOAJ&apos;, ip: &apos;192.168.28.229&apos;, os.name: &apos;Windows 10&apos;, os.arch: &apos;amd64&apos;, os.version: &apos;10.0&apos;, java.version: &apos;15.0.2&apos;&#10;Driver info: org.openqa.selenium.chrome.ChromeDriver&#10;Capabilities {acceptInsecureCerts: false, browserName: chrome, browserVersion: 91.0.4472.124, chrome: {chromedriverVersion: 91.0.4472.19 (1bf021f248676..., userDataDir: C:\Users\Admin\AppData\Loca...}, goog:chromeOptions: {debuggerAddress: localhost:61421}, javascriptEnabled: true, networkConnectionEnabled: false, pageLoadStrategy: normal, platform: WINDOWS, platformName: WINDOWS, proxy: Proxy(), setWindowRect: true, strictFileInteractability: false, timeouts: {implicit: 0, pageLoad: 300000, script: 30000}, unhandledPromptBehavior: dismiss and notify, webauthn:extension:largeBlob: true, webauthn:virtualAuthenticators: true}&#10;Session ID: 352a318dbe253e73b037198ecadac2b8" type="org.openqa.selenium.NoSuchSessionException">org.openqa.selenium.NoSuchSessionException: 
invalid session id
Build info: version: '3.12.0', revision: '7c6e0b3', time: '2018-05-08T14:04:26.12Z'
System info: host: 'DESKTOP-496DOAJ', ip: '192.168.28.229', os.name: 'Windows 10', os.arch: 'amd64', os.version: '10.0', java.version: '15.0.2'
Driver info: org.openqa.selenium.chrome.ChromeDriver
Capabilities {acceptInsecureCerts: false, browserName: chrome, browserVersion: 91.0.4472.124, chrome: {chromedriverVersion: 91.0.4472.19 (1bf021f248676..., userDataDir: C:\Users\Admin\AppData\Loca...}, goog:chromeOptions: {debuggerAddress: localhost:61421}, javascriptEnabled: true, networkConnectionEnabled: false, pageLoadStrategy: normal, platform: WINDOWS, platformName: WINDOWS, proxy: Proxy(), setWindowRect: true, strictFileInteractability: false, timeouts: {implicit: 0, pageLoad: 300000, script: 30000}, unhandledPromptBehavior: dismiss and notify, webauthn:extension:largeBlob: true, webauthn:virtualAuthenticators: true}
Session ID: 352a318dbe253e73b037198ecadac2b8
</failure>
    <system-err><![CDATA[org.openqa.selenium.NoSuchSessionException: invalid session id
Build info: version: '3.12.0', revision: '7c6e0b3', time: '2018-05-08T14:04:26.12Z'
System info: host: 'DESKTOP-496DOAJ', ip: '192.168.28.229', os.name: 'Windows 10', os.arch: 'amd64', os.version: '10.0', java.version: '15.0.2'
Driver info: org.openqa.selenium.chrome.ChromeDriver
Capabilities {acceptInsecureCerts: false, browserName: chrome, browserVersion: 91.0.4472.124, chrome: {chromedriverVersion: 91.0.4472.19 (1bf021f248676..., userDataDir: C:\Users\Admin\AppData\Loca...}, goog:chromeOptions: {debuggerAddress: localhost:61421}, javascriptEnabled: true, networkConnectionEnabled: false, pageLoadStrategy: normal, platform: WINDOWS, platformName: WINDOWS, proxy: Proxy(), setWindowRect: true, strictFileInteractability: false, timeouts: {implicit: 0, pageLoad: 300000, script: 30000}, unhandledPromptBehavior: dismiss and notify, webauthn:extension:largeBlob: true, webauthn:virtualAuthenticators: true}
Session ID: 352a318dbe253e73b037198ecadac2b8
*** Element info: {Using=xpath, value=//span[contains(text(),'Proceed')]}
	at java.base/jdk.internal.reflect.NativeConstructorAccessorImpl.newInstance0(Native Method)
	at java.base/jdk.internal.reflect.NativeConstructorAccessorImpl.newInstance(NativeConstructorAccessorImpl.java:64)
	at java.base/jdk.internal.reflect.DelegatingConstructorAccessorImpl.newInstance(DelegatingConstructorAccessorImpl.java:45)
	at java.base/java.lang.reflect.Constructor.newInstanceWithCaller(Constructor.java:500)
	at java.base/java.lang.reflect.Constructor.newInstance(Constructor.java:481)
	at org.openqa.selenium.remote.http.W3CHttpResponseCodec.createException(W3CHttpResponseCodec.java:187)
	at org.openqa.selenium.remote.http.W3CHttpResponseCodec.decode(W3CHttpResponseCodec.java:122)
	at org.openqa.selenium.remote.http.W3CHttpResponseCodec.decode(W3CHttpResponseCodec.java:49)
	at org.openqa.selenium.remote.HttpCommandExecutor.execute(HttpCommandExecutor.java:158)
	at org.openqa.selenium.remote.service.DriverCommandExecutor.execute(DriverCommandExecutor.java:83)
	at org.openqa.selenium.remote.RemoteWebDriver.execute(RemoteWebDriver.java:543)
	at org.openqa.selenium.remote.RemoteWebDriver.findElement(RemoteWebDriver.java:317)
	at org.openqa.selenium.remote.RemoteWebDriver.findElementByXPath(RemoteWebDriver.java:419)
	at org.openqa.selenium.By$ByXPath.findElement(By.java:353)
	at org.openqa.selenium.remote.RemoteWebDriver.findElement(RemoteWebDriver.java:309)
	at Request_second_opinion_negative_scenarios.Request_second_opinion_negative_scenarios.uncheckproceed(Request_second_opinion_negative_scenarios.java:433)
	at java.base/jdk.internal.reflect.NativeMethodAccessorImpl.invoke0(Native Method)
	at java.base/jdk.internal.reflect.NativeMethodAccessorImpl.invoke(NativeMethodAccessorImpl.java:64)
	at java.base/jdk.internal.reflect.DelegatingMethodAccessorImpl.invoke(DelegatingMethodAccessorImpl.java:43)
	at java.base/java.lang.reflect.Method.invoke(Method.java:564)
	at io.cucumber.java.Invoker.doInvoke(Invoker.java:66)
	at io.cucumber.java.Invoker.invokeStatic(Invoker.java:80)
	at io.cucumber.java.AbstractGlueDefinition.invokeMethod(AbstractGlueDefinition.java:45)
	at io.cucumber.java.JavaStepDefinition.execute(JavaStepDefinition.java:29)
	at io.cucumber.core.runner.CoreStepDefinition.execute(CoreStepDefinition.java:66)
	at io.cucumber.core.runner.PickleStepDefinitionMatch.runStep(PickleStepDefinitionMatch.java:63)
	at io.cucumber.core.runner.ExecutionMode$1.execute(ExecutionMode.java:10)
	at io.cucumber.core.runner.TestStep.executeStep(TestStep.java:92)
	at io.cucumber.core.runner.TestStep.run(TestStep.java:64)
	at io.cucumber.core.runner.PickleStepTestStep.run(PickleStepTestStep.java:51)
	at io.cucumber.core.runner.TestCase.run(TestCase.java:104)
	at io.cucumber.core.runner.Runner.runPickle(Runner.java:71)
	at io.cucumber.testng.TestNGCucumberRunner.lambda$runScenario$0(TestNGCucumberRunner.java:116)
	at io.cucumber.core.runtime.CucumberExecutionContext.runTestCase(CucumberExecutionContext.java:117)
	at io.cucumber.testng.TestNGCucumberRunner.runScenario(TestNGCucumberRunner.java:113)
	at io.cucumber.testng.AbstractTestNGCucumberTests.runScenario(AbstractTestNGCucumberTests.java:31)
	at jdk.internal.reflect.GeneratedMethodAccessor103.invoke(Unknown Source)
	at java.base/jdk.internal.reflect.DelegatingMethodAccessorImpl.invoke(DelegatingMethodAccessorImpl.java:43)
	at java.base/java.lang.reflect.Method.invoke(Method.java:564)
	at org.testng.internal.MethodInvocationHelper.invokeMethod(MethodInvocationHelper.java:134)
	at org.testng.internal.TestInvoker.invokeMethod(TestInvoker.java:597)
	at org.testng.internal.TestInvoker.invokeTestMethod(TestInvoker.java:173)
	at org.testng.internal.MethodRunner.runInSequence(MethodRunner.java:46)
	at org.testng.internal.TestInvoker$MethodInvocationAgent.invoke(TestInvoker.java:816)
	at org.testng.internal.TestInvoker.invokeTestMethods(TestInvoker.java:146)
	at org.testng.internal.TestMethodWorker.invokeTestMethods(TestMethodWorker.java:146)
	at org.testng.internal.TestMethodWorker.run(TestMethodWorker.java:128)
	at java.base/java.util.ArrayList.forEach(ArrayList.java:1511)
	at org.testng.TestRunner.privateRun(TestRunner.java:766)
	at org.testng.TestRunner.run(TestRunner.java:587)
	at org.testng.SuiteRunner.runTest(SuiteRunner.java:384)
	at org.testng.SuiteRunner.access$000(SuiteRunner.java:28)
	at org.testng.SuiteRunner$SuiteWorker.run(SuiteRunner.java:425)
	at org.testng.internal.thread.ThreadUtil.lambda$execute$0(ThreadUtil.java:68)
	at java.base/java.util.concurrent.FutureTask.run(FutureTask.java:264)
	at java.base/java.util.concurrent.ThreadPoolExecutor.runWorker(ThreadPoolExecutor.java:1130)
	at java.base/java.util.concurrent.ThreadPoolExecutor$Worker.run(ThreadPoolExecutor.java:630)
	at java.base/java.lang.Thread.run(Thread.java:832)
]]></system-err>
  </testcase>
  <testcase name="runScenario" classname="Runner_Files.Request_second_opinion_positive_scenarios_runner" time="28.294"/>
  <testcase name="runScenario" classname="Runner_Files.Request_second_opinion_positive_scenarios_runner" time="10.307"/>
  <testcase name="runScenario" classname="Runner_Files.Request_second_opinion_positive_scenarios_runner" time="0.115"/>
  <testcase name="runScenario" classname="Runner_Files.Request_second_opinion_positive_scenarios_runner" time="0.002"/>
  <testcase name="runScenario" classname="Runner_Files.Request_second_opinion_positive_scenarios_runner" time="0.002"/>
  <testcase name="runScenario" classname="Runner_Files.Request_second_opinion_positive_scenarios_runner" time="0.005"/>
  <testcase name="runScenario" classname="Runner_Files.Request_second_opinion_positive_scenarios_runner" time="0.003"/>
  <testcase name="runScenario" classname="Runner_Files.Request_second_opinion_positive_scenarios_runner" time="0.002"/>
  <testcase name="runScenario" classname="Runner_Files.Request_second_opinion_positive_scenarios_runner" time="19.09"/>
  <testcase name="runScenario" classname="Runner_Files.Refer_a_friend_positive_scenarios_runner" time="18.782"/>
  <testcase name="runScenario" classname="Runner_Files.Refer_a_friend_positive_scenarios_runner" time="2.829"/>
  <testcase name="runScenario" classname="Runner_Files.Refer_a_friend_positive_scenarios_runner" time="0.468"/>
  <testcase name="runScenario" classname="Runner_Files.Refer_a_friend_positive_scenarios_runner" time="0.189"/>
  <testcase name="runScenario" classname="Runner_Files.Refer_a_friend_positive_scenarios_runner" time="0.037"/>
  <testcase name="runScenario" classname="Runner_Files.Refer_a_friend_positive_scenarios_runner" time="0.038"/>
  <testcase name="runScenario" classname="Runner_Files.Refer_a_friend_positive_scenarios_runner" time="0.033"/>
  <testcase name="runScenario" classname="Runner_Files.Refer_a_friend_positive_scenarios_runner" time="0.358"/>
  <testcase name="runScenario" classname="Runner_Files.Refer_a_friend_positive_scenarios_runner" time="0.155"/>
  <testcase name="runScenario" classname="Runner_Files.Refer_a_friend_positive_scenarios_runner" time="0.134"/>
  <testcase name="runScenario" classname="Runner_Files.Services_positive_scenarios_runner" time="23.397"/>
  <testcase name="runScenario" classname="Runner_Files.Services_positive_scenarios_runner" time="0.193"/>
  <testcase name="runScenario" classname="Runner_Files.Services_positive_scenarios_runner" time="8.116"/>
  <testcase name="runScenario" classname="Runner_Files.Second_opinion_dashboard_positive_scenarios_runner" time="21.378"/>
  <testcase name="runScenario" classname="Runner_Files.Second_opinion_dashboard_positive_scenarios_runner" time="0.282"/>
  <testcase name="runScenario" classname="Runner_Files.Second_opinion_dashboard_positive_scenarios_runner" time="10.83"/>
  <testcase name="runScenario" classname="Runner_Files.Second_opinion_dashboard_positive_scenarios_runner" time="3.014"/>
  <testcase name="runScenario" classname="Runner_Files.Second_opinion_dashboard_positive_scenarios_runner" time="11.888"/>
  <testcase name="runScenario" classname="Runner_Files.Second_opinion_dashboard_positive_scenarios_runner" time="0.137"/>
  <testcase name="runScenario" classname="Runner_Files.Second_opinion_dashboard_positive_scenarios_runner" time="3.123"/>
  <testcase name="runScenario" classname="Runner_Files.Second_opinion_dashboard_positive_scenarios_runner" time="12.184"/>
  <testcase name="runScenario" classname="Runner_Files.Second_opinion_dashboard_positive_scenarios_runner" time="4.27"/>
  <testcase name="runScenario" classname="Runner_Files.Bills_positive_scenarios_runner" time="19.646"/>
  <testcase name="runScenario" classname="Runner_Files.Bills_positive_scenarios_runner" time="0.13"/>
  <testcase name="runScenario" classname="Runner_Files.Bills_positive_scenarios_runner" time="0.625"/>
  <testcase name="runScenario" classname="Runner_Files.Bills_positive_scenarios_runner" time="0.225"/>
  <testcase name="runScenario" classname="Runner_Files.Bills_positive_scenarios_runner" time="0.382"/>
  <testcase name="runScenario" classname="Runner_Files.Bills_positive_scenarios_runner" time="0.123"/>
  <testcase name="runScenario" classname="Runner_Files.Bills_positive_scenarios_runner" time="0.537"/>
  <testcase name="runScenario" classname="Runner_Files.Bills_positive_scenarios_runner" time="5.019"/>
  <testcase name="runScenario" classname="Runner_Files.Circles_negative_scenarios_runner" time="20.972"/>
  <testcase name="runScenario" classname="Runner_Files.Circles_negative_scenarios_runner" time="0.892"/>
  <testcase name="runScenario" classname="Runner_Files.Circles_negative_scenarios_runner" time="0.849"/>
  <testcase name="runScenario" classname="Runner_Files.Circles_negative_scenarios_runner" time="0.555"/>
  <testcase name="runScenario" classname="Runner_Files.Circles_negative_scenarios_runner" time="0.542"/>
  <testcase name="runScenario" classname="Runner_Files.Circles_negative_scenarios_runner" time="0.82"/>
  <testcase name="runScenario" classname="Runner_Files.Circles_negative_scenarios_runner" time="5.108"/>
  <testcase name="runScenario" classname="Runner_Files.Circles_positive_scenarios_runner" time="23.683"/>
  <testcase name="runScenario" classname="Runner_Files.Circles_positive_scenarios_runner" time="0.197"/>
  <testcase name="runScenario" classname="Runner_Files.Circles_positive_scenarios_runner" time="0.633"/>
  <testcase name="runScenario" classname="Runner_Files.Circles_positive_scenarios_runner" time="0.466"/>
  <testcase name="runScenario" classname="Runner_Files.Circles_positive_scenarios_runner" time="0.268"/>
  <testcase name="runScenario" classname="Runner_Files.Circles_positive_scenarios_runner" time="0.565"/>
  <testcase name="runScenario" classname="Runner_Files.Circles_positive_scenarios_runner" time="0.121"/>
  <testcase name="runScenario" classname="Runner_Files.Circles_positive_scenarios_runner" time="1.025"/>
  <testcase name="runScenario" classname="Runner_Files.Circles_positive_scenarios_runner" time="20.048"/>
  <testcase name="runScenario" classname="Runner_Files.Utilities_negative_scenarios_runner" time="18.577"/>
  <testcase name="runScenario" classname="Runner_Files.Utilities_negative_scenarios_runner" time="1.317"/>
  <testcase name="runScenario" classname="Runner_Files.Utilities_negative_scenarios_runner" time="7.421"/>
  <testcase name="runScenario" classname="Runner_Files.Utilities_negative_scenarios_runner" time="1.579"/>
  <testcase name="runScenario" classname="Runner_Files.Utilities_negative_scenarios_runner" time="2.156"/>
  <testcase name="runScenario" classname="Runner_Files.Utilities_negative_scenarios_runner" time="5.523"/>
  <testcase name="runScenario" classname="Runner_Files.Utilities_positive_scenarios_runner" time="19.5"/>
  <testcase name="runScenario" classname="Runner_Files.Utilities_positive_scenarios_runner" time="31.422"/>
  <testcase name="runScenario" classname="Runner_Files.Utilities_positive_scenarios_runner" time="7.281"/>
  <testcase name="runScenario" classname="Runner_Files.Utilities_positive_scenarios_runner" time="5.988"/>
  <testcase name="runScenario" classname="Runner_Files.Utilities_positive_scenarios_runner" time="2.847"/>
  <testcase name="runScenario" classname="Runner_Files.Utilities_positive_scenarios_runner" time="2.814"/>
  <testcase name="runScenario" classname="Runner_Files.Award_points_negative_scenarios_runner" time="17.643"/>
  <testcase name="runScenario" classname="Runner_Files.Award_points_negative_scenarios_runner" time="3.447"/>
  <testcase name="runScenario" classname="Runner_Files.Award_points_negative_scenarios_runner" time="3.884"/>
  <testcase name="runScenario" classname="Runner_Files.Award_points_negative_scenarios_runner" time="3.01"/>
  <testcase name="runScenario" classname="Runner_Files.Award_points_negative_scenarios_runner" time="7.657"/>
  <testcase name="runScenario" classname="Runner_Files.Award_points_positive_scenarios_runner" time="20.361"/>
  <testcase name="runScenario" classname="Runner_Files.Award_points_positive_scenarios_runner" time="0.13"/>
  <testcase name="runScenario" classname="Runner_Files.Award_points_positive_scenarios_runner" time="20.131">
    <failure message="no such element: Unable to locate element: {&quot;method&quot;:&quot;xpath&quot;,&quot;selector&quot;:&quot;//h3[contains(text(),&apos;Redeem award points&apos;)]&quot;}&#10;  (Session info: chrome=91.0.4472.124)&#10;For documentation on this error, please visit: http://seleniumhq.org/exceptions/no_such_element.html&#10;Build info: version: &apos;3.12.0&apos;, revision: &apos;7c6e0b3&apos;, time: &apos;2018-05-08T14:04:26.12Z&apos;&#10;System info: host: &apos;DESKTOP-496DOAJ&apos;, ip: &apos;192.168.28.229&apos;, os.name: &apos;Windows 10&apos;, os.arch: &apos;amd64&apos;, os.version: &apos;10.0&apos;, java.version: &apos;15.0.2&apos;&#10;Driver info: org.openqa.selenium.chrome.ChromeDriver&#10;Capabilities {acceptInsecureCerts: false, browserName: chrome, browserVersion: 91.0.4472.124, chrome: {chromedriverVersion: 91.0.4472.19 (1bf021f248676..., userDataDir: C:\Users\Admin\AppData\Loca...}, goog:chromeOptions: {debuggerAddress: localhost:64013}, javascriptEnabled: true, networkConnectionEnabled: false, pageLoadStrategy: normal, platform: WINDOWS, platformName: WINDOWS, proxy: Proxy(), setWindowRect: true, strictFileInteractability: false, timeouts: {implicit: 0, pageLoad: 300000, script: 30000}, unhandledPromptBehavior: dismiss and notify, webauthn:extension:largeBlob: true, webauthn:virtualAuthenticators: true}&#10;Session ID: 33dd40a8ef97877684352fbc1ba64042&#10;*** Element info: {Using=xpath, value=//h3[contains(text(),&apos;Redeem award points&apos;)]}" type="org.openqa.selenium.NoSuchElementException">org.openqa.selenium.NoSuchElementException: 
no such element: Unable to locate element: {"method":"xpath","selector":"//h3[contains(text(),'Redeem award points')]"}
  (Session info: chrome=91.0.4472.124)
For documentation on this error, please visit: http://seleniumhq.org/exceptions/no_such_element.html
Build info: version: '3.12.0', revision: '7c6e0b3', time: '2018-05-08T14:04:26.12Z'
System info: host: 'DESKTOP-496DOAJ', ip: '192.168.28.229', os.name: 'Windows 10', os.arch: 'amd64', os.version: '10.0', java.version: '15.0.2'
Driver info: org.openqa.selenium.chrome.ChromeDriver
Capabilities {acceptInsecureCerts: false, browserName: chrome, browserVersion: 91.0.4472.124, chrome: {chromedriverVersion: 91.0.4472.19 (1bf021f248676..., userDataDir: C:\Users\Admin\AppData\Loca...}, goog:chromeOptions: {debuggerAddress: localhost:64013}, javascriptEnabled: true, networkConnectionEnabled: false, pageLoadStrategy: normal, platform: WINDOWS, platformName: WINDOWS, proxy: Proxy(), setWindowRect: true, strictFileInteractability: false, timeouts: {implicit: 0, pageLoad: 300000, script: 30000}, unhandledPromptBehavior: dismiss and notify, webauthn:extension:largeBlob: true, webauthn:virtualAuthenticators: true}
Session ID: 33dd40a8ef97877684352fbc1ba64042
*** Element info: {Using=xpath, value=//h3[contains(text(),'Redeem award points')]}
</failure>
  </testcase>
  <testcase name="runScenario" classname="Runner_Files.Award_points_positive_scenarios_runner" time="0.005"/>
  <testcase name="runScenario" classname="Runner_Files.Forgot_password_negative_scenarios_runner" time="15.936">
    <failure message="no such element: Unable to locate element: {&quot;method&quot;:&quot;xpath&quot;,&quot;selector&quot;:&quot;//*[@id=&quot;page-container&quot;]/div[1]/div/input&quot;}&#10;  (Session info: chrome=91.0.4472.124)&#10;For documentation on this error, please visit: http://seleniumhq.org/exceptions/no_such_element.html&#10;Build info: version: &apos;3.12.0&apos;, revision: &apos;7c6e0b3&apos;, time: &apos;2018-05-08T14:04:26.12Z&apos;&#10;System info: host: &apos;DESKTOP-496DOAJ&apos;, ip: &apos;192.168.28.229&apos;, os.name: &apos;Windows 10&apos;, os.arch: &apos;amd64&apos;, os.version: &apos;10.0&apos;, java.version: &apos;15.0.2&apos;&#10;Driver info: org.openqa.selenium.chrome.ChromeDriver&#10;Capabilities {acceptInsecureCerts: false, browserName: chrome, browserVersion: 91.0.4472.124, chrome: {chromedriverVersion: 91.0.4472.19 (1bf021f248676..., userDataDir: C:\Users\Admin\AppData\Loca...}, goog:chromeOptions: {debuggerAddress: localhost:54621}, javascriptEnabled: true, networkConnectionEnabled: false, pageLoadStrategy: normal, platform: WINDOWS, platformName: WINDOWS, proxy: Proxy(), setWindowRect: true, strictFileInteractability: false, timeouts: {implicit: 0, pageLoad: 300000, script: 30000}, unhandledPromptBehavior: dismiss and notify, webauthn:extension:largeBlob: true, webauthn:virtualAuthenticators: true}&#10;Session ID: c6278ad7da5e5de68c6b0027cf6133d5&#10;*** Element info: {Using=xpath, value=//*[@id=&quot;page-container&quot;]/div[1]/div/input}" type="org.openqa.selenium.NoSuchElementException">org.openqa.selenium.NoSuchElementException: 
no such element: Unable to locate element: {"method":"xpath","selector":"//*[@id="page-container"]/div[1]/div/input"}
  (Session info: chrome=91.0.4472.124)
For documentation on this error, please visit: http://seleniumhq.org/exceptions/no_such_element.html
Build info: version: '3.12.0', revision: '7c6e0b3', time: '2018-05-08T14:04:26.12Z'
System info: host: 'DESKTOP-496DOAJ', ip: '192.168.28.229', os.name: 'Windows 10', os.arch: 'amd64', os.version: '10.0', java.version: '15.0.2'
Driver info: org.openqa.selenium.chrome.ChromeDriver
Capabilities {acceptInsecureCerts: false, browserName: chrome, browserVersion: 91.0.4472.124, chrome: {chromedriverVersion: 91.0.4472.19 (1bf021f248676..., userDataDir: C:\Users\Admin\AppData\Loca...}, goog:chromeOptions: {debuggerAddress: localhost:54621}, javascriptEnabled: true, networkConnectionEnabled: false, pageLoadStrategy: normal, platform: WINDOWS, platformName: WINDOWS, proxy: Proxy(), setWindowRect: true, strictFileInteractability: false, timeouts: {implicit: 0, pageLoad: 300000, script: 30000}, unhandledPromptBehavior: dismiss and notify, webauthn:extension:largeBlob: true, webauthn:virtualAuthenticators: true}
Session ID: c6278ad7da5e5de68c6b0027cf6133d5
*** Element info: {Using=xpath, value=//*[@id="page-container"]/div[1]/div/input}
</failure>
    <system-err><![CDATA[????????????????????????????????????????????????????????????????????????????
? View your Cucumber Report at:                                            ?
? https://reports.cucumber.io/reports/cd02067b-d101-42ce-aaea-184c9a403fd2 ?
?                                                                          ?
? This report will self-destruct in 24h.                                   ?
? Keep reports forever: https://reports.cucumber.io/profile                ?
????????????????????????????????????????????????????????????????????????????Starting ChromeDriver 91.0.4472.19 (1bf021f248676a0b2ab3ee0561d83a59e424c23e-refs/branch-heads/4472@{#288}) on port 1435
Only local connections are allowed.
Please see https://chromedriver.chromium.org/security-considerations for suggestions on keeping ChromeDriver safe.
ChromeDriver was started successfully.
Jul 12, 2021 7:22:14 PM org.openqa.selenium.remote.ProtocolHandshake createSession
INFO: Detected dialect: W3C
]]></system-err>
  </testcase>
  <testcase name="runScenario" classname="Runner_Files.Forgot_password_negative_scenarios_runner" time="0.021">
    <failure message="no such element: Unable to locate element: {&quot;method&quot;:&quot;xpath&quot;,&quot;selector&quot;:&quot;//*[@id=&quot;page-container&quot;]/div[1]/div/input&quot;}&#10;  (Session info: chrome=91.0.4472.124)&#10;For documentation on this error, please visit: http://seleniumhq.org/exceptions/no_such_element.html&#10;Build info: version: &apos;3.12.0&apos;, revision: &apos;7c6e0b3&apos;, time: &apos;2018-05-08T14:04:26.12Z&apos;&#10;System info: host: &apos;DESKTOP-496DOAJ&apos;, ip: &apos;192.168.28.229&apos;, os.name: &apos;Windows 10&apos;, os.arch: &apos;amd64&apos;, os.version: &apos;10.0&apos;, java.version: &apos;15.0.2&apos;&#10;Driver info: org.openqa.selenium.chrome.ChromeDriver&#10;Capabilities {acceptInsecureCerts: false, browserName: chrome, browserVersion: 91.0.4472.124, chrome: {chromedriverVersion: 91.0.4472.19 (1bf021f248676..., userDataDir: C:\Users\Admin\AppData\Loca...}, goog:chromeOptions: {debuggerAddress: localhost:54621}, javascriptEnabled: true, networkConnectionEnabled: false, pageLoadStrategy: normal, platform: WINDOWS, platformName: WINDOWS, proxy: Proxy(), setWindowRect: true, strictFileInteractability: false, timeouts: {implicit: 0, pageLoad: 300000, script: 30000}, unhandledPromptBehavior: dismiss and notify, webauthn:extension:largeBlob: true, webauthn:virtualAuthenticators: true}&#10;Session ID: c6278ad7da5e5de68c6b0027cf6133d5&#10;*** Element info: {Using=xpath, value=//*[@id=&quot;page-container&quot;]/div[1]/div/input}" type="org.openqa.selenium.NoSuchElementException">org.openqa.selenium.NoSuchElementException: 
no such element: Unable to locate element: {"method":"xpath","selector":"//*[@id="page-container"]/div[1]/div/input"}
  (Session info: chrome=91.0.4472.124)
For documentation on this error, please visit: http://seleniumhq.org/exceptions/no_such_element.html
Build info: version: '3.12.0', revision: '7c6e0b3', time: '2018-05-08T14:04:26.12Z'
System info: host: 'DESKTOP-496DOAJ', ip: '192.168.28.229', os.name: 'Windows 10', os.arch: 'amd64', os.version: '10.0', java.version: '15.0.2'
Driver info: org.openqa.selenium.chrome.ChromeDriver
Capabilities {acceptInsecureCerts: false, browserName: chrome, browserVersion: 91.0.4472.124, chrome: {chromedriverVersion: 91.0.4472.19 (1bf021f248676..., userDataDir: C:\Users\Admin\AppData\Loca...}, goog:chromeOptions: {debuggerAddress: localhost:54621}, javascriptEnabled: true, networkConnectionEnabled: false, pageLoadStrategy: normal, platform: WINDOWS, platformName: WINDOWS, proxy: Proxy(), setWindowRect: true, strictFileInteractability: false, timeouts: {implicit: 0, pageLoad: 300000, script: 30000}, unhandledPromptBehavior: dismiss and notify, webauthn:extension:largeBlob: true, webauthn:virtualAuthenticators: true}
Session ID: c6278ad7da5e5de68c6b0027cf6133d5
*** Element info: {Using=xpath, value=//*[@id="page-container"]/div[1]/div/input}
</failure>
  </testcase>
  <testcase name="runScenario" classname="Runner_Files.Forgot_password_negative_scenarios_runner" time="0.018">
    <failure message="no such element: Unable to locate element: {&quot;method&quot;:&quot;xpath&quot;,&quot;selector&quot;:&quot;//*[@id=&quot;page-container&quot;]/div[1]/div/input&quot;}&#10;  (Session info: chrome=91.0.4472.124)&#10;For documentation on this error, please visit: http://seleniumhq.org/exceptions/no_such_element.html&#10;Build info: version: &apos;3.12.0&apos;, revision: &apos;7c6e0b3&apos;, time: &apos;2018-05-08T14:04:26.12Z&apos;&#10;System info: host: &apos;DESKTOP-496DOAJ&apos;, ip: &apos;192.168.28.229&apos;, os.name: &apos;Windows 10&apos;, os.arch: &apos;amd64&apos;, os.version: &apos;10.0&apos;, java.version: &apos;15.0.2&apos;&#10;Driver info: org.openqa.selenium.chrome.ChromeDriver&#10;Capabilities {acceptInsecureCerts: false, browserName: chrome, browserVersion: 91.0.4472.124, chrome: {chromedriverVersion: 91.0.4472.19 (1bf021f248676..., userDataDir: C:\Users\Admin\AppData\Loca...}, goog:chromeOptions: {debuggerAddress: localhost:54621}, javascriptEnabled: true, networkConnectionEnabled: false, pageLoadStrategy: normal, platform: WINDOWS, platformName: WINDOWS, proxy: Proxy(), setWindowRect: true, strictFileInteractability: false, timeouts: {implicit: 0, pageLoad: 300000, script: 30000}, unhandledPromptBehavior: dismiss and notify, webauthn:extension:largeBlob: true, webauthn:virtualAuthenticators: true}&#10;Session ID: c6278ad7da5e5de68c6b0027cf6133d5&#10;*** Element info: {Using=xpath, value=//*[@id=&quot;page-container&quot;]/div[1]/div/input}" type="org.openqa.selenium.NoSuchElementException">org.openqa.selenium.NoSuchElementException: 
no such element: Unable to locate element: {"method":"xpath","selector":"//*[@id="page-container"]/div[1]/div/input"}
  (Session info: chrome=91.0.4472.124)
For documentation on this error, please visit: http://seleniumhq.org/exceptions/no_such_element.html
Build info: version: '3.12.0', revision: '7c6e0b3', time: '2018-05-08T14:04:26.12Z'
System info: host: 'DESKTOP-496DOAJ', ip: '192.168.28.229', os.name: 'Windows 10', os.arch: 'amd64', os.version: '10.0', java.version: '15.0.2'
Driver info: org.openqa.selenium.chrome.ChromeDriver
Capabilities {acceptInsecureCerts: false, browserName: chrome, browserVersion: 91.0.4472.124, chrome: {chromedriverVersion: 91.0.4472.19 (1bf021f248676..., userDataDir: C:\Users\Admin\AppData\Loca...}, goog:chromeOptions: {debuggerAddress: localhost:54621}, javascriptEnabled: true, networkConnectionEnabled: false, pageLoadStrategy: normal, platform: WINDOWS, platformName: WINDOWS, proxy: Proxy(), setWindowRect: true, strictFileInteractability: false, timeouts: {implicit: 0, pageLoad: 300000, script: 30000}, unhandledPromptBehavior: dismiss and notify, webauthn:extension:largeBlob: true, webauthn:virtualAuthenticators: true}
Session ID: c6278ad7da5e5de68c6b0027cf6133d5
*** Element info: {Using=xpath, value=//*[@id="page-container"]/div[1]/div/input}
</failure>
  </testcase>
  <testcase name="runScenario" classname="Runner_Files.Forgot_password_negative_scenarios_runner" time="0.418"/>
  <testcase name="runScenario" classname="Runner_Files.Forgot_password_negative_scenarios_runner" time="0.038">
    <failure message="The step &quot;Enter non registered phone number in the phone number field&quot; is undefined. You can implement it using the snippet(s) below:&#10;&#10;@When(&quot;Enter non registered phone number in the phone number field&quot;)&#10;public void enter_non_registered_phone_number_in_the_phone_number_field() {&#10;    // Write code here that turns the phrase above into concrete actions&#10;    throw new io.cucumber.java.PendingException();&#10;}&#10;" type="io.cucumber.testng.UndefinedStepException">io.cucumber.testng.UndefinedStepException: 
The step "Enter non registered phone number in the phone number field" is undefined. You can implement it using the snippet(s) below:

@When("Enter non registered phone number in the phone number field")
public void enter_non_registered_phone_number_in_the_phone_number_field() {
    // Write code here that turns the phrase above into concrete actions
    throw new io.cucumber.java.PendingException();
}

</failure>
  </testcase>
  <testcase name="runScenario" classname="Runner_Files.Forgot_password_positive_scenarios_runner" time="17.854"/>
  <testcase name="runScenario" classname="Runner_Files.Forgot_password_positive_scenarios_runner" time="0.015">
    <failure message="no such element: Unable to locate element: {&quot;method&quot;:&quot;xpath&quot;,&quot;selector&quot;:&quot;//*[@id=&quot;page-container&quot;]/div[1]/div/input&quot;}&#10;  (Session info: chrome=91.0.4472.124)&#10;For documentation on this error, please visit: http://seleniumhq.org/exceptions/no_such_element.html&#10;Build info: version: &apos;3.12.0&apos;, revision: &apos;7c6e0b3&apos;, time: &apos;2018-05-08T14:04:26.12Z&apos;&#10;System info: host: &apos;DESKTOP-496DOAJ&apos;, ip: &apos;192.168.28.229&apos;, os.name: &apos;Windows 10&apos;, os.arch: &apos;amd64&apos;, os.version: &apos;10.0&apos;, java.version: &apos;15.0.2&apos;&#10;Driver info: org.openqa.selenium.chrome.ChromeDriver&#10;Capabilities {acceptInsecureCerts: false, browserName: chrome, browserVersion: 91.0.4472.124, chrome: {chromedriverVersion: 91.0.4472.19 (1bf021f248676..., userDataDir: C:\Users\Admin\AppData\Loca...}, goog:chromeOptions: {debuggerAddress: localhost:53465}, javascriptEnabled: true, networkConnectionEnabled: false, pageLoadStrategy: normal, platform: WINDOWS, platformName: WINDOWS, proxy: Proxy(), setWindowRect: true, strictFileInteractability: false, timeouts: {implicit: 0, pageLoad: 300000, script: 30000}, unhandledPromptBehavior: dismiss and notify, webauthn:extension:largeBlob: true, webauthn:virtualAuthenticators: true}&#10;Session ID: e611ac9f59b2aa2cdb8d2668abeeef8e&#10;*** Element info: {Using=xpath, value=//*[@id=&quot;page-container&quot;]/div[1]/div/input}" type="org.openqa.selenium.NoSuchElementException">org.openqa.selenium.NoSuchElementException: 
no such element: Unable to locate element: {"method":"xpath","selector":"//*[@id="page-container"]/div[1]/div/input"}
  (Session info: chrome=91.0.4472.124)
For documentation on this error, please visit: http://seleniumhq.org/exceptions/no_such_element.html
Build info: version: '3.12.0', revision: '7c6e0b3', time: '2018-05-08T14:04:26.12Z'
System info: host: 'DESKTOP-496DOAJ', ip: '192.168.28.229', os.name: 'Windows 10', os.arch: 'amd64', os.version: '10.0', java.version: '15.0.2'
Driver info: org.openqa.selenium.chrome.ChromeDriver
Capabilities {acceptInsecureCerts: false, browserName: chrome, browserVersion: 91.0.4472.124, chrome: {chromedriverVersion: 91.0.4472.19 (1bf021f248676..., userDataDir: C:\Users\Admin\AppData\Loca...}, goog:chromeOptions: {debuggerAddress: localhost:53465}, javascriptEnabled: true, networkConnectionEnabled: false, pageLoadStrategy: normal, platform: WINDOWS, platformName: WINDOWS, proxy: Proxy(), setWindowRect: true, strictFileInteractability: false, timeouts: {implicit: 0, pageLoad: 300000, script: 30000}, unhandledPromptBehavior: dismiss and notify, webauthn:extension:largeBlob: true, webauthn:virtualAuthenticators: true}
Session ID: e611ac9f59b2aa2cdb8d2668abeeef8e
*** Element info: {Using=xpath, value=//*[@id="page-container"]/div[1]/div/input}
</failure>
  </testcase>
  <testcase name="runScenario" classname="Runner_Files.Forgot_password_positive_scenarios_runner" time="0.003">
    <failure message="The step &quot;Click on Sign up link&quot; is undefined. You can implement it using the snippet(s) below:&#10;&#10;@When(&quot;Click on Sign up link&quot;)&#10;public void click_on_sign_up_link() {&#10;    // Write code here that turns the phrase above into concrete actions&#10;    throw new io.cucumber.java.PendingException();&#10;}&#10;" type="io.cucumber.testng.UndefinedStepException">io.cucumber.testng.UndefinedStepException: 
The step "Click on Sign up link" is undefined. You can implement it using the snippet(s) below:

@When("Click on Sign up link")
public void click_on_sign_up_link() {
    // Write code here that turns the phrase above into concrete actions
    throw new io.cucumber.java.PendingException();
}

</failure>
  </testcase>
</testsuite>