<?xml version="1.0" encoding="UTF-8"?>
<!-- Generated by org.testng.reporters.JUnitReportReporter -->
<testsuite hostname="DESKTOP-496DOAJ" failures="0" tests="16" name="Runner_Files.Request_second_opinion_negative_scenarios_runner" time="46.585" errors="1" timestamp="2021-07-12T19:22:53 IST" skipped="0">
  <testcase classname="Runner_Files.Request_second_opinion_negative_scenarios_runner" name="runScenario" time="2.122"/>
  <system-out/>
  <testcase classname="Runner_Files.Request_second_opinion_negative_scenarios_runner" name="runScenario" time="0.007"/>
  <system-out/>
  <testcase classname="Runner_Files.Request_second_opinion_negative_scenarios_runner" name="runScenario" time="0.161"/>
  <system-out/>
  <testcase classname="Runner_Files.Request_second_opinion_negative_scenarios_runner" name="runScenario" time="0.006"/>
  <system-out/>
  <testcase classname="Runner_Files.Request_second_opinion_negative_scenarios_runner" name="runScenario" time="3.819"/>
  <system-out/>
  <testcase classname="Runner_Files.Request_second_opinion_negative_scenarios_runner" name="runScenario" time="14.417"/>
  <system-out/>
  <testcase classname="Runner_Files.Request_second_opinion_negative_scenarios_runner" name="runScenario" time="0.146"/>
  <system-out/>
  <testcase classname="Runner_Files.Request_second_opinion_negative_scenarios_runner" name="runScenario" time="4.026"/>
  <system-out/>
  <testcase classname="Runner_Files.Request_second_opinion_negative_scenarios_runner" name="runScenario" time="4.352">
    <error message="invalid session id
Build info: version: &#039;3.12.0&#039;, revision: &#039;7c6e0b3&#039;, time: &#039;2018-05-08T14:04:26.12Z&#039;
System info: host: &#039;DESKTOP-496DOAJ&#039;, ip: &#039;192.168.28.229&#039;, os.name: &#039;Windows 10&#039;, os.arch: &#039;amd64&#039;, os.version: &#039;10.0&#039;, java.version: &#039;15.0.2&#039;
Driver info: org.openqa.selenium.chrome.ChromeDriver
Capabilities {acceptInsecureCerts: false, browserName: chrome, browserVersion: 91.0.4472.124, chrome: {chromedriverVersion: 91.0.4472.19 (1bf021f248676..., userDataDir: C:\Users\Admin\AppData\Loca...}, goog:chromeOptions: {debuggerAddress: localhost:61421}, javascriptEnabled: true, networkConnectionEnabled: false, pageLoadStrategy: normal, platform: WINDOWS, platformName: WINDOWS, proxy: Proxy(), setWindowRect: true, strictFileInteractability: false, timeouts: {implicit: 0, pageLoad: 300000, script: 30000}, unhandledPromptBehavior: dismiss and notify, webauthn:extension:largeBlob: true, webauthn:virtualAuthenticators: true}
Session ID: 352a318dbe253e73b037198ecadac2b8" type="org.openqa.selenium.NoSuchSessionException">
      <![CDATA[org.openqa.selenium.NoSuchSessionException: invalid session id
Build info: version: '3.12.0', revision: '7c6e0b3', time: '2018-05-08T14:04:26.12Z'
System info: host: 'DESKTOP-496DOAJ', ip: '192.168.28.229', os.name: 'Windows 10', os.arch: 'amd64', os.version: '10.0', java.version: '15.0.2'
Driver info: org.openqa.selenium.chrome.ChromeDriver
Capabilities {acceptInsecureCerts: false, browserName: chrome, browserVersion: 91.0.4472.124, chrome: {chromedriverVersion: 91.0.4472.19 (1bf021f248676..., userDataDir: C:\Users\Admin\AppData\Loca...}, goog:chromeOptions: {debuggerAddress: localhost:61421}, javascriptEnabled: true, networkConnectionEnabled: false, pageLoadStrategy: normal, platform: WINDOWS, platformName: WINDOWS, proxy: Proxy(), setWindowRect: true, strictFileInteractability: false, timeouts: {implicit: 0, pageLoad: 300000, script: 30000}, unhandledPromptBehavior: dismiss and notify, webauthn:extension:largeBlob: true, webauthn:virtualAuthenticators: true}
Session ID: 352a318dbe253e73b037198ecadac2b8
at java.base/jdk.internal.reflect.NativeConstructorAccessorImpl.newInstance0(Native Method)
at java.base/jdk.internal.reflect.NativeConstructorAccessorImpl.newInstance(NativeConstructorAccessorImpl.java:64)
at java.base/jdk.internal.reflect.DelegatingConstructorAccessorImpl.newInstance(DelegatingConstructorAccessorImpl.java:45)
at java.base/java.lang.reflect.Constructor.newInstanceWithCaller(Constructor.java:500)
at java.base/java.lang.reflect.Constructor.newInstance(Constructor.java:481)
at org.openqa.selenium.remote.http.W3CHttpResponseCodec.createException(W3CHttpResponseCodec.java:187)
at org.openqa.selenium.remote.http.W3CHttpResponseCodec.decode(W3CHttpResponseCodec.java:122)
at org.openqa.selenium.remote.http.W3CHttpResponseCodec.decode(W3CHttpResponseCodec.java:49)
at org.openqa.selenium.remote.HttpCommandExecutor.execute(HttpCommandExecutor.java:158)
at org.openqa.selenium.remote.service.DriverCommandExecutor.execute(DriverCommandExecutor.java:83)
at org.openqa.selenium.remote.RemoteWebDriver.execute(RemoteWebDriver.java:543)
at org.openqa.selenium.remote.RemoteWebDriver.execute(RemoteWebDriver.java:600)
at org.openqa.selenium.remote.RemoteWebDriver.getScreenshotAs(RemoteWebDriver.java:289)
at Reusable_Functions.Generic_function.takeScreenShot(Generic_function.java:284)
at Request_second_opinion_negative_scenarios.Request_second_opinion_negative_scenarios.uncheckproceed(Request_second_opinion_negative_scenarios.java:439)
at âœ½.unable to clicks on 'Proceed' button(file:///C:/Users/Admin/Downloads/mph-web-qa-automation/src/main/java/Request_second_opinion_negative_scenarios/Request_second_opinion_negative_scenarios.feature:66)
]]>
    </error>
  </testcase> <!-- runScenario -->
  <system-out/>
  <testcase classname="Runner_Files.Request_second_opinion_negative_scenarios_runner" name="runScenario" time="0.864"/>
  <system-out/>
  <testcase classname="Runner_Files.Request_second_opinion_negative_scenarios_runner" name="runScenario" time="4.960"/>
  <system-out/>
  <testcase classname="Runner_Files.Request_second_opinion_negative_scenarios_runner" name="runScenario" time="0.125"/>
  <system-out/>
  <testcase classname="Runner_Files.Request_second_opinion_negative_scenarios_runner" name="runScenario" time="4.248"/>
  <system-out/>
  <testcase classname="Runner_Files.Request_second_opinion_negative_scenarios_runner" name="runScenario" time="3.674"/>
  <system-out/>
  <testcase classname="Runner_Files.Request_second_opinion_negative_scenarios_runner" name="runScenario" time="3.650"/>
  <system-out/>
  <testcase classname="Runner_Files.Request_second_opinion_negative_scenarios_runner" name="runScenario" time="0.008"/>
  <system-out/>
</testsuite> <!-- Runner_Files.Request_second_opinion_negative_scenarios_runner -->
